[0.014s] Invoking command in '/home/songdavid/urp_ws1/build/urp_cvt_interfaces': /usr/bin/cmake /home/songdavid/urp_ws1/src/urp_cvt_interfaces -DCATKIN_INSTALL_INTO_PREFIX_ROOT=0 -DCMAKE_INSTALL_PREFIX=/home/songdavid/urp_ws1/install/urp_cvt_interfaces
[0.223s] -- The C compiler identification is GNU 11.4.0
[0.361s] -- The CXX compiler identification is GNU 11.4.0
[0.370s] -- Detecting C compiler ABI info
[0.498s] -- Detecting C compiler ABI info - done
[0.512s] -- Check for working C compiler: /usr/bin/cc - skipped
[0.512s] -- Detecting C compile features
[0.513s] -- Detecting C compile features - done
[0.517s] -- Detecting CXX compiler ABI info
[0.592s] -- Detecting CXX compiler ABI info - done
[0.600s] -- Check for working CXX compiler: /usr/bin/c++ - skipped
[0.600s] -- Detecting CXX compile features
[0.600s] -- Detecting CXX compile features - done
[0.606s] -- Found ament_cmake: 1.3.11 (/opt/ros/humble/share/ament_cmake/cmake)
[0.770s] -- Found Python3: /usr/bin/python3 (found version "3.10.12") found components: Interpreter 
[0.889s] -- Found rosidl_default_generators: 1.2.0 (/opt/ros/humble/share/rosidl_default_generators/cmake)
[0.897s] -- Using all available rosidl_typesupport_c: rosidl_typesupport_fastrtps_c;rosidl_typesupport_introspection_c
[0.910s] -- Found rosidl_adapter: 3.1.6 (/opt/ros/humble/share/rosidl_adapter/cmake)
[0.969s] -- Using all available rosidl_typesupport_cpp: rosidl_typesupport_fastrtps_cpp;rosidl_typesupport_introspection_cpp
[1.019s] -- Found geometry_msgs: 4.8.0 (/opt/ros/humble/share/geometry_msgs/cmake)
[1.076s] -- CMAKE_CURRENT_SOURCE_DIR = /home/songdavid/urp_ws1/src/urp_cvt_interfaces
[1.077s] -- Checking SRV file: srv/GenerateCVTSamples.srv -> /home/songdavid/urp_ws1/src/urp_cvt_interfaces/srv/GenerateCVTSamples.srv
[1.369s] -- Found ament_cmake_ros: 0.10.0 (/opt/ros/humble/share/ament_cmake_ros/cmake)
[1.625s] -- Using all available rosidl_typesupport_c: rosidl_typesupport_fastrtps_c;rosidl_typesupport_introspection_c
[1.951s] -- Using all available rosidl_typesupport_cpp: rosidl_typesupport_fastrtps_cpp;rosidl_typesupport_introspection_cpp
[1.975s] -- Found PythonInterp: /usr/bin/python3 (found suitable version "3.10.12", minimum required is "3.6") 
[1.977s] -- Found python_cmake_module: 0.10.0 (/opt/ros/humble/share/python_cmake_module/cmake)
[2.005s] -- Found PythonLibs: /usr/lib/x86_64-linux-gnu/libpython3.10.so (found suitable version "3.10.12", minimum required is "3.5") 
[2.005s] -- Using PYTHON_EXECUTABLE: /usr/bin/python3
[2.005s] -- Using PYTHON_INCLUDE_DIRS: /usr/include/python3.10
[2.005s] -- Using PYTHON_LIBRARIES: /usr/lib/x86_64-linux-gnu/libpython3.10.so
[2.028s] -- Found PythonExtra: .so  
[2.102s] -- Configuring done
[2.133s] -- Generating done
[2.135s] [33mCMake Warning:
[2.135s]   Manually-specified variables were not used by the project:
[2.135s] 
[2.135s]     CATKIN_INSTALL_INTO_PREFIX_ROOT
[2.135s] 
[2.136s] [0m
[2.145s] -- Build files have been written to: /home/songdavid/urp_ws1/build/urp_cvt_interfaces
[2.152s] Invoked command in '/home/songdavid/urp_ws1/build/urp_cvt_interfaces' returned '0': /usr/bin/cmake /home/songdavid/urp_ws1/src/urp_cvt_interfaces -DCATKIN_INSTALL_INTO_PREFIX_ROOT=0 -DCMAKE_INSTALL_PREFIX=/home/songdavid/urp_ws1/install/urp_cvt_interfaces
[2.154s] Invoking command in '/home/songdavid/urp_ws1/build/urp_cvt_interfaces': /usr/bin/cmake --build /home/songdavid/urp_ws1/build/urp_cvt_interfaces -- -j8 -l8
[2.189s] [  3%] [34m[1mGenerating C code for ROS interfaces[0m
[2.199s] [  6%] [34m[1mGenerating C++ code for ROS interfaces[0m
[2.206s] [  6%] Built target ament_cmake_python_copy_urp_cvt_interfaces
[2.467s] running egg_info
[2.468s] creating urp_cvt_interfaces.egg-info
[2.468s] writing urp_cvt_interfaces.egg-info/PKG-INFO
[2.468s] writing dependency_links to urp_cvt_interfaces.egg-info/dependency_links.txt
[2.468s] writing top-level names to urp_cvt_interfaces.egg-info/top_level.txt
[2.468s] writing manifest file 'urp_cvt_interfaces.egg-info/SOURCES.txt'
[2.472s] reading manifest file 'urp_cvt_interfaces.egg-info/SOURCES.txt'
[2.472s] writing manifest file 'urp_cvt_interfaces.egg-info/SOURCES.txt'
[2.514s] [  6%] Built target ament_cmake_python_build_urp_cvt_interfaces_egg
[2.522s] [  6%] Built target urp_cvt_interfaces__cpp
[2.524s] [  9%] [32mBuilding C object CMakeFiles/urp_cvt_interfaces__rosidl_generator_c.dir/rosidl_generator_c/urp_cvt_interfaces/srv/detail/generate_cvt_samples__functions.c.o[0m
[2.532s] [ 19%] [34m[1mGenerating C++ introspection for ROS interfaces[0m
[2.532s] [ 19%] [34m[1mGenerating C++ type support for eProsima Fast-RTPS[0m
[2.532s] [ 19%] [34m[1mGenerating C++ type support dispatch for ROS interfaces[0m
[2.617s] [ 22%] [32m[1mLinking C shared library liburp_cvt_interfaces__rosidl_generator_c.so[0m
[2.655s] [ 22%] Built target urp_cvt_interfaces__rosidl_generator_c
[2.667s] [ 25%] [34m[1mGenerating C introspection for ROS interfaces[0m
[2.667s] [ 32%] [34m[1mGenerating C type support for eProsima Fast-RTPS[0m
[2.668s] [ 32%] [34m[1mGenerating C type support dispatch for ROS interfaces[0m
[2.819s] [ 35%] [32mBuilding CXX object CMakeFiles/urp_cvt_interfaces__rosidl_typesupport_introspection_cpp.dir/rosidl_typesupport_introspection_cpp/urp_cvt_interfaces/srv/detail/generate_cvt_samples__type_support.cpp.o[0m
[2.878s] [ 38%] [32mBuilding CXX object CMakeFiles/urp_cvt_interfaces__rosidl_typesupport_cpp.dir/rosidl_typesupport_cpp/urp_cvt_interfaces/srv/generate_cvt_samples__type_support.cpp.o[0m
[2.952s] [ 41%] [32mBuilding CXX object CMakeFiles/urp_cvt_interfaces__rosidl_typesupport_fastrtps_cpp.dir/rosidl_typesupport_fastrtps_cpp/urp_cvt_interfaces/srv/detail/dds_fastrtps/generate_cvt_samples__type_support.cpp.o[0m
[3.011s] [ 45%] [32mBuilding CXX object CMakeFiles/urp_cvt_interfaces__rosidl_typesupport_fastrtps_c.dir/rosidl_typesupport_fastrtps_c/urp_cvt_interfaces/srv/detail/generate_cvt_samples__type_support_c.cpp.o[0m
[3.019s] [ 48%] [32mBuilding CXX object CMakeFiles/urp_cvt_interfaces__rosidl_typesupport_c.dir/rosidl_typesupport_c/urp_cvt_interfaces/srv/generate_cvt_samples__type_support.cpp.o[0m
[3.066s] [ 51%] [32m[1mLinking CXX shared library liburp_cvt_interfaces__rosidl_typesupport_c.so[0m
[3.084s] [ 54%] [32mBuilding C object CMakeFiles/urp_cvt_interfaces__rosidl_typesupport_introspection_c.dir/rosidl_typesupport_introspection_c/urp_cvt_interfaces/srv/detail/generate_cvt_samples__type_support.c.o[0m
[3.119s] [ 54%] Built target urp_cvt_interfaces__rosidl_typesupport_c
[3.135s] [ 58%] [32m[1mLinking C shared library liburp_cvt_interfaces__rosidl_typesupport_introspection_c.so[0m
[3.166s] [ 58%] Built target urp_cvt_interfaces__rosidl_typesupport_introspection_c
[3.230s] [ 61%] [32m[1mLinking CXX shared library liburp_cvt_interfaces__rosidl_typesupport_cpp.so[0m
[3.270s] [ 61%] Built target urp_cvt_interfaces__rosidl_typesupport_cpp
[3.295s] [ 64%] [32m[1mLinking CXX shared library liburp_cvt_interfaces__rosidl_typesupport_introspection_cpp.so[0m
[3.365s] [ 64%] Built target urp_cvt_interfaces__rosidl_typesupport_introspection_cpp
[3.385s] [ 67%] [32m[1mLinking CXX shared library liburp_cvt_interfaces__rosidl_typesupport_fastrtps_c.so[0m
[3.466s] [ 70%] Built target urp_cvt_interfaces__rosidl_typesupport_fastrtps_c
[3.466s] [ 70%] [32m[1mLinking CXX shared library liburp_cvt_interfaces__rosidl_typesupport_fastrtps_cpp.so[0m
[3.543s] [ 70%] Built target urp_cvt_interfaces__rosidl_typesupport_fastrtps_cpp
[3.563s] [ 70%] Built target urp_cvt_interfaces
[3.582s] [ 74%] [34m[1mGenerating Python code for ROS interfaces[0m
[3.985s] [ 74%] Built target urp_cvt_interfaces__py
[4.004s] [ 77%] [32mBuilding C object CMakeFiles/urp_cvt_interfaces__rosidl_generator_py.dir/rosidl_generator_py/urp_cvt_interfaces/srv/_generate_cvt_samples_s.c.o[0m
[4.150s] [ 80%] [32m[1mLinking C shared library rosidl_generator_py/urp_cvt_interfaces/liburp_cvt_interfaces__rosidl_generator_py.so[0m
[4.189s] [ 80%] Built target urp_cvt_interfaces__rosidl_generator_py
[4.207s] [ 90%] [32mBuilding C object CMakeFiles/urp_cvt_interfaces__rosidl_typesupport_c__pyext.dir/rosidl_generator_py/urp_cvt_interfaces/_urp_cvt_interfaces_s.ep.rosidl_typesupport_c.c.o[0m
[4.207s] [ 90%] [32mBuilding C object CMakeFiles/urp_cvt_interfaces__rosidl_typesupport_fastrtps_c__pyext.dir/rosidl_generator_py/urp_cvt_interfaces/_urp_cvt_interfaces_s.ep.rosidl_typesupport_fastrtps_c.c.o[0m
[4.207s] [ 90%] [32mBuilding C object CMakeFiles/urp_cvt_interfaces__rosidl_typesupport_introspection_c__pyext.dir/rosidl_generator_py/urp_cvt_interfaces/_urp_cvt_interfaces_s.ep.rosidl_typesupport_introspection_c.c.o[0m
[4.300s] [100%] [32m[1mLinking C shared library rosidl_generator_py/urp_cvt_interfaces/urp_cvt_interfaces_s__rosidl_typesupport_c.cpython-310-x86_64-linux-gnu.so[0m
[4.300s] [100%] [32m[1mLinking C shared library rosidl_generator_py/urp_cvt_interfaces/urp_cvt_interfaces_s__rosidl_typesupport_fastrtps_c.cpython-310-x86_64-linux-gnu.so[0m
[4.300s] [100%] [32m[1mLinking C shared library rosidl_generator_py/urp_cvt_interfaces/urp_cvt_interfaces_s__rosidl_typesupport_introspection_c.cpython-310-x86_64-linux-gnu.so[0m
[4.337s] [100%] Built target urp_cvt_interfaces__rosidl_typesupport_c__pyext
[4.337s] [100%] Built target urp_cvt_interfaces__rosidl_typesupport_fastrtps_c__pyext
[4.337s] [100%] Built target urp_cvt_interfaces__rosidl_typesupport_introspection_c__pyext
[4.348s] Invoked command in '/home/songdavid/urp_ws1/build/urp_cvt_interfaces' returned '0': /usr/bin/cmake --build /home/songdavid/urp_ws1/build/urp_cvt_interfaces -- -j8 -l8
[4.358s] Invoking command in '/home/songdavid/urp_ws1/build/urp_cvt_interfaces': /usr/bin/cmake --install /home/songdavid/urp_ws1/build/urp_cvt_interfaces
[4.364s] -- Install configuration: ""
[4.365s] -- Installing: /home/songdavid/urp_ws1/install/urp_cvt_interfaces/share/ament_index/resource_index/rosidl_interfaces/urp_cvt_interfaces
[4.365s] -- Installing: /home/songdavid/urp_ws1/install/urp_cvt_interfaces/include/urp_cvt_interfaces/urp_cvt_interfaces
[4.365s] -- Installing: /home/songdavid/urp_ws1/install/urp_cvt_interfaces/include/urp_cvt_interfaces/urp_cvt_interfaces/srv
[4.365s] -- Installing: /home/songdavid/urp_ws1/install/urp_cvt_interfaces/include/urp_cvt_interfaces/urp_cvt_interfaces/srv/generate_cvt_samples.h
[4.365s] -- Installing: /home/songdavid/urp_ws1/install/urp_cvt_interfaces/include/urp_cvt_interfaces/urp_cvt_interfaces/srv/detail
[4.365s] -- Installing: /home/songdavid/urp_ws1/install/urp_cvt_interfaces/include/urp_cvt_interfaces/urp_cvt_interfaces/srv/detail/generate_cvt_samples__functions.h
[4.365s] -- Installing: /home/songdavid/urp_ws1/install/urp_cvt_interfaces/include/urp_cvt_interfaces/urp_cvt_interfaces/srv/detail/generate_cvt_samples__functions.c
[4.365s] -- Installing: /home/songdavid/urp_ws1/install/urp_cvt_interfaces/include/urp_cvt_interfaces/urp_cvt_interfaces/srv/detail/generate_cvt_samples__type_support.h
[4.365s] -- Installing: /home/songdavid/urp_ws1/install/urp_cvt_interfaces/include/urp_cvt_interfaces/urp_cvt_interfaces/srv/detail/generate_cvt_samples__struct.h
[4.366s] -- Installing: /home/songdavid/urp_ws1/install/urp_cvt_interfaces/include/urp_cvt_interfaces/urp_cvt_interfaces/msg
[4.366s] -- Installing: /home/songdavid/urp_ws1/install/urp_cvt_interfaces/include/urp_cvt_interfaces/urp_cvt_interfaces/msg/rosidl_generator_c__visibility_control.h
[4.366s] -- Installing: /home/songdavid/urp_ws1/install/urp_cvt_interfaces/share/urp_cvt_interfaces/environment/library_path.sh
[4.366s] -- Installing: /home/songdavid/urp_ws1/install/urp_cvt_interfaces/share/urp_cvt_interfaces/environment/library_path.dsv
[4.366s] -- Installing: /home/songdavid/urp_ws1/install/urp_cvt_interfaces/lib/liburp_cvt_interfaces__rosidl_generator_c.so
[4.366s] -- Set runtime path of "/home/songdavid/urp_ws1/install/urp_cvt_interfaces/lib/liburp_cvt_interfaces__rosidl_generator_c.so" to ""
[4.366s] -- Up-to-date: /home/songdavid/urp_ws1/install/urp_cvt_interfaces/include/urp_cvt_interfaces/urp_cvt_interfaces
[4.366s] -- Up-to-date: /home/songdavid/urp_ws1/install/urp_cvt_interfaces/include/urp_cvt_interfaces/urp_cvt_interfaces/srv
[4.366s] -- Up-to-date: /home/songdavid/urp_ws1/install/urp_cvt_interfaces/include/urp_cvt_interfaces/urp_cvt_interfaces/srv/detail
[4.366s] -- Installing: /home/songdavid/urp_ws1/install/urp_cvt_interfaces/include/urp_cvt_interfaces/urp_cvt_interfaces/srv/detail/generate_cvt_samples__rosidl_typesupport_fastrtps_c.h
[4.367s] -- Up-to-date: /home/songdavid/urp_ws1/install/urp_cvt_interfaces/include/urp_cvt_interfaces/urp_cvt_interfaces/msg
[4.367s] -- Installing: /home/songdavid/urp_ws1/install/urp_cvt_interfaces/include/urp_cvt_interfaces/urp_cvt_interfaces/msg/rosidl_typesupport_fastrtps_c__visibility_control.h
[4.367s] -- Installing: /home/songdavid/urp_ws1/install/urp_cvt_interfaces/lib/liburp_cvt_interfaces__rosidl_typesupport_fastrtps_c.so
[4.367s] -- Set runtime path of "/home/songdavid/urp_ws1/install/urp_cvt_interfaces/lib/liburp_cvt_interfaces__rosidl_typesupport_fastrtps_c.so" to ""
[4.367s] -- Up-to-date: /home/songdavid/urp_ws1/install/urp_cvt_interfaces/include/urp_cvt_interfaces/urp_cvt_interfaces
[4.367s] -- Up-to-date: /home/songdavid/urp_ws1/install/urp_cvt_interfaces/include/urp_cvt_interfaces/urp_cvt_interfaces/srv
[4.367s] -- Up-to-date: /home/songdavid/urp_ws1/install/urp_cvt_interfaces/include/urp_cvt_interfaces/urp_cvt_interfaces/srv/detail
[4.368s] -- Installing: /home/songdavid/urp_ws1/install/urp_cvt_interfaces/include/urp_cvt_interfaces/urp_cvt_interfaces/srv/detail/generate_cvt_samples__rosidl_typesupport_introspection_c.h
[4.368s] -- Installing: /home/songdavid/urp_ws1/install/urp_cvt_interfaces/include/urp_cvt_interfaces/urp_cvt_interfaces/srv/detail/generate_cvt_samples__type_support.c
[4.368s] -- Up-to-date: /home/songdavid/urp_ws1/install/urp_cvt_interfaces/include/urp_cvt_interfaces/urp_cvt_interfaces/msg
[4.368s] -- Installing: /home/songdavid/urp_ws1/install/urp_cvt_interfaces/include/urp_cvt_interfaces/urp_cvt_interfaces/msg/rosidl_typesupport_introspection_c__visibility_control.h
[4.368s] -- Installing: /home/songdavid/urp_ws1/install/urp_cvt_interfaces/lib/liburp_cvt_interfaces__rosidl_typesupport_introspection_c.so
[4.368s] -- Set runtime path of "/home/songdavid/urp_ws1/install/urp_cvt_interfaces/lib/liburp_cvt_interfaces__rosidl_typesupport_introspection_c.so" to ""
[4.369s] -- Installing: /home/songdavid/urp_ws1/install/urp_cvt_interfaces/lib/liburp_cvt_interfaces__rosidl_typesupport_c.so
[4.369s] -- Set runtime path of "/home/songdavid/urp_ws1/install/urp_cvt_interfaces/lib/liburp_cvt_interfaces__rosidl_typesupport_c.so" to ""
[4.369s] -- Up-to-date: /home/songdavid/urp_ws1/install/urp_cvt_interfaces/include/urp_cvt_interfaces/urp_cvt_interfaces
[4.369s] -- Up-to-date: /home/songdavid/urp_ws1/install/urp_cvt_interfaces/include/urp_cvt_interfaces/urp_cvt_interfaces/srv
[4.369s] -- Installing: /home/songdavid/urp_ws1/install/urp_cvt_interfaces/include/urp_cvt_interfaces/urp_cvt_interfaces/srv/generate_cvt_samples.hpp
[4.369s] -- Up-to-date: /home/songdavid/urp_ws1/install/urp_cvt_interfaces/include/urp_cvt_interfaces/urp_cvt_interfaces/srv/detail
[4.369s] -- Installing: /home/songdavid/urp_ws1/install/urp_cvt_interfaces/include/urp_cvt_interfaces/urp_cvt_interfaces/srv/detail/generate_cvt_samples__traits.hpp
[4.369s] -- Installing: /home/songdavid/urp_ws1/install/urp_cvt_interfaces/include/urp_cvt_interfaces/urp_cvt_interfaces/srv/detail/generate_cvt_samples__struct.hpp
[4.369s] -- Installing: /home/songdavid/urp_ws1/install/urp_cvt_interfaces/include/urp_cvt_interfaces/urp_cvt_interfaces/srv/detail/generate_cvt_samples__type_support.hpp
[4.370s] -- Installing: /home/songdavid/urp_ws1/install/urp_cvt_interfaces/include/urp_cvt_interfaces/urp_cvt_interfaces/srv/detail/generate_cvt_samples__builder.hpp
[4.370s] -- Up-to-date: /home/songdavid/urp_ws1/install/urp_cvt_interfaces/include/urp_cvt_interfaces/urp_cvt_interfaces/msg
[4.370s] -- Installing: /home/songdavid/urp_ws1/install/urp_cvt_interfaces/include/urp_cvt_interfaces/urp_cvt_interfaces/msg/rosidl_generator_cpp__visibility_control.hpp
[4.370s] -- Up-to-date: /home/songdavid/urp_ws1/install/urp_cvt_interfaces/include/urp_cvt_interfaces/urp_cvt_interfaces
[4.370s] -- Up-to-date: /home/songdavid/urp_ws1/install/urp_cvt_interfaces/include/urp_cvt_interfaces/urp_cvt_interfaces/srv
[4.370s] -- Up-to-date: /home/songdavid/urp_ws1/install/urp_cvt_interfaces/include/urp_cvt_interfaces/urp_cvt_interfaces/srv/detail
[4.370s] -- Installing: /home/songdavid/urp_ws1/install/urp_cvt_interfaces/include/urp_cvt_interfaces/urp_cvt_interfaces/srv/detail/dds_fastrtps
[4.370s] -- Installing: /home/songdavid/urp_ws1/install/urp_cvt_interfaces/include/urp_cvt_interfaces/urp_cvt_interfaces/srv/detail/generate_cvt_samples__rosidl_typesupport_fastrtps_cpp.hpp
[4.370s] -- Up-to-date: /home/songdavid/urp_ws1/install/urp_cvt_interfaces/include/urp_cvt_interfaces/urp_cvt_interfaces/msg
[4.370s] -- Installing: /home/songdavid/urp_ws1/install/urp_cvt_interfaces/include/urp_cvt_interfaces/urp_cvt_interfaces/msg/rosidl_typesupport_fastrtps_cpp__visibility_control.h
[4.370s] -- Installing: /home/songdavid/urp_ws1/install/urp_cvt_interfaces/lib/liburp_cvt_interfaces__rosidl_typesupport_fastrtps_cpp.so
[4.371s] -- Set runtime path of "/home/songdavid/urp_ws1/install/urp_cvt_interfaces/lib/liburp_cvt_interfaces__rosidl_typesupport_fastrtps_cpp.so" to ""
[4.371s] -- Up-to-date: /home/songdavid/urp_ws1/install/urp_cvt_interfaces/include/urp_cvt_interfaces/urp_cvt_interfaces
[4.371s] -- Up-to-date: /home/songdavid/urp_ws1/install/urp_cvt_interfaces/include/urp_cvt_interfaces/urp_cvt_interfaces/srv
[4.371s] -- Up-to-date: /home/songdavid/urp_ws1/install/urp_cvt_interfaces/include/urp_cvt_interfaces/urp_cvt_interfaces/srv/detail
[4.371s] -- Installing: /home/songdavid/urp_ws1/install/urp_cvt_interfaces/include/urp_cvt_interfaces/urp_cvt_interfaces/srv/detail/generate_cvt_samples__rosidl_typesupport_introspection_cpp.hpp
[4.371s] -- Installing: /home/songdavid/urp_ws1/install/urp_cvt_interfaces/include/urp_cvt_interfaces/urp_cvt_interfaces/srv/detail/generate_cvt_samples__type_support.cpp
[4.371s] -- Installing: /home/songdavid/urp_ws1/install/urp_cvt_interfaces/lib/liburp_cvt_interfaces__rosidl_typesupport_introspection_cpp.so
[4.372s] -- Set runtime path of "/home/songdavid/urp_ws1/install/urp_cvt_interfaces/lib/liburp_cvt_interfaces__rosidl_typesupport_introspection_cpp.so" to ""
[4.372s] -- Installing: /home/songdavid/urp_ws1/install/urp_cvt_interfaces/lib/liburp_cvt_interfaces__rosidl_typesupport_cpp.so
[4.373s] -- Set runtime path of "/home/songdavid/urp_ws1/install/urp_cvt_interfaces/lib/liburp_cvt_interfaces__rosidl_typesupport_cpp.so" to ""
[4.373s] -- Installing: /home/songdavid/urp_ws1/install/urp_cvt_interfaces/share/urp_cvt_interfaces/environment/pythonpath.sh
[4.373s] -- Installing: /home/songdavid/urp_ws1/install/urp_cvt_interfaces/share/urp_cvt_interfaces/environment/pythonpath.dsv
[4.373s] -- Installing: /home/songdavid/urp_ws1/install/urp_cvt_interfaces/local/lib/python3.10/dist-packages/urp_cvt_interfaces-0.0.1-py3.10.egg-info
[4.373s] -- Installing: /home/songdavid/urp_ws1/install/urp_cvt_interfaces/local/lib/python3.10/dist-packages/urp_cvt_interfaces-0.0.1-py3.10.egg-info/SOURCES.txt
[4.373s] -- Installing: /home/songdavid/urp_ws1/install/urp_cvt_interfaces/local/lib/python3.10/dist-packages/urp_cvt_interfaces-0.0.1-py3.10.egg-info/PKG-INFO
[4.373s] -- Installing: /home/songdavid/urp_ws1/install/urp_cvt_interfaces/local/lib/python3.10/dist-packages/urp_cvt_interfaces-0.0.1-py3.10.egg-info/dependency_links.txt
[4.374s] -- Installing: /home/songdavid/urp_ws1/install/urp_cvt_interfaces/local/lib/python3.10/dist-packages/urp_cvt_interfaces-0.0.1-py3.10.egg-info/top_level.txt
[4.374s] -- Installing: /home/songdavid/urp_ws1/install/urp_cvt_interfaces/local/lib/python3.10/dist-packages/urp_cvt_interfaces
[4.374s] -- Installing: /home/songdavid/urp_ws1/install/urp_cvt_interfaces/local/lib/python3.10/dist-packages/urp_cvt_interfaces/urp_cvt_interfaces_s__rosidl_typesupport_fastrtps_c.cpython-310-x86_64-linux-gnu.so
[4.374s] -- Installing: /home/songdavid/urp_ws1/install/urp_cvt_interfaces/local/lib/python3.10/dist-packages/urp_cvt_interfaces/srv
[4.374s] -- Installing: /home/songdavid/urp_ws1/install/urp_cvt_interfaces/local/lib/python3.10/dist-packages/urp_cvt_interfaces/srv/_generate_cvt_samples_s.c
[4.374s] -- Installing: /home/songdavid/urp_ws1/install/urp_cvt_interfaces/local/lib/python3.10/dist-packages/urp_cvt_interfaces/srv/_generate_cvt_samples.py
[4.374s] -- Installing: /home/songdavid/urp_ws1/install/urp_cvt_interfaces/local/lib/python3.10/dist-packages/urp_cvt_interfaces/srv/__init__.py
[4.375s] -- Installing: /home/songdavid/urp_ws1/install/urp_cvt_interfaces/local/lib/python3.10/dist-packages/urp_cvt_interfaces/liburp_cvt_interfaces__rosidl_generator_py.so
[4.375s] -- Installing: /home/songdavid/urp_ws1/install/urp_cvt_interfaces/local/lib/python3.10/dist-packages/urp_cvt_interfaces/_urp_cvt_interfaces_s.ep.rosidl_typesupport_c.c
[4.375s] -- Installing: /home/songdavid/urp_ws1/install/urp_cvt_interfaces/local/lib/python3.10/dist-packages/urp_cvt_interfaces/_urp_cvt_interfaces_s.ep.rosidl_typesupport_fastrtps_c.c
[4.375s] -- Installing: /home/songdavid/urp_ws1/install/urp_cvt_interfaces/local/lib/python3.10/dist-packages/urp_cvt_interfaces/__init__.py
[4.375s] -- Installing: /home/songdavid/urp_ws1/install/urp_cvt_interfaces/local/lib/python3.10/dist-packages/urp_cvt_interfaces/urp_cvt_interfaces_s__rosidl_typesupport_introspection_c.cpython-310-x86_64-linux-gnu.so
[4.375s] -- Installing: /home/songdavid/urp_ws1/install/urp_cvt_interfaces/local/lib/python3.10/dist-packages/urp_cvt_interfaces/_urp_cvt_interfaces_s.ep.rosidl_typesupport_introspection_c.c
[4.375s] -- Installing: /home/songdavid/urp_ws1/install/urp_cvt_interfaces/local/lib/python3.10/dist-packages/urp_cvt_interfaces/urp_cvt_interfaces_s__rosidl_typesupport_c.cpython-310-x86_64-linux-gnu.so
[4.414s] Listing '/home/songdavid/urp_ws1/install/urp_cvt_interfaces/local/lib/python3.10/dist-packages/urp_cvt_interfaces'...
[4.414s] Compiling '/home/songdavid/urp_ws1/install/urp_cvt_interfaces/local/lib/python3.10/dist-packages/urp_cvt_interfaces/__init__.py'...
[4.414s] Listing '/home/songdavid/urp_ws1/install/urp_cvt_interfaces/local/lib/python3.10/dist-packages/urp_cvt_interfaces/srv'...
[4.414s] Compiling '/home/songdavid/urp_ws1/install/urp_cvt_interfaces/local/lib/python3.10/dist-packages/urp_cvt_interfaces/srv/__init__.py'...
[4.414s] Compiling '/home/songdavid/urp_ws1/install/urp_cvt_interfaces/local/lib/python3.10/dist-packages/urp_cvt_interfaces/srv/_generate_cvt_samples.py'...
[4.419s] -- Installing: /home/songdavid/urp_ws1/install/urp_cvt_interfaces/local/lib/python3.10/dist-packages/urp_cvt_interfaces/urp_cvt_interfaces_s__rosidl_typesupport_fastrtps_c.cpython-310-x86_64-linux-gnu.so
[4.419s] -- Set runtime path of "/home/songdavid/urp_ws1/install/urp_cvt_interfaces/local/lib/python3.10/dist-packages/urp_cvt_interfaces/urp_cvt_interfaces_s__rosidl_typesupport_fastrtps_c.cpython-310-x86_64-linux-gnu.so" to ""
[4.419s] -- Installing: /home/songdavid/urp_ws1/install/urp_cvt_interfaces/local/lib/python3.10/dist-packages/urp_cvt_interfaces/urp_cvt_interfaces_s__rosidl_typesupport_introspection_c.cpython-310-x86_64-linux-gnu.so
[4.419s] -- Set runtime path of "/home/songdavid/urp_ws1/install/urp_cvt_interfaces/local/lib/python3.10/dist-packages/urp_cvt_interfaces/urp_cvt_interfaces_s__rosidl_typesupport_introspection_c.cpython-310-x86_64-linux-gnu.so" to ""
[4.420s] -- Installing: /home/songdavid/urp_ws1/install/urp_cvt_interfaces/local/lib/python3.10/dist-packages/urp_cvt_interfaces/urp_cvt_interfaces_s__rosidl_typesupport_c.cpython-310-x86_64-linux-gnu.so
[4.420s] -- Set runtime path of "/home/songdavid/urp_ws1/install/urp_cvt_interfaces/local/lib/python3.10/dist-packages/urp_cvt_interfaces/urp_cvt_interfaces_s__rosidl_typesupport_c.cpython-310-x86_64-linux-gnu.so" to ""
[4.420s] -- Installing: /home/songdavid/urp_ws1/install/urp_cvt_interfaces/lib/liburp_cvt_interfaces__rosidl_generator_py.so
[4.421s] -- Set runtime path of "/home/songdavid/urp_ws1/install/urp_cvt_interfaces/lib/liburp_cvt_interfaces__rosidl_generator_py.so" to ""
[4.421s] -- Installing: /home/songdavid/urp_ws1/install/urp_cvt_interfaces/share/urp_cvt_interfaces/srv/GenerateCVTSamples.idl
[4.421s] -- Installing: /home/songdavid/urp_ws1/install/urp_cvt_interfaces/share/urp_cvt_interfaces/srv/GenerateCVTSamples.srv
[4.421s] -- Installing: /home/songdavid/urp_ws1/install/urp_cvt_interfaces/share/urp_cvt_interfaces/srv/GenerateCVTSamples_Request.msg
[4.421s] -- Installing: /home/songdavid/urp_ws1/install/urp_cvt_interfaces/share/urp_cvt_interfaces/srv/GenerateCVTSamples_Response.msg
[4.422s] -- Installing: /home/songdavid/urp_ws1/install/urp_cvt_interfaces/share/ament_index/resource_index/package_run_dependencies/urp_cvt_interfaces
[4.422s] -- Installing: /home/songdavid/urp_ws1/install/urp_cvt_interfaces/share/ament_index/resource_index/parent_prefix_path/urp_cvt_interfaces
[4.422s] -- Installing: /home/songdavid/urp_ws1/install/urp_cvt_interfaces/share/urp_cvt_interfaces/environment/ament_prefix_path.sh
[4.422s] -- Installing: /home/songdavid/urp_ws1/install/urp_cvt_interfaces/share/urp_cvt_interfaces/environment/ament_prefix_path.dsv
[4.422s] -- Installing: /home/songdavid/urp_ws1/install/urp_cvt_interfaces/share/urp_cvt_interfaces/environment/path.sh
[4.422s] -- Installing: /home/songdavid/urp_ws1/install/urp_cvt_interfaces/share/urp_cvt_interfaces/environment/path.dsv
[4.422s] -- Installing: /home/songdavid/urp_ws1/install/urp_cvt_interfaces/share/urp_cvt_interfaces/local_setup.bash
[4.422s] -- Installing: /home/songdavid/urp_ws1/install/urp_cvt_interfaces/share/urp_cvt_interfaces/local_setup.sh
[4.422s] -- Installing: /home/songdavid/urp_ws1/install/urp_cvt_interfaces/share/urp_cvt_interfaces/local_setup.zsh
[4.423s] -- Installing: /home/songdavid/urp_ws1/install/urp_cvt_interfaces/share/urp_cvt_interfaces/local_setup.dsv
[4.423s] -- Installing: /home/songdavid/urp_ws1/install/urp_cvt_interfaces/share/urp_cvt_interfaces/package.dsv
[4.423s] -- Installing: /home/songdavid/urp_ws1/install/urp_cvt_interfaces/share/ament_index/resource_index/packages/urp_cvt_interfaces
[4.423s] -- Installing: /home/songdavid/urp_ws1/install/urp_cvt_interfaces/share/urp_cvt_interfaces/cmake/export_urp_cvt_interfaces__rosidl_generator_cExport.cmake
[4.423s] -- Installing: /home/songdavid/urp_ws1/install/urp_cvt_interfaces/share/urp_cvt_interfaces/cmake/export_urp_cvt_interfaces__rosidl_generator_cExport-noconfig.cmake
[4.423s] -- Installing: /home/songdavid/urp_ws1/install/urp_cvt_interfaces/share/urp_cvt_interfaces/cmake/export_urp_cvt_interfaces__rosidl_typesupport_fastrtps_cExport.cmake
[4.423s] -- Installing: /home/songdavid/urp_ws1/install/urp_cvt_interfaces/share/urp_cvt_interfaces/cmake/export_urp_cvt_interfaces__rosidl_typesupport_fastrtps_cExport-noconfig.cmake
[4.424s] -- Installing: /home/songdavid/urp_ws1/install/urp_cvt_interfaces/share/urp_cvt_interfaces/cmake/urp_cvt_interfaces__rosidl_typesupport_introspection_cExport.cmake
[4.424s] -- Installing: /home/songdavid/urp_ws1/install/urp_cvt_interfaces/share/urp_cvt_interfaces/cmake/urp_cvt_interfaces__rosidl_typesupport_introspection_cExport-noconfig.cmake
[4.424s] -- Installing: /home/songdavid/urp_ws1/install/urp_cvt_interfaces/share/urp_cvt_interfaces/cmake/urp_cvt_interfaces__rosidl_typesupport_cExport.cmake
[4.424s] -- Installing: /home/songdavid/urp_ws1/install/urp_cvt_interfaces/share/urp_cvt_interfaces/cmake/urp_cvt_interfaces__rosidl_typesupport_cExport-noconfig.cmake
[4.424s] -- Installing: /home/songdavid/urp_ws1/install/urp_cvt_interfaces/share/urp_cvt_interfaces/cmake/export_urp_cvt_interfaces__rosidl_generator_cppExport.cmake
[4.424s] -- Installing: /home/songdavid/urp_ws1/install/urp_cvt_interfaces/share/urp_cvt_interfaces/cmake/export_urp_cvt_interfaces__rosidl_typesupport_fastrtps_cppExport.cmake
[4.424s] -- Installing: /home/songdavid/urp_ws1/install/urp_cvt_interfaces/share/urp_cvt_interfaces/cmake/export_urp_cvt_interfaces__rosidl_typesupport_fastrtps_cppExport-noconfig.cmake
[4.424s] -- Installing: /home/songdavid/urp_ws1/install/urp_cvt_interfaces/share/urp_cvt_interfaces/cmake/urp_cvt_interfaces__rosidl_typesupport_introspection_cppExport.cmake
[4.424s] -- Installing: /home/songdavid/urp_ws1/install/urp_cvt_interfaces/share/urp_cvt_interfaces/cmake/urp_cvt_interfaces__rosidl_typesupport_introspection_cppExport-noconfig.cmake
[4.424s] -- Installing: /home/songdavid/urp_ws1/install/urp_cvt_interfaces/share/urp_cvt_interfaces/cmake/urp_cvt_interfaces__rosidl_typesupport_cppExport.cmake
[4.424s] -- Installing: /home/songdavid/urp_ws1/install/urp_cvt_interfaces/share/urp_cvt_interfaces/cmake/urp_cvt_interfaces__rosidl_typesupport_cppExport-noconfig.cmake
[4.424s] -- Installing: /home/songdavid/urp_ws1/install/urp_cvt_interfaces/share/urp_cvt_interfaces/cmake/export_urp_cvt_interfaces__rosidl_generator_pyExport.cmake
[4.425s] -- Installing: /home/songdavid/urp_ws1/install/urp_cvt_interfaces/share/urp_cvt_interfaces/cmake/export_urp_cvt_interfaces__rosidl_generator_pyExport-noconfig.cmake
[4.425s] -- Installing: /home/songdavid/urp_ws1/install/urp_cvt_interfaces/share/urp_cvt_interfaces/cmake/rosidl_cmake-extras.cmake
[4.425s] -- Installing: /home/songdavid/urp_ws1/install/urp_cvt_interfaces/share/urp_cvt_interfaces/cmake/ament_cmake_export_dependencies-extras.cmake
[4.425s] -- Installing: /home/songdavid/urp_ws1/install/urp_cvt_interfaces/share/urp_cvt_interfaces/cmake/ament_cmake_export_include_directories-extras.cmake
[4.425s] -- Installing: /home/songdavid/urp_ws1/install/urp_cvt_interfaces/share/urp_cvt_interfaces/cmake/ament_cmake_export_libraries-extras.cmake
[4.425s] -- Installing: /home/songdavid/urp_ws1/install/urp_cvt_interfaces/share/urp_cvt_interfaces/cmake/ament_cmake_export_targets-extras.cmake
[4.425s] -- Installing: /home/songdavid/urp_ws1/install/urp_cvt_interfaces/share/urp_cvt_interfaces/cmake/rosidl_cmake_export_typesupport_targets-extras.cmake
[4.425s] -- Installing: /home/songdavid/urp_ws1/install/urp_cvt_interfaces/share/urp_cvt_interfaces/cmake/rosidl_cmake_export_typesupport_libraries-extras.cmake
[4.425s] -- Installing: /home/songdavid/urp_ws1/install/urp_cvt_interfaces/share/urp_cvt_interfaces/cmake/urp_cvt_interfacesConfig.cmake
[4.425s] -- Installing: /home/songdavid/urp_ws1/install/urp_cvt_interfaces/share/urp_cvt_interfaces/cmake/urp_cvt_interfacesConfig-version.cmake
[4.426s] -- Installing: /home/songdavid/urp_ws1/install/urp_cvt_interfaces/share/urp_cvt_interfaces/package.xml
[4.428s] Invoked command in '/home/songdavid/urp_ws1/build/urp_cvt_interfaces' returned '0': /usr/bin/cmake --install /home/songdavid/urp_ws1/build/urp_cvt_interfaces
