[0.012s] Invoking command in '/home/songdavid/urp_ws1/build/urp_cvt_interfaces': /usr/bin/cmake --build /home/songdavid/urp_ws1/build/urp_cvt_interfaces -- -j8 -l8
[0.056s] [  3%] Built target urp_cvt_interfaces__cpp
[0.056s] [ 12%] Built target urp_cvt_interfaces__rosidl_generator_c
[0.066s] [ 12%] Built target ament_cmake_python_copy_urp_cvt_interfaces
[0.079s] [ 32%] Built target urp_cvt_interfaces__rosidl_typesupport_introspection_cpp
[0.080s] [ 32%] Built target urp_cvt_interfaces__rosidl_typesupport_cpp
[0.081s] [ 41%] Built target urp_cvt_interfaces__rosidl_typesupport_fastrtps_c
[0.084s] [ 51%] Built target urp_cvt_interfaces__rosidl_typesupport_fastrtps_cpp
[0.089s] [ 61%] Built target urp_cvt_interfaces__rosidl_typesupport_introspection_c
[0.090s] [ 70%] Built target urp_cvt_interfaces__rosidl_typesupport_c
[0.108s] [ 70%] Built target urp_cvt_interfaces
[0.127s] [ 74%] Built target urp_cvt_interfaces__py
[0.148s] [ 80%] Built target urp_cvt_interfaces__rosidl_generator_py
[0.167s] [100%] Built target urp_cvt_interfaces__rosidl_typesupport_fastrtps_c__pyext
[0.167s] [100%] Built target urp_cvt_interfaces__rosidl_typesupport_c__pyext
[0.168s] [100%] Built target urp_cvt_interfaces__rosidl_typesupport_introspection_c__pyext
[0.329s] running egg_info
[0.330s] writing urp_cvt_interfaces.egg-info/PKG-INFO
[0.330s] writing dependency_links to urp_cvt_interfaces.egg-info/dependency_links.txt
[0.331s] writing top-level names to urp_cvt_interfaces.egg-info/top_level.txt
[0.334s] reading manifest file 'urp_cvt_interfaces.egg-info/SOURCES.txt'
[0.334s] writing manifest file 'urp_cvt_interfaces.egg-info/SOURCES.txt'
[0.364s] [100%] Built target ament_cmake_python_build_urp_cvt_interfaces_egg
[0.375s] Invoked command in '/home/songdavid/urp_ws1/build/urp_cvt_interfaces' returned '0': /usr/bin/cmake --build /home/songdavid/urp_ws1/build/urp_cvt_interfaces -- -j8 -l8
[0.385s] Invoking command in '/home/songdavid/urp_ws1/build/urp_cvt_interfaces': /usr/bin/cmake --install /home/songdavid/urp_ws1/build/urp_cvt_interfaces
[0.392s] -- Install configuration: ""
[0.392s] -- Up-to-date: /home/songdavid/urp_ws1/install/urp_cvt_interfaces/share/ament_index/resource_index/rosidl_interfaces/urp_cvt_interfaces
[0.393s] -- Up-to-date: /home/songdavid/urp_ws1/install/urp_cvt_interfaces/include/urp_cvt_interfaces/urp_cvt_interfaces
[0.393s] -- Up-to-date: /home/songdavid/urp_ws1/install/urp_cvt_interfaces/include/urp_cvt_interfaces/urp_cvt_interfaces/srv
[0.393s] -- Up-to-date: /home/songdavid/urp_ws1/install/urp_cvt_interfaces/include/urp_cvt_interfaces/urp_cvt_interfaces/srv/generate_cvt_samples.h
[0.393s] -- Up-to-date: /home/songdavid/urp_ws1/install/urp_cvt_interfaces/include/urp_cvt_interfaces/urp_cvt_interfaces/srv/detail
[0.393s] -- Up-to-date: /home/songdavid/urp_ws1/install/urp_cvt_interfaces/include/urp_cvt_interfaces/urp_cvt_interfaces/srv/detail/generate_cvt_samples__functions.h
[0.393s] -- Up-to-date: /home/songdavid/urp_ws1/install/urp_cvt_interfaces/include/urp_cvt_interfaces/urp_cvt_interfaces/srv/detail/generate_cvt_samples__functions.c
[0.393s] -- Up-to-date: /home/songdavid/urp_ws1/install/urp_cvt_interfaces/include/urp_cvt_interfaces/urp_cvt_interfaces/srv/detail/generate_cvt_samples__type_support.h
[0.393s] -- Up-to-date: /home/songdavid/urp_ws1/install/urp_cvt_interfaces/include/urp_cvt_interfaces/urp_cvt_interfaces/srv/detail/generate_cvt_samples__struct.h
[0.393s] -- Up-to-date: /home/songdavid/urp_ws1/install/urp_cvt_interfaces/include/urp_cvt_interfaces/urp_cvt_interfaces/msg
[0.393s] -- Up-to-date: /home/songdavid/urp_ws1/install/urp_cvt_interfaces/include/urp_cvt_interfaces/urp_cvt_interfaces/msg/rosidl_generator_c__visibility_control.h
[0.393s] -- Up-to-date: /home/songdavid/urp_ws1/install/urp_cvt_interfaces/share/urp_cvt_interfaces/environment/library_path.sh
[0.393s] -- Up-to-date: /home/songdavid/urp_ws1/install/urp_cvt_interfaces/share/urp_cvt_interfaces/environment/library_path.dsv
[0.393s] -- Up-to-date: /home/songdavid/urp_ws1/install/urp_cvt_interfaces/lib/liburp_cvt_interfaces__rosidl_generator_c.so
[0.393s] -- Up-to-date: /home/songdavid/urp_ws1/install/urp_cvt_interfaces/include/urp_cvt_interfaces/urp_cvt_interfaces
[0.394s] -- Up-to-date: /home/songdavid/urp_ws1/install/urp_cvt_interfaces/include/urp_cvt_interfaces/urp_cvt_interfaces/srv
[0.394s] -- Up-to-date: /home/songdavid/urp_ws1/install/urp_cvt_interfaces/include/urp_cvt_interfaces/urp_cvt_interfaces/srv/detail
[0.394s] -- Up-to-date: /home/songdavid/urp_ws1/install/urp_cvt_interfaces/include/urp_cvt_interfaces/urp_cvt_interfaces/srv/detail/generate_cvt_samples__rosidl_typesupport_fastrtps_c.h
[0.394s] -- Up-to-date: /home/songdavid/urp_ws1/install/urp_cvt_interfaces/include/urp_cvt_interfaces/urp_cvt_interfaces/msg
[0.394s] -- Up-to-date: /home/songdavid/urp_ws1/install/urp_cvt_interfaces/include/urp_cvt_interfaces/urp_cvt_interfaces/msg/rosidl_typesupport_fastrtps_c__visibility_control.h
[0.394s] -- Up-to-date: /home/songdavid/urp_ws1/install/urp_cvt_interfaces/lib/liburp_cvt_interfaces__rosidl_typesupport_fastrtps_c.so
[0.394s] -- Up-to-date: /home/songdavid/urp_ws1/install/urp_cvt_interfaces/include/urp_cvt_interfaces/urp_cvt_interfaces
[0.394s] -- Up-to-date: /home/songdavid/urp_ws1/install/urp_cvt_interfaces/include/urp_cvt_interfaces/urp_cvt_interfaces/srv
[0.394s] -- Up-to-date: /home/songdavid/urp_ws1/install/urp_cvt_interfaces/include/urp_cvt_interfaces/urp_cvt_interfaces/srv/detail
[0.394s] -- Up-to-date: /home/songdavid/urp_ws1/install/urp_cvt_interfaces/include/urp_cvt_interfaces/urp_cvt_interfaces/srv/detail/generate_cvt_samples__rosidl_typesupport_introspection_c.h
[0.394s] -- Up-to-date: /home/songdavid/urp_ws1/install/urp_cvt_interfaces/include/urp_cvt_interfaces/urp_cvt_interfaces/srv/detail/generate_cvt_samples__type_support.c
[0.394s] -- Up-to-date: /home/songdavid/urp_ws1/install/urp_cvt_interfaces/include/urp_cvt_interfaces/urp_cvt_interfaces/msg
[0.394s] -- Up-to-date: /home/songdavid/urp_ws1/install/urp_cvt_interfaces/include/urp_cvt_interfaces/urp_cvt_interfaces/msg/rosidl_typesupport_introspection_c__visibility_control.h
[0.394s] -- Up-to-date: /home/songdavid/urp_ws1/install/urp_cvt_interfaces/lib/liburp_cvt_interfaces__rosidl_typesupport_introspection_c.so
[0.395s] -- Up-to-date: /home/songdavid/urp_ws1/install/urp_cvt_interfaces/lib/liburp_cvt_interfaces__rosidl_typesupport_c.so
[0.395s] -- Up-to-date: /home/songdavid/urp_ws1/install/urp_cvt_interfaces/include/urp_cvt_interfaces/urp_cvt_interfaces
[0.395s] -- Up-to-date: /home/songdavid/urp_ws1/install/urp_cvt_interfaces/include/urp_cvt_interfaces/urp_cvt_interfaces/srv
[0.395s] -- Up-to-date: /home/songdavid/urp_ws1/install/urp_cvt_interfaces/include/urp_cvt_interfaces/urp_cvt_interfaces/srv/generate_cvt_samples.hpp
[0.395s] -- Up-to-date: /home/songdavid/urp_ws1/install/urp_cvt_interfaces/include/urp_cvt_interfaces/urp_cvt_interfaces/srv/detail
[0.395s] -- Up-to-date: /home/songdavid/urp_ws1/install/urp_cvt_interfaces/include/urp_cvt_interfaces/urp_cvt_interfaces/srv/detail/generate_cvt_samples__traits.hpp
[0.395s] -- Up-to-date: /home/songdavid/urp_ws1/install/urp_cvt_interfaces/include/urp_cvt_interfaces/urp_cvt_interfaces/srv/detail/generate_cvt_samples__struct.hpp
[0.395s] -- Up-to-date: /home/songdavid/urp_ws1/install/urp_cvt_interfaces/include/urp_cvt_interfaces/urp_cvt_interfaces/srv/detail/generate_cvt_samples__type_support.hpp
[0.395s] -- Up-to-date: /home/songdavid/urp_ws1/install/urp_cvt_interfaces/include/urp_cvt_interfaces/urp_cvt_interfaces/srv/detail/generate_cvt_samples__builder.hpp
[0.395s] -- Up-to-date: /home/songdavid/urp_ws1/install/urp_cvt_interfaces/include/urp_cvt_interfaces/urp_cvt_interfaces/msg
[0.395s] -- Up-to-date: /home/songdavid/urp_ws1/install/urp_cvt_interfaces/include/urp_cvt_interfaces/urp_cvt_interfaces/msg/rosidl_generator_cpp__visibility_control.hpp
[0.395s] -- Up-to-date: /home/songdavid/urp_ws1/install/urp_cvt_interfaces/include/urp_cvt_interfaces/urp_cvt_interfaces
[0.395s] -- Up-to-date: /home/songdavid/urp_ws1/install/urp_cvt_interfaces/include/urp_cvt_interfaces/urp_cvt_interfaces/srv
[0.395s] -- Up-to-date: /home/songdavid/urp_ws1/install/urp_cvt_interfaces/include/urp_cvt_interfaces/urp_cvt_interfaces/srv/detail
[0.395s] -- Up-to-date: /home/songdavid/urp_ws1/install/urp_cvt_interfaces/include/urp_cvt_interfaces/urp_cvt_interfaces/srv/detail/dds_fastrtps
[0.396s] -- Up-to-date: /home/songdavid/urp_ws1/install/urp_cvt_interfaces/include/urp_cvt_interfaces/urp_cvt_interfaces/srv/detail/generate_cvt_samples__rosidl_typesupport_fastrtps_cpp.hpp
[0.396s] -- Up-to-date: /home/songdavid/urp_ws1/install/urp_cvt_interfaces/include/urp_cvt_interfaces/urp_cvt_interfaces/msg
[0.396s] -- Up-to-date: /home/songdavid/urp_ws1/install/urp_cvt_interfaces/include/urp_cvt_interfaces/urp_cvt_interfaces/msg/rosidl_typesupport_fastrtps_cpp__visibility_control.h
[0.396s] -- Up-to-date: /home/songdavid/urp_ws1/install/urp_cvt_interfaces/lib/liburp_cvt_interfaces__rosidl_typesupport_fastrtps_cpp.so
[0.396s] -- Up-to-date: /home/songdavid/urp_ws1/install/urp_cvt_interfaces/include/urp_cvt_interfaces/urp_cvt_interfaces
[0.396s] -- Up-to-date: /home/songdavid/urp_ws1/install/urp_cvt_interfaces/include/urp_cvt_interfaces/urp_cvt_interfaces/srv
[0.396s] -- Up-to-date: /home/songdavid/urp_ws1/install/urp_cvt_interfaces/include/urp_cvt_interfaces/urp_cvt_interfaces/srv/detail
[0.396s] -- Up-to-date: /home/songdavid/urp_ws1/install/urp_cvt_interfaces/include/urp_cvt_interfaces/urp_cvt_interfaces/srv/detail/generate_cvt_samples__rosidl_typesupport_introspection_cpp.hpp
[0.396s] -- Up-to-date: /home/songdavid/urp_ws1/install/urp_cvt_interfaces/include/urp_cvt_interfaces/urp_cvt_interfaces/srv/detail/generate_cvt_samples__type_support.cpp
[0.396s] -- Up-to-date: /home/songdavid/urp_ws1/install/urp_cvt_interfaces/lib/liburp_cvt_interfaces__rosidl_typesupport_introspection_cpp.so
[0.396s] -- Up-to-date: /home/songdavid/urp_ws1/install/urp_cvt_interfaces/lib/liburp_cvt_interfaces__rosidl_typesupport_cpp.so
[0.396s] -- Up-to-date: /home/songdavid/urp_ws1/install/urp_cvt_interfaces/share/urp_cvt_interfaces/environment/pythonpath.sh
[0.397s] -- Up-to-date: /home/songdavid/urp_ws1/install/urp_cvt_interfaces/share/urp_cvt_interfaces/environment/pythonpath.dsv
[0.397s] -- Up-to-date: /home/songdavid/urp_ws1/install/urp_cvt_interfaces/local/lib/python3.10/dist-packages/urp_cvt_interfaces-0.0.1-py3.10.egg-info
[0.397s] -- Installing: /home/songdavid/urp_ws1/install/urp_cvt_interfaces/local/lib/python3.10/dist-packages/urp_cvt_interfaces-0.0.1-py3.10.egg-info/SOURCES.txt
[0.397s] -- Installing: /home/songdavid/urp_ws1/install/urp_cvt_interfaces/local/lib/python3.10/dist-packages/urp_cvt_interfaces-0.0.1-py3.10.egg-info/PKG-INFO
[0.397s] -- Installing: /home/songdavid/urp_ws1/install/urp_cvt_interfaces/local/lib/python3.10/dist-packages/urp_cvt_interfaces-0.0.1-py3.10.egg-info/dependency_links.txt
[0.397s] -- Installing: /home/songdavid/urp_ws1/install/urp_cvt_interfaces/local/lib/python3.10/dist-packages/urp_cvt_interfaces-0.0.1-py3.10.egg-info/top_level.txt
[0.397s] -- Up-to-date: /home/songdavid/urp_ws1/install/urp_cvt_interfaces/local/lib/python3.10/dist-packages/urp_cvt_interfaces
[0.398s] -- Up-to-date: /home/songdavid/urp_ws1/install/urp_cvt_interfaces/local/lib/python3.10/dist-packages/urp_cvt_interfaces/urp_cvt_interfaces_s__rosidl_typesupport_fastrtps_c.cpython-310-x86_64-linux-gnu.so
[0.398s] -- Up-to-date: /home/songdavid/urp_ws1/install/urp_cvt_interfaces/local/lib/python3.10/dist-packages/urp_cvt_interfaces/srv
[0.398s] -- Up-to-date: /home/songdavid/urp_ws1/install/urp_cvt_interfaces/local/lib/python3.10/dist-packages/urp_cvt_interfaces/srv/_generate_cvt_samples_s.c
[0.398s] -- Up-to-date: /home/songdavid/urp_ws1/install/urp_cvt_interfaces/local/lib/python3.10/dist-packages/urp_cvt_interfaces/srv/_generate_cvt_samples.py
[0.398s] -- Up-to-date: /home/songdavid/urp_ws1/install/urp_cvt_interfaces/local/lib/python3.10/dist-packages/urp_cvt_interfaces/srv/__init__.py
[0.398s] -- Up-to-date: /home/songdavid/urp_ws1/install/urp_cvt_interfaces/local/lib/python3.10/dist-packages/urp_cvt_interfaces/liburp_cvt_interfaces__rosidl_generator_py.so
[0.398s] -- Up-to-date: /home/songdavid/urp_ws1/install/urp_cvt_interfaces/local/lib/python3.10/dist-packages/urp_cvt_interfaces/_urp_cvt_interfaces_s.ep.rosidl_typesupport_c.c
[0.398s] -- Up-to-date: /home/songdavid/urp_ws1/install/urp_cvt_interfaces/local/lib/python3.10/dist-packages/urp_cvt_interfaces/_urp_cvt_interfaces_s.ep.rosidl_typesupport_fastrtps_c.c
[0.398s] -- Up-to-date: /home/songdavid/urp_ws1/install/urp_cvt_interfaces/local/lib/python3.10/dist-packages/urp_cvt_interfaces/__init__.py
[0.398s] -- Up-to-date: /home/songdavid/urp_ws1/install/urp_cvt_interfaces/local/lib/python3.10/dist-packages/urp_cvt_interfaces/urp_cvt_interfaces_s__rosidl_typesupport_introspection_c.cpython-310-x86_64-linux-gnu.so
[0.398s] -- Up-to-date: /home/songdavid/urp_ws1/install/urp_cvt_interfaces/local/lib/python3.10/dist-packages/urp_cvt_interfaces/_urp_cvt_interfaces_s.ep.rosidl_typesupport_introspection_c.c
[0.398s] -- Up-to-date: /home/songdavid/urp_ws1/install/urp_cvt_interfaces/local/lib/python3.10/dist-packages/urp_cvt_interfaces/urp_cvt_interfaces_s__rosidl_typesupport_c.cpython-310-x86_64-linux-gnu.so
[0.433s] Listing '/home/songdavid/urp_ws1/install/urp_cvt_interfaces/local/lib/python3.10/dist-packages/urp_cvt_interfaces'...
[0.433s] Listing '/home/songdavid/urp_ws1/install/urp_cvt_interfaces/local/lib/python3.10/dist-packages/urp_cvt_interfaces/srv'...
[0.438s] -- Up-to-date: /home/songdavid/urp_ws1/install/urp_cvt_interfaces/local/lib/python3.10/dist-packages/urp_cvt_interfaces/urp_cvt_interfaces_s__rosidl_typesupport_fastrtps_c.cpython-310-x86_64-linux-gnu.so
[0.439s] -- Up-to-date: /home/songdavid/urp_ws1/install/urp_cvt_interfaces/local/lib/python3.10/dist-packages/urp_cvt_interfaces/urp_cvt_interfaces_s__rosidl_typesupport_introspection_c.cpython-310-x86_64-linux-gnu.so
[0.439s] -- Up-to-date: /home/songdavid/urp_ws1/install/urp_cvt_interfaces/local/lib/python3.10/dist-packages/urp_cvt_interfaces/urp_cvt_interfaces_s__rosidl_typesupport_c.cpython-310-x86_64-linux-gnu.so
[0.439s] -- Up-to-date: /home/songdavid/urp_ws1/install/urp_cvt_interfaces/lib/liburp_cvt_interfaces__rosidl_generator_py.so
[0.439s] -- Up-to-date: /home/songdavid/urp_ws1/install/urp_cvt_interfaces/share/urp_cvt_interfaces/srv/GenerateCVTSamples.idl
[0.439s] -- Up-to-date: /home/songdavid/urp_ws1/install/urp_cvt_interfaces/share/urp_cvt_interfaces/srv/GenerateCVTSamples.srv
[0.439s] -- Up-to-date: /home/songdavid/urp_ws1/install/urp_cvt_interfaces/share/urp_cvt_interfaces/srv/GenerateCVTSamples_Request.msg
[0.439s] -- Up-to-date: /home/songdavid/urp_ws1/install/urp_cvt_interfaces/share/urp_cvt_interfaces/srv/GenerateCVTSamples_Response.msg
[0.439s] -- Up-to-date: /home/songdavid/urp_ws1/install/urp_cvt_interfaces/share/ament_index/resource_index/package_run_dependencies/urp_cvt_interfaces
[0.440s] -- Up-to-date: /home/songdavid/urp_ws1/install/urp_cvt_interfaces/share/ament_index/resource_index/parent_prefix_path/urp_cvt_interfaces
[0.440s] -- Up-to-date: /home/songdavid/urp_ws1/install/urp_cvt_interfaces/share/urp_cvt_interfaces/environment/ament_prefix_path.sh
[0.440s] -- Up-to-date: /home/songdavid/urp_ws1/install/urp_cvt_interfaces/share/urp_cvt_interfaces/environment/ament_prefix_path.dsv
[0.440s] -- Up-to-date: /home/songdavid/urp_ws1/install/urp_cvt_interfaces/share/urp_cvt_interfaces/environment/path.sh
[0.440s] -- Up-to-date: /home/songdavid/urp_ws1/install/urp_cvt_interfaces/share/urp_cvt_interfaces/environment/path.dsv
[0.440s] -- Up-to-date: /home/songdavid/urp_ws1/install/urp_cvt_interfaces/share/urp_cvt_interfaces/local_setup.bash
[0.440s] -- Up-to-date: /home/songdavid/urp_ws1/install/urp_cvt_interfaces/share/urp_cvt_interfaces/local_setup.sh
[0.440s] -- Up-to-date: /home/songdavid/urp_ws1/install/urp_cvt_interfaces/share/urp_cvt_interfaces/local_setup.zsh
[0.440s] -- Up-to-date: /home/songdavid/urp_ws1/install/urp_cvt_interfaces/share/urp_cvt_interfaces/local_setup.dsv
[0.440s] -- Installing: /home/songdavid/urp_ws1/install/urp_cvt_interfaces/share/urp_cvt_interfaces/package.dsv
[0.440s] -- Up-to-date: /home/songdavid/urp_ws1/install/urp_cvt_interfaces/share/ament_index/resource_index/packages/urp_cvt_interfaces
[0.440s] -- Up-to-date: /home/songdavid/urp_ws1/install/urp_cvt_interfaces/share/urp_cvt_interfaces/cmake/export_urp_cvt_interfaces__rosidl_generator_cExport.cmake
[0.440s] -- Up-to-date: /home/songdavid/urp_ws1/install/urp_cvt_interfaces/share/urp_cvt_interfaces/cmake/export_urp_cvt_interfaces__rosidl_generator_cExport-noconfig.cmake
[0.440s] -- Up-to-date: /home/songdavid/urp_ws1/install/urp_cvt_interfaces/share/urp_cvt_interfaces/cmake/export_urp_cvt_interfaces__rosidl_typesupport_fastrtps_cExport.cmake
[0.440s] -- Up-to-date: /home/songdavid/urp_ws1/install/urp_cvt_interfaces/share/urp_cvt_interfaces/cmake/export_urp_cvt_interfaces__rosidl_typesupport_fastrtps_cExport-noconfig.cmake
[0.441s] -- Up-to-date: /home/songdavid/urp_ws1/install/urp_cvt_interfaces/share/urp_cvt_interfaces/cmake/urp_cvt_interfaces__rosidl_typesupport_introspection_cExport.cmake
[0.441s] -- Up-to-date: /home/songdavid/urp_ws1/install/urp_cvt_interfaces/share/urp_cvt_interfaces/cmake/urp_cvt_interfaces__rosidl_typesupport_introspection_cExport-noconfig.cmake
[0.441s] -- Up-to-date: /home/songdavid/urp_ws1/install/urp_cvt_interfaces/share/urp_cvt_interfaces/cmake/urp_cvt_interfaces__rosidl_typesupport_cExport.cmake
[0.441s] -- Up-to-date: /home/songdavid/urp_ws1/install/urp_cvt_interfaces/share/urp_cvt_interfaces/cmake/urp_cvt_interfaces__rosidl_typesupport_cExport-noconfig.cmake
[0.441s] -- Up-to-date: /home/songdavid/urp_ws1/install/urp_cvt_interfaces/share/urp_cvt_interfaces/cmake/export_urp_cvt_interfaces__rosidl_generator_cppExport.cmake
[0.441s] -- Up-to-date: /home/songdavid/urp_ws1/install/urp_cvt_interfaces/share/urp_cvt_interfaces/cmake/export_urp_cvt_interfaces__rosidl_typesupport_fastrtps_cppExport.cmake
[0.441s] -- Up-to-date: /home/songdavid/urp_ws1/install/urp_cvt_interfaces/share/urp_cvt_interfaces/cmake/export_urp_cvt_interfaces__rosidl_typesupport_fastrtps_cppExport-noconfig.cmake
[0.441s] -- Up-to-date: /home/songdavid/urp_ws1/install/urp_cvt_interfaces/share/urp_cvt_interfaces/cmake/urp_cvt_interfaces__rosidl_typesupport_introspection_cppExport.cmake
[0.441s] -- Up-to-date: /home/songdavid/urp_ws1/install/urp_cvt_interfaces/share/urp_cvt_interfaces/cmake/urp_cvt_interfaces__rosidl_typesupport_introspection_cppExport-noconfig.cmake
[0.441s] -- Up-to-date: /home/songdavid/urp_ws1/install/urp_cvt_interfaces/share/urp_cvt_interfaces/cmake/urp_cvt_interfaces__rosidl_typesupport_cppExport.cmake
[0.441s] -- Up-to-date: /home/songdavid/urp_ws1/install/urp_cvt_interfaces/share/urp_cvt_interfaces/cmake/urp_cvt_interfaces__rosidl_typesupport_cppExport-noconfig.cmake
[0.441s] -- Up-to-date: /home/songdavid/urp_ws1/install/urp_cvt_interfaces/share/urp_cvt_interfaces/cmake/export_urp_cvt_interfaces__rosidl_generator_pyExport.cmake
[0.441s] -- Up-to-date: /home/songdavid/urp_ws1/install/urp_cvt_interfaces/share/urp_cvt_interfaces/cmake/export_urp_cvt_interfaces__rosidl_generator_pyExport-noconfig.cmake
[0.441s] -- Up-to-date: /home/songdavid/urp_ws1/install/urp_cvt_interfaces/share/urp_cvt_interfaces/cmake/rosidl_cmake-extras.cmake
[0.442s] -- Up-to-date: /home/songdavid/urp_ws1/install/urp_cvt_interfaces/share/urp_cvt_interfaces/cmake/ament_cmake_export_dependencies-extras.cmake
[0.442s] -- Up-to-date: /home/songdavid/urp_ws1/install/urp_cvt_interfaces/share/urp_cvt_interfaces/cmake/ament_cmake_export_include_directories-extras.cmake
[0.442s] -- Up-to-date: /home/songdavid/urp_ws1/install/urp_cvt_interfaces/share/urp_cvt_interfaces/cmake/ament_cmake_export_libraries-extras.cmake
[0.442s] -- Up-to-date: /home/songdavid/urp_ws1/install/urp_cvt_interfaces/share/urp_cvt_interfaces/cmake/ament_cmake_export_targets-extras.cmake
[0.442s] -- Up-to-date: /home/songdavid/urp_ws1/install/urp_cvt_interfaces/share/urp_cvt_interfaces/cmake/rosidl_cmake_export_typesupport_targets-extras.cmake
[0.442s] -- Up-to-date: /home/songdavid/urp_ws1/install/urp_cvt_interfaces/share/urp_cvt_interfaces/cmake/rosidl_cmake_export_typesupport_libraries-extras.cmake
[0.442s] -- Up-to-date: /home/songdavid/urp_ws1/install/urp_cvt_interfaces/share/urp_cvt_interfaces/cmake/urp_cvt_interfacesConfig.cmake
[0.442s] -- Up-to-date: /home/songdavid/urp_ws1/install/urp_cvt_interfaces/share/urp_cvt_interfaces/cmake/urp_cvt_interfacesConfig-version.cmake
[0.442s] -- Up-to-date: /home/songdavid/urp_ws1/install/urp_cvt_interfaces/share/urp_cvt_interfaces/package.xml
[0.443s] Invoked command in '/home/songdavid/urp_ws1/build/urp_cvt_interfaces' returned '0': /usr/bin/cmake --install /home/songdavid/urp_ws1/build/urp_cvt_interfaces
