[  9%] Built target urp_cvt_interfaces__rosidl_generator_c
[ 12%] Built target urp_cvt_interfaces__cpp
[ 12%] Built target ament_cmake_python_copy_urp_cvt_interfaces
[ 22%] Built target urp_cvt_interfaces__rosidl_typesupport_c
[ 32%] Built target urp_cvt_interfaces__rosidl_typesupport_introspection_c
[ 41%] Built target urp_cvt_interfaces__rosidl_typesupport_fastrtps_cpp
[ 51%] Built target urp_cvt_interfaces__rosidl_typesupport_fastrtps_c
[ 61%] Built target urp_cvt_interfaces__rosidl_typesupport_cpp
[ 70%] Built target urp_cvt_interfaces__rosidl_typesupport_introspection_cpp
[ 70%] Built target urp_cvt_interfaces
[ 74%] Built target urp_cvt_interfaces__py
[ 80%] Built target urp_cvt_interfaces__rosidl_generator_py
[ 87%] Built target urp_cvt_interfaces__rosidl_typesupport_c__pyext
[ 93%] Built target urp_cvt_interfaces__rosidl_typesupport_introspection_c__pyext
[100%] Built target urp_cvt_interfaces__rosidl_typesupport_fastrtps_c__pyext
running egg_info
writing urp_cvt_interfaces.egg-info/PKG-INFO
writing dependency_links to urp_cvt_interfaces.egg-info/dependency_links.txt
writing top-level names to urp_cvt_interfaces.egg-info/top_level.txt
reading manifest file 'urp_cvt_interfaces.egg-info/SOURCES.txt'
writing manifest file 'urp_cvt_interfaces.egg-info/SOURCES.txt'
[100%] Built target ament_cmake_python_build_urp_cvt_interfaces_egg
-- Install configuration: ""
-- Up-to-date: /home/songdavid/urp_ws1/install/urp_cvt_interfaces/share/ament_index/resource_index/rosidl_interfaces/urp_cvt_interfaces
-- Up-to-date: /home/songdavid/urp_ws1/install/urp_cvt_interfaces/include/urp_cvt_interfaces/urp_cvt_interfaces
-- Up-to-date: /home/songdavid/urp_ws1/install/urp_cvt_interfaces/include/urp_cvt_interfaces/urp_cvt_interfaces/srv
-- Up-to-date: /home/songdavid/urp_ws1/install/urp_cvt_interfaces/include/urp_cvt_interfaces/urp_cvt_interfaces/srv/generate_cvt_samples.h
-- Up-to-date: /home/songdavid/urp_ws1/install/urp_cvt_interfaces/include/urp_cvt_interfaces/urp_cvt_interfaces/srv/detail
-- Up-to-date: /home/songdavid/urp_ws1/install/urp_cvt_interfaces/include/urp_cvt_interfaces/urp_cvt_interfaces/srv/detail/generate_cvt_samples__functions.h
-- Up-to-date: /home/songdavid/urp_ws1/install/urp_cvt_interfaces/include/urp_cvt_interfaces/urp_cvt_interfaces/srv/detail/generate_cvt_samples__functions.c
-- Up-to-date: /home/songdavid/urp_ws1/install/urp_cvt_interfaces/include/urp_cvt_interfaces/urp_cvt_interfaces/srv/detail/generate_cvt_samples__type_support.h
-- Up-to-date: /home/songdavid/urp_ws1/install/urp_cvt_interfaces/include/urp_cvt_interfaces/urp_cvt_interfaces/srv/detail/generate_cvt_samples__struct.h
-- Up-to-date: /home/songdavid/urp_ws1/install/urp_cvt_interfaces/include/urp_cvt_interfaces/urp_cvt_interfaces/msg
-- Up-to-date: /home/songdavid/urp_ws1/install/urp_cvt_interfaces/include/urp_cvt_interfaces/urp_cvt_interfaces/msg/rosidl_generator_c__visibility_control.h
-- Up-to-date: /home/songdavid/urp_ws1/install/urp_cvt_interfaces/share/urp_cvt_interfaces/environment/library_path.sh
-- Up-to-date: /home/songdavid/urp_ws1/install/urp_cvt_interfaces/share/urp_cvt_interfaces/environment/library_path.dsv
-- Up-to-date: /home/songdavid/urp_ws1/install/urp_cvt_interfaces/lib/liburp_cvt_interfaces__rosidl_generator_c.so
-- Up-to-date: /home/songdavid/urp_ws1/install/urp_cvt_interfaces/include/urp_cvt_interfaces/urp_cvt_interfaces
-- Up-to-date: /home/songdavid/urp_ws1/install/urp_cvt_interfaces/include/urp_cvt_interfaces/urp_cvt_interfaces/srv
-- Up-to-date: /home/songdavid/urp_ws1/install/urp_cvt_interfaces/include/urp_cvt_interfaces/urp_cvt_interfaces/srv/detail
-- Up-to-date: /home/songdavid/urp_ws1/install/urp_cvt_interfaces/include/urp_cvt_interfaces/urp_cvt_interfaces/srv/detail/generate_cvt_samples__rosidl_typesupport_fastrtps_c.h
-- Up-to-date: /home/songdavid/urp_ws1/install/urp_cvt_interfaces/include/urp_cvt_interfaces/urp_cvt_interfaces/msg
-- Up-to-date: /home/songdavid/urp_ws1/install/urp_cvt_interfaces/include/urp_cvt_interfaces/urp_cvt_interfaces/msg/rosidl_typesupport_fastrtps_c__visibility_control.h
-- Up-to-date: /home/songdavid/urp_ws1/install/urp_cvt_interfaces/lib/liburp_cvt_interfaces__rosidl_typesupport_fastrtps_c.so
-- Up-to-date: /home/songdavid/urp_ws1/install/urp_cvt_interfaces/include/urp_cvt_interfaces/urp_cvt_interfaces
-- Up-to-date: /home/songdavid/urp_ws1/install/urp_cvt_interfaces/include/urp_cvt_interfaces/urp_cvt_interfaces/srv
-- Up-to-date: /home/songdavid/urp_ws1/install/urp_cvt_interfaces/include/urp_cvt_interfaces/urp_cvt_interfaces/srv/detail
-- Up-to-date: /home/songdavid/urp_ws1/install/urp_cvt_interfaces/include/urp_cvt_interfaces/urp_cvt_interfaces/srv/detail/generate_cvt_samples__rosidl_typesupport_introspection_c.h
-- Up-to-date: /home/songdavid/urp_ws1/install/urp_cvt_interfaces/include/urp_cvt_interfaces/urp_cvt_interfaces/srv/detail/generate_cvt_samples__type_support.c
-- Up-to-date: /home/songdavid/urp_ws1/install/urp_cvt_interfaces/include/urp_cvt_interfaces/urp_cvt_interfaces/msg
-- Up-to-date: /home/songdavid/urp_ws1/install/urp_cvt_interfaces/include/urp_cvt_interfaces/urp_cvt_interfaces/msg/rosidl_typesupport_introspection_c__visibility_control.h
-- Up-to-date: /home/songdavid/urp_ws1/install/urp_cvt_interfaces/lib/liburp_cvt_interfaces__rosidl_typesupport_introspection_c.so
-- Up-to-date: /home/songdavid/urp_ws1/install/urp_cvt_interfaces/lib/liburp_cvt_interfaces__rosidl_typesupport_c.so
-- Up-to-date: /home/songdavid/urp_ws1/install/urp_cvt_interfaces/include/urp_cvt_interfaces/urp_cvt_interfaces
-- Up-to-date: /home/songdavid/urp_ws1/install/urp_cvt_interfaces/include/urp_cvt_interfaces/urp_cvt_interfaces/srv
-- Up-to-date: /home/songdavid/urp_ws1/install/urp_cvt_interfaces/include/urp_cvt_interfaces/urp_cvt_interfaces/srv/generate_cvt_samples.hpp
-- Up-to-date: /home/songdavid/urp_ws1/install/urp_cvt_interfaces/include/urp_cvt_interfaces/urp_cvt_interfaces/srv/detail
-- Up-to-date: /home/songdavid/urp_ws1/install/urp_cvt_interfaces/include/urp_cvt_interfaces/urp_cvt_interfaces/srv/detail/generate_cvt_samples__traits.hpp
-- Up-to-date: /home/songdavid/urp_ws1/install/urp_cvt_interfaces/include/urp_cvt_interfaces/urp_cvt_interfaces/srv/detail/generate_cvt_samples__struct.hpp
-- Up-to-date: /home/songdavid/urp_ws1/install/urp_cvt_interfaces/include/urp_cvt_interfaces/urp_cvt_interfaces/srv/detail/generate_cvt_samples__type_support.hpp
-- Up-to-date: /home/songdavid/urp_ws1/install/urp_cvt_interfaces/include/urp_cvt_interfaces/urp_cvt_interfaces/srv/detail/generate_cvt_samples__builder.hpp
-- Up-to-date: /home/songdavid/urp_ws1/install/urp_cvt_interfaces/include/urp_cvt_interfaces/urp_cvt_interfaces/msg
-- Up-to-date: /home/songdavid/urp_ws1/install/urp_cvt_interfaces/include/urp_cvt_interfaces/urp_cvt_interfaces/msg/rosidl_generator_cpp__visibility_control.hpp
-- Up-to-date: /home/songdavid/urp_ws1/install/urp_cvt_interfaces/include/urp_cvt_interfaces/urp_cvt_interfaces
-- Up-to-date: /home/songdavid/urp_ws1/install/urp_cvt_interfaces/include/urp_cvt_interfaces/urp_cvt_interfaces/srv
-- Up-to-date: /home/songdavid/urp_ws1/install/urp_cvt_interfaces/include/urp_cvt_interfaces/urp_cvt_interfaces/srv/detail
-- Up-to-date: /home/songdavid/urp_ws1/install/urp_cvt_interfaces/include/urp_cvt_interfaces/urp_cvt_interfaces/srv/detail/dds_fastrtps
-- Up-to-date: /home/songdavid/urp_ws1/install/urp_cvt_interfaces/include/urp_cvt_interfaces/urp_cvt_interfaces/srv/detail/generate_cvt_samples__rosidl_typesupport_fastrtps_cpp.hpp
-- Up-to-date: /home/songdavid/urp_ws1/install/urp_cvt_interfaces/include/urp_cvt_interfaces/urp_cvt_interfaces/msg
-- Up-to-date: /home/songdavid/urp_ws1/install/urp_cvt_interfaces/include/urp_cvt_interfaces/urp_cvt_interfaces/msg/rosidl_typesupport_fastrtps_cpp__visibility_control.h
-- Up-to-date: /home/songdavid/urp_ws1/install/urp_cvt_interfaces/lib/liburp_cvt_interfaces__rosidl_typesupport_fastrtps_cpp.so
-- Up-to-date: /home/songdavid/urp_ws1/install/urp_cvt_interfaces/include/urp_cvt_interfaces/urp_cvt_interfaces
-- Up-to-date: /home/songdavid/urp_ws1/install/urp_cvt_interfaces/include/urp_cvt_interfaces/urp_cvt_interfaces/srv
-- Up-to-date: /home/songdavid/urp_ws1/install/urp_cvt_interfaces/include/urp_cvt_interfaces/urp_cvt_interfaces/srv/detail
-- Up-to-date: /home/songdavid/urp_ws1/install/urp_cvt_interfaces/include/urp_cvt_interfaces/urp_cvt_interfaces/srv/detail/generate_cvt_samples__rosidl_typesupport_introspection_cpp.hpp
-- Up-to-date: /home/songdavid/urp_ws1/install/urp_cvt_interfaces/include/urp_cvt_interfaces/urp_cvt_interfaces/srv/detail/generate_cvt_samples__type_support.cpp
-- Up-to-date: /home/songdavid/urp_ws1/install/urp_cvt_interfaces/lib/liburp_cvt_interfaces__rosidl_typesupport_introspection_cpp.so
-- Up-to-date: /home/songdavid/urp_ws1/install/urp_cvt_interfaces/lib/liburp_cvt_interfaces__rosidl_typesupport_cpp.so
-- Up-to-date: /home/songdavid/urp_ws1/install/urp_cvt_interfaces/share/urp_cvt_interfaces/environment/pythonpath.sh
-- Up-to-date: /home/songdavid/urp_ws1/install/urp_cvt_interfaces/share/urp_cvt_interfaces/environment/pythonpath.dsv
-- Up-to-date: /home/songdavid/urp_ws1/install/urp_cvt_interfaces/local/lib/python3.10/dist-packages/urp_cvt_interfaces-0.0.1-py3.10.egg-info
-- Installing: /home/songdavid/urp_ws1/install/urp_cvt_interfaces/local/lib/python3.10/dist-packages/urp_cvt_interfaces-0.0.1-py3.10.egg-info/SOURCES.txt
-- Installing: /home/songdavid/urp_ws1/install/urp_cvt_interfaces/local/lib/python3.10/dist-packages/urp_cvt_interfaces-0.0.1-py3.10.egg-info/PKG-INFO
-- Installing: /home/songdavid/urp_ws1/install/urp_cvt_interfaces/local/lib/python3.10/dist-packages/urp_cvt_interfaces-0.0.1-py3.10.egg-info/dependency_links.txt
-- Installing: /home/songdavid/urp_ws1/install/urp_cvt_interfaces/local/lib/python3.10/dist-packages/urp_cvt_interfaces-0.0.1-py3.10.egg-info/top_level.txt
-- Up-to-date: /home/songdavid/urp_ws1/install/urp_cvt_interfaces/local/lib/python3.10/dist-packages/urp_cvt_interfaces
-- Up-to-date: /home/songdavid/urp_ws1/install/urp_cvt_interfaces/local/lib/python3.10/dist-packages/urp_cvt_interfaces/urp_cvt_interfaces_s__rosidl_typesupport_fastrtps_c.cpython-310-x86_64-linux-gnu.so
-- Up-to-date: /home/songdavid/urp_ws1/install/urp_cvt_interfaces/local/lib/python3.10/dist-packages/urp_cvt_interfaces/srv
-- Up-to-date: /home/songdavid/urp_ws1/install/urp_cvt_interfaces/local/lib/python3.10/dist-packages/urp_cvt_interfaces/srv/_generate_cvt_samples_s.c
-- Up-to-date: /home/songdavid/urp_ws1/install/urp_cvt_interfaces/local/lib/python3.10/dist-packages/urp_cvt_interfaces/srv/_generate_cvt_samples.py
-- Up-to-date: /home/songdavid/urp_ws1/install/urp_cvt_interfaces/local/lib/python3.10/dist-packages/urp_cvt_interfaces/srv/__init__.py
-- Up-to-date: /home/songdavid/urp_ws1/install/urp_cvt_interfaces/local/lib/python3.10/dist-packages/urp_cvt_interfaces/liburp_cvt_interfaces__rosidl_generator_py.so
-- Up-to-date: /home/songdavid/urp_ws1/install/urp_cvt_interfaces/local/lib/python3.10/dist-packages/urp_cvt_interfaces/_urp_cvt_interfaces_s.ep.rosidl_typesupport_c.c
-- Up-to-date: /home/songdavid/urp_ws1/install/urp_cvt_interfaces/local/lib/python3.10/dist-packages/urp_cvt_interfaces/_urp_cvt_interfaces_s.ep.rosidl_typesupport_fastrtps_c.c
-- Up-to-date: /home/songdavid/urp_ws1/install/urp_cvt_interfaces/local/lib/python3.10/dist-packages/urp_cvt_interfaces/__init__.py
-- Up-to-date: /home/songdavid/urp_ws1/install/urp_cvt_interfaces/local/lib/python3.10/dist-packages/urp_cvt_interfaces/urp_cvt_interfaces_s__rosidl_typesupport_introspection_c.cpython-310-x86_64-linux-gnu.so
-- Up-to-date: /home/songdavid/urp_ws1/install/urp_cvt_interfaces/local/lib/python3.10/dist-packages/urp_cvt_interfaces/_urp_cvt_interfaces_s.ep.rosidl_typesupport_introspection_c.c
-- Up-to-date: /home/songdavid/urp_ws1/install/urp_cvt_interfaces/local/lib/python3.10/dist-packages/urp_cvt_interfaces/urp_cvt_interfaces_s__rosidl_typesupport_c.cpython-310-x86_64-linux-gnu.so
Listing '/home/songdavid/urp_ws1/install/urp_cvt_interfaces/local/lib/python3.10/dist-packages/urp_cvt_interfaces'...
Listing '/home/songdavid/urp_ws1/install/urp_cvt_interfaces/local/lib/python3.10/dist-packages/urp_cvt_interfaces/srv'...
-- Up-to-date: /home/songdavid/urp_ws1/install/urp_cvt_interfaces/local/lib/python3.10/dist-packages/urp_cvt_interfaces/urp_cvt_interfaces_s__rosidl_typesupport_fastrtps_c.cpython-310-x86_64-linux-gnu.so
-- Up-to-date: /home/songdavid/urp_ws1/install/urp_cvt_interfaces/local/lib/python3.10/dist-packages/urp_cvt_interfaces/urp_cvt_interfaces_s__rosidl_typesupport_introspection_c.cpython-310-x86_64-linux-gnu.so
-- Up-to-date: /home/songdavid/urp_ws1/install/urp_cvt_interfaces/local/lib/python3.10/dist-packages/urp_cvt_interfaces/urp_cvt_interfaces_s__rosidl_typesupport_c.cpython-310-x86_64-linux-gnu.so
-- Up-to-date: /home/songdavid/urp_ws1/install/urp_cvt_interfaces/lib/liburp_cvt_interfaces__rosidl_generator_py.so
-- Up-to-date: /home/songdavid/urp_ws1/install/urp_cvt_interfaces/share/urp_cvt_interfaces/srv/GenerateCVTSamples.idl
-- Up-to-date: /home/songdavid/urp_ws1/install/urp_cvt_interfaces/share/urp_cvt_interfaces/srv/GenerateCVTSamples.srv
-- Up-to-date: /home/songdavid/urp_ws1/install/urp_cvt_interfaces/share/urp_cvt_interfaces/srv/GenerateCVTSamples_Request.msg
-- Up-to-date: /home/songdavid/urp_ws1/install/urp_cvt_interfaces/share/urp_cvt_interfaces/srv/GenerateCVTSamples_Response.msg
-- Up-to-date: /home/songdavid/urp_ws1/install/urp_cvt_interfaces/share/ament_index/resource_index/package_run_dependencies/urp_cvt_interfaces
-- Up-to-date: /home/songdavid/urp_ws1/install/urp_cvt_interfaces/share/ament_index/resource_index/parent_prefix_path/urp_cvt_interfaces
-- Up-to-date: /home/songdavid/urp_ws1/install/urp_cvt_interfaces/share/urp_cvt_interfaces/environment/ament_prefix_path.sh
-- Up-to-date: /home/songdavid/urp_ws1/install/urp_cvt_interfaces/share/urp_cvt_interfaces/environment/ament_prefix_path.dsv
-- Up-to-date: /home/songdavid/urp_ws1/install/urp_cvt_interfaces/share/urp_cvt_interfaces/environment/path.sh
-- Up-to-date: /home/songdavid/urp_ws1/install/urp_cvt_interfaces/share/urp_cvt_interfaces/environment/path.dsv
-- Up-to-date: /home/songdavid/urp_ws1/install/urp_cvt_interfaces/share/urp_cvt_interfaces/local_setup.bash
-- Up-to-date: /home/songdavid/urp_ws1/install/urp_cvt_interfaces/share/urp_cvt_interfaces/local_setup.sh
-- Up-to-date: /home/songdavid/urp_ws1/install/urp_cvt_interfaces/share/urp_cvt_interfaces/local_setup.zsh
-- Up-to-date: /home/songdavid/urp_ws1/install/urp_cvt_interfaces/share/urp_cvt_interfaces/local_setup.dsv
-- Installing: /home/songdavid/urp_ws1/install/urp_cvt_interfaces/share/urp_cvt_interfaces/package.dsv
-- Up-to-date: /home/songdavid/urp_ws1/install/urp_cvt_interfaces/share/ament_index/resource_index/packages/urp_cvt_interfaces
-- Up-to-date: /home/songdavid/urp_ws1/install/urp_cvt_interfaces/share/urp_cvt_interfaces/cmake/export_urp_cvt_interfaces__rosidl_generator_cExport.cmake
-- Up-to-date: /home/songdavid/urp_ws1/install/urp_cvt_interfaces/share/urp_cvt_interfaces/cmake/export_urp_cvt_interfaces__rosidl_generator_cExport-noconfig.cmake
-- Up-to-date: /home/songdavid/urp_ws1/install/urp_cvt_interfaces/share/urp_cvt_interfaces/cmake/export_urp_cvt_interfaces__rosidl_typesupport_fastrtps_cExport.cmake
-- Up-to-date: /home/songdavid/urp_ws1/install/urp_cvt_interfaces/share/urp_cvt_interfaces/cmake/export_urp_cvt_interfaces__rosidl_typesupport_fastrtps_cExport-noconfig.cmake
-- Up-to-date: /home/songdavid/urp_ws1/install/urp_cvt_interfaces/share/urp_cvt_interfaces/cmake/urp_cvt_interfaces__rosidl_typesupport_introspection_cExport.cmake
-- Up-to-date: /home/songdavid/urp_ws1/install/urp_cvt_interfaces/share/urp_cvt_interfaces/cmake/urp_cvt_interfaces__rosidl_typesupport_introspection_cExport-noconfig.cmake
-- Up-to-date: /home/songdavid/urp_ws1/install/urp_cvt_interfaces/share/urp_cvt_interfaces/cmake/urp_cvt_interfaces__rosidl_typesupport_cExport.cmake
-- Up-to-date: /home/songdavid/urp_ws1/install/urp_cvt_interfaces/share/urp_cvt_interfaces/cmake/urp_cvt_interfaces__rosidl_typesupport_cExport-noconfig.cmake
-- Up-to-date: /home/songdavid/urp_ws1/install/urp_cvt_interfaces/share/urp_cvt_interfaces/cmake/export_urp_cvt_interfaces__rosidl_generator_cppExport.cmake
-- Up-to-date: /home/songdavid/urp_ws1/install/urp_cvt_interfaces/share/urp_cvt_interfaces/cmake/export_urp_cvt_interfaces__rosidl_typesupport_fastrtps_cppExport.cmake
-- Up-to-date: /home/songdavid/urp_ws1/install/urp_cvt_interfaces/share/urp_cvt_interfaces/cmake/export_urp_cvt_interfaces__rosidl_typesupport_fastrtps_cppExport-noconfig.cmake
-- Up-to-date: /home/songdavid/urp_ws1/install/urp_cvt_interfaces/share/urp_cvt_interfaces/cmake/urp_cvt_interfaces__rosidl_typesupport_introspection_cppExport.cmake
-- Up-to-date: /home/songdavid/urp_ws1/install/urp_cvt_interfaces/share/urp_cvt_interfaces/cmake/urp_cvt_interfaces__rosidl_typesupport_introspection_cppExport-noconfig.cmake
-- Up-to-date: /home/songdavid/urp_ws1/install/urp_cvt_interfaces/share/urp_cvt_interfaces/cmake/urp_cvt_interfaces__rosidl_typesupport_cppExport.cmake
-- Up-to-date: /home/songdavid/urp_ws1/install/urp_cvt_interfaces/share/urp_cvt_interfaces/cmake/urp_cvt_interfaces__rosidl_typesupport_cppExport-noconfig.cmake
-- Up-to-date: /home/songdavid/urp_ws1/install/urp_cvt_interfaces/share/urp_cvt_interfaces/cmake/export_urp_cvt_interfaces__rosidl_generator_pyExport.cmake
-- Up-to-date: /home/songdavid/urp_ws1/install/urp_cvt_interfaces/share/urp_cvt_interfaces/cmake/export_urp_cvt_interfaces__rosidl_generator_pyExport-noconfig.cmake
-- Up-to-date: /home/songdavid/urp_ws1/install/urp_cvt_interfaces/share/urp_cvt_interfaces/cmake/rosidl_cmake-extras.cmake
-- Up-to-date: /home/songdavid/urp_ws1/install/urp_cvt_interfaces/share/urp_cvt_interfaces/cmake/ament_cmake_export_dependencies-extras.cmake
-- Up-to-date: /home/songdavid/urp_ws1/install/urp_cvt_interfaces/share/urp_cvt_interfaces/cmake/ament_cmake_export_include_directories-extras.cmake
-- Up-to-date: /home/songdavid/urp_ws1/install/urp_cvt_interfaces/share/urp_cvt_interfaces/cmake/ament_cmake_export_libraries-extras.cmake
-- Up-to-date: /home/songdavid/urp_ws1/install/urp_cvt_interfaces/share/urp_cvt_interfaces/cmake/ament_cmake_export_targets-extras.cmake
-- Up-to-date: /home/songdavid/urp_ws1/install/urp_cvt_interfaces/share/urp_cvt_interfaces/cmake/rosidl_cmake_export_typesupport_targets-extras.cmake
-- Up-to-date: /home/songdavid/urp_ws1/install/urp_cvt_interfaces/share/urp_cvt_interfaces/cmake/rosidl_cmake_export_typesupport_libraries-extras.cmake
-- Up-to-date: /home/songdavid/urp_ws1/install/urp_cvt_interfaces/share/urp_cvt_interfaces/cmake/urp_cvt_interfacesConfig.cmake
-- Up-to-date: /home/songdavid/urp_ws1/install/urp_cvt_interfaces/share/urp_cvt_interfaces/cmake/urp_cvt_interfacesConfig-version.cmake
-- Up-to-date: /home/songdavid/urp_ws1/install/urp_cvt_interfaces/share/urp_cvt_interfaces/package.xml
