[0.117s] DEBUG:colcon:Command line arguments: ['/usr/bin/colcon', 'build']
[0.117s] DEBUG:colcon:Parsed command line arguments: Namespace(log_base=None, log_level=None, verb_name='build', build_base='build', install_base='install', merge_install=False, symlink_install=False, test_result_base=None, continue_on_error=False, executor='parallel', parallel_workers=8, event_handlers=None, ignore_user_meta=False, metas=['./colcon.meta'], base_paths=['.'], packages_ignore=None, packages_ignore_regex=None, paths=None, packages_up_to=None, packages_up_to_regex=None, packages_above=None, packages_above_and_dependencies=None, packages_above_depth=None, packages_select_by_dep=None, packages_skip_by_dep=None, packages_skip_up_to=None, packages_select_build_failed=False, packages_skip_build_finished=False, packages_select_test_failures=False, packages_skip_test_passed=False, packages_select=None, packages_skip=None, packages_select_regex=None, packages_skip_regex=None, packages_start=None, packages_end=None, allow_overriding=[], cmake_args=None, cmake_target=None, cmake_target_skip_unavailable=False, cmake_clean_cache=False, cmake_clean_first=False, cmake_force_configure=False, ament_cmake_args=None, catkin_cmake_args=None, catkin_skip_building_tests=False, mixin_files=None, mixin=None, verb_parser=<colcon_mixin.mixin.mixin_argument.MixinArgumentDecorator object at 0x7e2ce0ef4e20>, verb_extension=<colcon_core.verb.build.BuildVerb object at 0x7e2ce0ef4040>, main=<bound method BuildVerb.main of <colcon_core.verb.build.BuildVerb object at 0x7e2ce0ef4040>>, mixin_verb=('build',))
[0.280s] Level 1:colcon.colcon_core.package_discovery:discover_packages(colcon_meta) check parameters
[0.281s] Level 1:colcon.colcon_core.package_discovery:discover_packages(recursive) check parameters
[0.281s] Level 1:colcon.colcon_core.package_discovery:discover_packages(ignore) check parameters
[0.281s] Level 1:colcon.colcon_core.package_discovery:discover_packages(path) check parameters
[0.281s] Level 1:colcon.colcon_core.package_discovery:discover_packages(colcon_meta) discover
[0.281s] Level 1:colcon.colcon_core.package_discovery:discover_packages(recursive) discover
[0.281s] INFO:colcon.colcon_core.package_discovery:Crawling recursively for packages in '/home/songdavid/urp_ws1'
[0.281s] Level 1:colcon.colcon_core.package_identification:_identify(.) by extensions ['ignore', 'ignore_ament_install']
[0.281s] Level 1:colcon.colcon_core.package_identification:_identify(.) by extension 'ignore'
[0.281s] Level 1:colcon.colcon_core.package_identification:_identify(.) by extension 'ignore_ament_install'
[0.281s] Level 1:colcon.colcon_core.package_identification:_identify(.) by extensions ['colcon_pkg']
[0.281s] Level 1:colcon.colcon_core.package_identification:_identify(.) by extension 'colcon_pkg'
[0.281s] Level 1:colcon.colcon_core.package_identification:_identify(.) by extensions ['colcon_meta']
[0.281s] Level 1:colcon.colcon_core.package_identification:_identify(.) by extension 'colcon_meta'
[0.281s] Level 1:colcon.colcon_core.package_identification:_identify(.) by extensions ['ros']
[0.281s] Level 1:colcon.colcon_core.package_identification:_identify(.) by extension 'ros'
[0.291s] Level 1:colcon.colcon_core.package_identification:_identify(.) by extensions ['cmake', 'python']
[0.291s] Level 1:colcon.colcon_core.package_identification:_identify(.) by extension 'cmake'
[0.291s] Level 1:colcon.colcon_core.package_identification:_identify(.) by extension 'python'
[0.291s] Level 1:colcon.colcon_core.package_identification:_identify(.) by extensions ['python_setup_py']
[0.291s] Level 1:colcon.colcon_core.package_identification:_identify(.) by extension 'python_setup_py'
[0.291s] Level 1:colcon.colcon_core.package_identification:_identify(build) by extensions ['ignore', 'ignore_ament_install']
[0.292s] Level 1:colcon.colcon_core.package_identification:_identify(build) by extension 'ignore'
[0.292s] Level 1:colcon.colcon_core.package_identification:_identify(build) ignored
[0.292s] Level 1:colcon.colcon_core.package_identification:_identify(install) by extensions ['ignore', 'ignore_ament_install']
[0.292s] Level 1:colcon.colcon_core.package_identification:_identify(install) by extension 'ignore'
[0.292s] Level 1:colcon.colcon_core.package_identification:_identify(install) ignored
[0.292s] Level 1:colcon.colcon_core.package_identification:_identify(log) by extensions ['ignore', 'ignore_ament_install']
[0.292s] Level 1:colcon.colcon_core.package_identification:_identify(log) by extension 'ignore'
[0.292s] Level 1:colcon.colcon_core.package_identification:_identify(log) ignored
[0.292s] Level 1:colcon.colcon_core.package_identification:_identify(src) by extensions ['ignore', 'ignore_ament_install']
[0.292s] Level 1:colcon.colcon_core.package_identification:_identify(src) by extension 'ignore'
[0.293s] Level 1:colcon.colcon_core.package_identification:_identify(src) by extension 'ignore_ament_install'
[0.293s] Level 1:colcon.colcon_core.package_identification:_identify(src) by extensions ['colcon_pkg']
[0.293s] Level 1:colcon.colcon_core.package_identification:_identify(src) by extension 'colcon_pkg'
[0.293s] Level 1:colcon.colcon_core.package_identification:_identify(src) by extensions ['colcon_meta']
[0.293s] Level 1:colcon.colcon_core.package_identification:_identify(src) by extension 'colcon_meta'
[0.293s] Level 1:colcon.colcon_core.package_identification:_identify(src) by extensions ['ros']
[0.293s] Level 1:colcon.colcon_core.package_identification:_identify(src) by extension 'ros'
[0.293s] Level 1:colcon.colcon_core.package_identification:_identify(src) by extensions ['cmake', 'python']
[0.293s] Level 1:colcon.colcon_core.package_identification:_identify(src) by extension 'cmake'
[0.293s] Level 1:colcon.colcon_core.package_identification:_identify(src) by extension 'python'
[0.293s] Level 1:colcon.colcon_core.package_identification:_identify(src) by extensions ['python_setup_py']
[0.293s] Level 1:colcon.colcon_core.package_identification:_identify(src) by extension 'python_setup_py'
[0.293s] Level 1:colcon.colcon_core.package_identification:_identify(src/Meshs) by extensions ['ignore', 'ignore_ament_install']
[0.293s] Level 1:colcon.colcon_core.package_identification:_identify(src/Meshs) by extension 'ignore'
[0.293s] Level 1:colcon.colcon_core.package_identification:_identify(src/Meshs) by extension 'ignore_ament_install'
[0.293s] Level 1:colcon.colcon_core.package_identification:_identify(src/Meshs) by extensions ['colcon_pkg']
[0.293s] Level 1:colcon.colcon_core.package_identification:_identify(src/Meshs) by extension 'colcon_pkg'
[0.293s] Level 1:colcon.colcon_core.package_identification:_identify(src/Meshs) by extensions ['colcon_meta']
[0.293s] Level 1:colcon.colcon_core.package_identification:_identify(src/Meshs) by extension 'colcon_meta'
[0.294s] Level 1:colcon.colcon_core.package_identification:_identify(src/Meshs) by extensions ['ros']
[0.294s] Level 1:colcon.colcon_core.package_identification:_identify(src/Meshs) by extension 'ros'
[0.294s] Level 1:colcon.colcon_core.package_identification:_identify(src/Meshs) by extensions ['cmake', 'python']
[0.294s] Level 1:colcon.colcon_core.package_identification:_identify(src/Meshs) by extension 'cmake'
[0.294s] Level 1:colcon.colcon_core.package_identification:_identify(src/Meshs) by extension 'python'
[0.294s] Level 1:colcon.colcon_core.package_identification:_identify(src/Meshs) by extensions ['python_setup_py']
[0.294s] Level 1:colcon.colcon_core.package_identification:_identify(src/Meshs) by extension 'python_setup_py'
[0.294s] Level 1:colcon.colcon_core.package_identification:_identify(src/Meshs/nrs_surface) by extensions ['ignore', 'ignore_ament_install']
[0.294s] Level 1:colcon.colcon_core.package_identification:_identify(src/Meshs/nrs_surface) by extension 'ignore'
[0.294s] Level 1:colcon.colcon_core.package_identification:_identify(src/Meshs/nrs_surface) by extension 'ignore_ament_install'
[0.294s] Level 1:colcon.colcon_core.package_identification:_identify(src/Meshs/nrs_surface) by extensions ['colcon_pkg']
[0.294s] Level 1:colcon.colcon_core.package_identification:_identify(src/Meshs/nrs_surface) by extension 'colcon_pkg'
[0.294s] Level 1:colcon.colcon_core.package_identification:_identify(src/Meshs/nrs_surface) by extensions ['colcon_meta']
[0.294s] Level 1:colcon.colcon_core.package_identification:_identify(src/Meshs/nrs_surface) by extension 'colcon_meta'
[0.294s] Level 1:colcon.colcon_core.package_identification:_identify(src/Meshs/nrs_surface) by extensions ['ros']
[0.294s] Level 1:colcon.colcon_core.package_identification:_identify(src/Meshs/nrs_surface) by extension 'ros'
[0.294s] Level 1:colcon.colcon_core.package_identification:_identify(src/Meshs/nrs_surface) by extensions ['cmake', 'python']
[0.294s] Level 1:colcon.colcon_core.package_identification:_identify(src/Meshs/nrs_surface) by extension 'cmake'
[0.294s] Level 1:colcon.colcon_core.package_identification:_identify(src/Meshs/nrs_surface) by extension 'python'
[0.294s] Level 1:colcon.colcon_core.package_identification:_identify(src/Meshs/nrs_surface) by extensions ['python_setup_py']
[0.295s] Level 1:colcon.colcon_core.package_identification:_identify(src/Meshs/nrs_surface) by extension 'python_setup_py'
[0.295s] Level 1:colcon.colcon_core.package_identification:_identify(src/Meshs/nrs_surface/Compound) by extensions ['ignore', 'ignore_ament_install']
[0.295s] Level 1:colcon.colcon_core.package_identification:_identify(src/Meshs/nrs_surface/Compound) by extension 'ignore'
[0.295s] Level 1:colcon.colcon_core.package_identification:_identify(src/Meshs/nrs_surface/Compound) by extension 'ignore_ament_install'
[0.295s] Level 1:colcon.colcon_core.package_identification:_identify(src/Meshs/nrs_surface/Compound) by extensions ['colcon_pkg']
[0.295s] Level 1:colcon.colcon_core.package_identification:_identify(src/Meshs/nrs_surface/Compound) by extension 'colcon_pkg'
[0.295s] Level 1:colcon.colcon_core.package_identification:_identify(src/Meshs/nrs_surface/Compound) by extensions ['colcon_meta']
[0.295s] Level 1:colcon.colcon_core.package_identification:_identify(src/Meshs/nrs_surface/Compound) by extension 'colcon_meta'
[0.295s] Level 1:colcon.colcon_core.package_identification:_identify(src/Meshs/nrs_surface/Compound) by extensions ['ros']
[0.295s] Level 1:colcon.colcon_core.package_identification:_identify(src/Meshs/nrs_surface/Compound) by extension 'ros'
[0.295s] Level 1:colcon.colcon_core.package_identification:_identify(src/Meshs/nrs_surface/Compound) by extensions ['cmake', 'python']
[0.295s] Level 1:colcon.colcon_core.package_identification:_identify(src/Meshs/nrs_surface/Compound) by extension 'cmake'
[0.295s] Level 1:colcon.colcon_core.package_identification:_identify(src/Meshs/nrs_surface/Compound) by extension 'python'
[0.295s] Level 1:colcon.colcon_core.package_identification:_identify(src/Meshs/nrs_surface/Compound) by extensions ['python_setup_py']
[0.295s] Level 1:colcon.colcon_core.package_identification:_identify(src/Meshs/nrs_surface/Compound) by extension 'python_setup_py'
[0.295s] Level 1:colcon.colcon_core.package_identification:_identify(src/Meshs/nrs_surface/Compound/OldVersions) by extensions ['ignore', 'ignore_ament_install']
[0.295s] Level 1:colcon.colcon_core.package_identification:_identify(src/Meshs/nrs_surface/Compound/OldVersions) by extension 'ignore'
[0.296s] Level 1:colcon.colcon_core.package_identification:_identify(src/Meshs/nrs_surface/Compound/OldVersions) by extension 'ignore_ament_install'
[0.296s] Level 1:colcon.colcon_core.package_identification:_identify(src/Meshs/nrs_surface/Compound/OldVersions) by extensions ['colcon_pkg']
[0.296s] Level 1:colcon.colcon_core.package_identification:_identify(src/Meshs/nrs_surface/Compound/OldVersions) by extension 'colcon_pkg'
[0.296s] Level 1:colcon.colcon_core.package_identification:_identify(src/Meshs/nrs_surface/Compound/OldVersions) by extensions ['colcon_meta']
[0.296s] Level 1:colcon.colcon_core.package_identification:_identify(src/Meshs/nrs_surface/Compound/OldVersions) by extension 'colcon_meta'
[0.296s] Level 1:colcon.colcon_core.package_identification:_identify(src/Meshs/nrs_surface/Compound/OldVersions) by extensions ['ros']
[0.296s] Level 1:colcon.colcon_core.package_identification:_identify(src/Meshs/nrs_surface/Compound/OldVersions) by extension 'ros'
[0.296s] Level 1:colcon.colcon_core.package_identification:_identify(src/Meshs/nrs_surface/Compound/OldVersions) by extensions ['cmake', 'python']
[0.296s] Level 1:colcon.colcon_core.package_identification:_identify(src/Meshs/nrs_surface/Compound/OldVersions) by extension 'cmake'
[0.296s] Level 1:colcon.colcon_core.package_identification:_identify(src/Meshs/nrs_surface/Compound/OldVersions) by extension 'python'
[0.296s] Level 1:colcon.colcon_core.package_identification:_identify(src/Meshs/nrs_surface/Compound/OldVersions) by extensions ['python_setup_py']
[0.296s] Level 1:colcon.colcon_core.package_identification:_identify(src/Meshs/nrs_surface/Compound/OldVersions) by extension 'python_setup_py'
[0.296s] Level 1:colcon.colcon_core.package_identification:_identify(src/Meshs/nrs_surface/OldVersions) by extensions ['ignore', 'ignore_ament_install']
[0.296s] Level 1:colcon.colcon_core.package_identification:_identify(src/Meshs/nrs_surface/OldVersions) by extension 'ignore'
[0.296s] Level 1:colcon.colcon_core.package_identification:_identify(src/Meshs/nrs_surface/OldVersions) by extension 'ignore_ament_install'
[0.296s] Level 1:colcon.colcon_core.package_identification:_identify(src/Meshs/nrs_surface/OldVersions) by extensions ['colcon_pkg']
[0.296s] Level 1:colcon.colcon_core.package_identification:_identify(src/Meshs/nrs_surface/OldVersions) by extension 'colcon_pkg'
[0.296s] Level 1:colcon.colcon_core.package_identification:_identify(src/Meshs/nrs_surface/OldVersions) by extensions ['colcon_meta']
[0.296s] Level 1:colcon.colcon_core.package_identification:_identify(src/Meshs/nrs_surface/OldVersions) by extension 'colcon_meta'
[0.297s] Level 1:colcon.colcon_core.package_identification:_identify(src/Meshs/nrs_surface/OldVersions) by extensions ['ros']
[0.297s] Level 1:colcon.colcon_core.package_identification:_identify(src/Meshs/nrs_surface/OldVersions) by extension 'ros'
[0.297s] Level 1:colcon.colcon_core.package_identification:_identify(src/Meshs/nrs_surface/OldVersions) by extensions ['cmake', 'python']
[0.297s] Level 1:colcon.colcon_core.package_identification:_identify(src/Meshs/nrs_surface/OldVersions) by extension 'cmake'
[0.297s] Level 1:colcon.colcon_core.package_identification:_identify(src/Meshs/nrs_surface/OldVersions) by extension 'python'
[0.297s] Level 1:colcon.colcon_core.package_identification:_identify(src/Meshs/nrs_surface/OldVersions) by extensions ['python_setup_py']
[0.297s] Level 1:colcon.colcon_core.package_identification:_identify(src/Meshs/nrs_surface/OldVersions) by extension 'python_setup_py'
[0.297s] Level 1:colcon.colcon_core.package_identification:_identify(src/urp_cvt_interfaces) by extensions ['ignore', 'ignore_ament_install']
[0.297s] Level 1:colcon.colcon_core.package_identification:_identify(src/urp_cvt_interfaces) by extension 'ignore'
[0.297s] Level 1:colcon.colcon_core.package_identification:_identify(src/urp_cvt_interfaces) by extension 'ignore_ament_install'
[0.297s] Level 1:colcon.colcon_core.package_identification:_identify(src/urp_cvt_interfaces) by extensions ['colcon_pkg']
[0.297s] Level 1:colcon.colcon_core.package_identification:_identify(src/urp_cvt_interfaces) by extension 'colcon_pkg'
[0.297s] Level 1:colcon.colcon_core.package_identification:_identify(src/urp_cvt_interfaces) by extensions ['colcon_meta']
[0.297s] Level 1:colcon.colcon_core.package_identification:_identify(src/urp_cvt_interfaces) by extension 'colcon_meta'
[0.297s] Level 1:colcon.colcon_core.package_identification:_identify(src/urp_cvt_interfaces) by extensions ['ros']
[0.297s] Level 1:colcon.colcon_core.package_identification:_identify(src/urp_cvt_interfaces) by extension 'ros'
[0.299s] DEBUG:colcon.colcon_core.package_identification:Package 'src/urp_cvt_interfaces' with type 'ros.catkin' and name 'urp_cvt_interfaces'
[0.300s] Level 1:colcon.colcon_core.package_identification:_identify(src/urp_cvt_sampling) by extensions ['ignore', 'ignore_ament_install']
[0.300s] Level 1:colcon.colcon_core.package_identification:_identify(src/urp_cvt_sampling) by extension 'ignore'
[0.300s] Level 1:colcon.colcon_core.package_identification:_identify(src/urp_cvt_sampling) by extension 'ignore_ament_install'
[0.300s] Level 1:colcon.colcon_core.package_identification:_identify(src/urp_cvt_sampling) by extensions ['colcon_pkg']
[0.300s] Level 1:colcon.colcon_core.package_identification:_identify(src/urp_cvt_sampling) by extension 'colcon_pkg'
[0.300s] Level 1:colcon.colcon_core.package_identification:_identify(src/urp_cvt_sampling) by extensions ['colcon_meta']
[0.300s] Level 1:colcon.colcon_core.package_identification:_identify(src/urp_cvt_sampling) by extension 'colcon_meta'
[0.300s] Level 1:colcon.colcon_core.package_identification:_identify(src/urp_cvt_sampling) by extensions ['ros']
[0.300s] Level 1:colcon.colcon_core.package_identification:_identify(src/urp_cvt_sampling) by extension 'ros'
[0.301s] DEBUG:colcon.colcon_core.package_identification:Package 'src/urp_cvt_sampling' with type 'ros.ament_python' and name 'urp_cvt_sampling'
[0.301s] Level 1:colcon.colcon_core.package_discovery:discover_packages(recursive) using defaults
[0.301s] Level 1:colcon.colcon_core.package_discovery:discover_packages(ignore) discover
[0.301s] Level 1:colcon.colcon_core.package_discovery:discover_packages(ignore) using defaults
[0.301s] Level 1:colcon.colcon_core.package_discovery:discover_packages(path) discover
[0.301s] Level 1:colcon.colcon_core.package_discovery:discover_packages(path) using defaults
[0.332s] Level 1:colcon.colcon_core.package_discovery:discover_packages(prefix_path) check parameters
[0.332s] Level 1:colcon.colcon_core.package_discovery:discover_packages(prefix_path) discover
[0.334s] DEBUG:colcon.colcon_installed_package_information.package_discovery:Found 21 installed packages in /home/songdavid/turtlebot3_ws/install
[0.336s] DEBUG:colcon.colcon_installed_package_information.package_discovery:Found 410 installed packages in /opt/ros/humble
[0.338s] Level 1:colcon.colcon_core.package_discovery:discover_packages(prefix_path) using defaults
[0.386s] Level 5:colcon.colcon_core.verb:set package 'urp_cvt_interfaces' build argument 'cmake_args' from command line to 'None'
[0.386s] Level 5:colcon.colcon_core.verb:set package 'urp_cvt_interfaces' build argument 'cmake_target' from command line to 'None'
[0.386s] Level 5:colcon.colcon_core.verb:set package 'urp_cvt_interfaces' build argument 'cmake_target_skip_unavailable' from command line to 'False'
[0.386s] Level 5:colcon.colcon_core.verb:set package 'urp_cvt_interfaces' build argument 'cmake_clean_cache' from command line to 'False'
[0.386s] Level 5:colcon.colcon_core.verb:set package 'urp_cvt_interfaces' build argument 'cmake_clean_first' from command line to 'False'
[0.386s] Level 5:colcon.colcon_core.verb:set package 'urp_cvt_interfaces' build argument 'cmake_force_configure' from command line to 'False'
[0.386s] Level 5:colcon.colcon_core.verb:set package 'urp_cvt_interfaces' build argument 'ament_cmake_args' from command line to 'None'
[0.386s] Level 5:colcon.colcon_core.verb:set package 'urp_cvt_interfaces' build argument 'catkin_cmake_args' from command line to 'None'
[0.386s] Level 5:colcon.colcon_core.verb:set package 'urp_cvt_interfaces' build argument 'catkin_skip_building_tests' from command line to 'False'
[0.386s] DEBUG:colcon.colcon_core.verb:Building package 'urp_cvt_interfaces' with the following arguments: {'ament_cmake_args': None, 'build_base': '/home/songdavid/urp_ws1/build/urp_cvt_interfaces', 'catkin_cmake_args': None, 'catkin_skip_building_tests': False, 'cmake_args': None, 'cmake_clean_cache': False, 'cmake_clean_first': False, 'cmake_force_configure': False, 'cmake_target': None, 'cmake_target_skip_unavailable': False, 'install_base': '/home/songdavid/urp_ws1/install/urp_cvt_interfaces', 'merge_install': False, 'path': '/home/songdavid/urp_ws1/src/urp_cvt_interfaces', 'symlink_install': False, 'test_result_base': None}
[0.386s] Level 5:colcon.colcon_core.verb:set package 'urp_cvt_sampling' build argument 'cmake_args' from command line to 'None'
[0.386s] Level 5:colcon.colcon_core.verb:set package 'urp_cvt_sampling' build argument 'cmake_target' from command line to 'None'
[0.386s] Level 5:colcon.colcon_core.verb:set package 'urp_cvt_sampling' build argument 'cmake_target_skip_unavailable' from command line to 'False'
[0.386s] Level 5:colcon.colcon_core.verb:set package 'urp_cvt_sampling' build argument 'cmake_clean_cache' from command line to 'False'
[0.386s] Level 5:colcon.colcon_core.verb:set package 'urp_cvt_sampling' build argument 'cmake_clean_first' from command line to 'False'
[0.386s] Level 5:colcon.colcon_core.verb:set package 'urp_cvt_sampling' build argument 'cmake_force_configure' from command line to 'False'
[0.386s] Level 5:colcon.colcon_core.verb:set package 'urp_cvt_sampling' build argument 'ament_cmake_args' from command line to 'None'
[0.386s] Level 5:colcon.colcon_core.verb:set package 'urp_cvt_sampling' build argument 'catkin_cmake_args' from command line to 'None'
[0.386s] Level 5:colcon.colcon_core.verb:set package 'urp_cvt_sampling' build argument 'catkin_skip_building_tests' from command line to 'False'
[0.387s] DEBUG:colcon.colcon_core.verb:Building package 'urp_cvt_sampling' with the following arguments: {'ament_cmake_args': None, 'build_base': '/home/songdavid/urp_ws1/build/urp_cvt_sampling', 'catkin_cmake_args': None, 'catkin_skip_building_tests': False, 'cmake_args': None, 'cmake_clean_cache': False, 'cmake_clean_first': False, 'cmake_force_configure': False, 'cmake_target': None, 'cmake_target_skip_unavailable': False, 'install_base': '/home/songdavid/urp_ws1/install/urp_cvt_sampling', 'merge_install': False, 'path': '/home/songdavid/urp_ws1/src/urp_cvt_sampling', 'symlink_install': False, 'test_result_base': None}
[0.387s] INFO:colcon.colcon_core.executor:Executing jobs using 'parallel' executor
[0.388s] DEBUG:colcon.colcon_parallel_executor.executor.parallel:run_until_complete
[0.388s] INFO:colcon.colcon_ros.task.catkin.build:Building ROS package in '/home/songdavid/urp_ws1/src/urp_cvt_interfaces' with build type 'catkin'
[0.388s] INFO:colcon.colcon_cmake.task.cmake.build:Building CMake package in '/home/songdavid/urp_ws1/src/urp_cvt_interfaces'
[0.390s] INFO:colcon.colcon_core.plugin_system:Skipping extension 'colcon_core.shell.bat': Not used on non-Windows systems
[0.391s] INFO:colcon.colcon_core.shell:Skip shell extension 'powershell' for command environment: Not usable outside of PowerShell
[0.391s] DEBUG:colcon.colcon_core.shell:Skip shell extension 'dsv' for command environment
[0.402s] DEBUG:colcon.colcon_core.event_handler.log_command:Invoking command in '/home/songdavid/urp_ws1/build/urp_cvt_interfaces': /usr/bin/cmake --build /home/songdavid/urp_ws1/build/urp_cvt_interfaces -- -j8 -l8
[0.762s] DEBUG:colcon.colcon_core.event_handler.log_command:Invoked command in '/home/songdavid/urp_ws1/build/urp_cvt_interfaces' returned '0': /usr/bin/cmake --build /home/songdavid/urp_ws1/build/urp_cvt_interfaces -- -j8 -l8
[0.771s] DEBUG:colcon.colcon_core.event_handler.log_command:Invoking command in '/home/songdavid/urp_ws1/build/urp_cvt_interfaces': /usr/bin/cmake --install /home/songdavid/urp_ws1/build/urp_cvt_interfaces
[0.824s] DEBUG:colcon.colcon_core.event_handler.log_command:Invoked command in '/home/songdavid/urp_ws1/build/urp_cvt_interfaces' returned '0': /usr/bin/cmake --install /home/songdavid/urp_ws1/build/urp_cvt_interfaces
[0.824s] Level 1:colcon.colcon_core.shell:create_environment_hook('urp_cvt_interfaces', 'ros_package_path')
[0.824s] INFO:colcon.colcon_core.shell:Creating environment hook '/home/songdavid/urp_ws1/install/urp_cvt_interfaces/share/urp_cvt_interfaces/hook/ros_package_path.ps1'
[0.825s] INFO:colcon.colcon_core.shell:Creating environment descriptor '/home/songdavid/urp_ws1/install/urp_cvt_interfaces/share/urp_cvt_interfaces/hook/ros_package_path.dsv'
[0.825s] INFO:colcon.colcon_core.shell:Creating environment hook '/home/songdavid/urp_ws1/install/urp_cvt_interfaces/share/urp_cvt_interfaces/hook/ros_package_path.sh'
[0.826s] Level 1:colcon.colcon_ros.task.catkin:checking '/home/songdavid/urp_ws1/install/urp_cvt_interfaces/local/lib/python3.10/dist-packages'
[0.826s] Level 1:colcon.colcon_core.shell:create_environment_hook('urp_cvt_interfaces', 'catkin_pythonpath')
[0.826s] INFO:colcon.colcon_core.shell:Creating environment hook '/home/songdavid/urp_ws1/install/urp_cvt_interfaces/share/urp_cvt_interfaces/hook/catkin_pythonpath.ps1'
[0.827s] INFO:colcon.colcon_core.shell:Creating environment descriptor '/home/songdavid/urp_ws1/install/urp_cvt_interfaces/share/urp_cvt_interfaces/hook/catkin_pythonpath.dsv'
[0.827s] INFO:colcon.colcon_core.shell:Creating environment hook '/home/songdavid/urp_ws1/install/urp_cvt_interfaces/share/urp_cvt_interfaces/hook/catkin_pythonpath.sh'
[0.827s] Level 1:colcon.colcon_core.shell:create_environment_hook('urp_cvt_interfaces', 'pkg_config_path')
[0.827s] INFO:colcon.colcon_core.shell:Creating environment hook '/home/songdavid/urp_ws1/install/urp_cvt_interfaces/share/urp_cvt_interfaces/hook/pkg_config_path.ps1'
[0.828s] INFO:colcon.colcon_core.shell:Creating environment descriptor '/home/songdavid/urp_ws1/install/urp_cvt_interfaces/share/urp_cvt_interfaces/hook/pkg_config_path.dsv'
[0.828s] INFO:colcon.colcon_core.shell:Creating environment hook '/home/songdavid/urp_ws1/install/urp_cvt_interfaces/share/urp_cvt_interfaces/hook/pkg_config_path.sh'
[0.830s] Level 1:colcon.colcon_core.shell:create_environment_hook('urp_cvt_interfaces', 'pkg_config_path_multiarch')
[0.830s] INFO:colcon.colcon_core.shell:Creating environment hook '/home/songdavid/urp_ws1/install/urp_cvt_interfaces/share/urp_cvt_interfaces/hook/pkg_config_path_multiarch.ps1'
[0.830s] INFO:colcon.colcon_core.shell:Creating environment descriptor '/home/songdavid/urp_ws1/install/urp_cvt_interfaces/share/urp_cvt_interfaces/hook/pkg_config_path_multiarch.dsv'
[0.830s] INFO:colcon.colcon_core.shell:Creating environment hook '/home/songdavid/urp_ws1/install/urp_cvt_interfaces/share/urp_cvt_interfaces/hook/pkg_config_path_multiarch.sh'
[0.831s] Level 1:colcon.colcon_core.environment:create_environment_scripts_only(urp_cvt_interfaces)
[0.834s] Level 1:colcon.colcon_core.environment:checking '/home/songdavid/urp_ws1/install/urp_cvt_interfaces' for CMake module files
[0.834s] Level 1:colcon.colcon_core.environment:checking '/home/songdavid/urp_ws1/install/urp_cvt_interfaces' for CMake config files
[0.834s] Level 1:colcon.colcon_core.shell:create_environment_hook('urp_cvt_interfaces', 'cmake_prefix_path')
[0.835s] INFO:colcon.colcon_core.shell:Creating environment hook '/home/songdavid/urp_ws1/install/urp_cvt_interfaces/share/urp_cvt_interfaces/hook/cmake_prefix_path.ps1'
[0.835s] INFO:colcon.colcon_core.shell:Creating environment descriptor '/home/songdavid/urp_ws1/install/urp_cvt_interfaces/share/urp_cvt_interfaces/hook/cmake_prefix_path.dsv'
[0.835s] INFO:colcon.colcon_core.shell:Creating environment hook '/home/songdavid/urp_ws1/install/urp_cvt_interfaces/share/urp_cvt_interfaces/hook/cmake_prefix_path.sh'
[0.836s] Level 1:colcon.colcon_core.environment:checking '/home/songdavid/urp_ws1/install/urp_cvt_interfaces/lib'
[0.836s] Level 1:colcon.colcon_core.shell:create_environment_hook('urp_cvt_interfaces', 'ld_library_path_lib')
[0.836s] INFO:colcon.colcon_core.shell:Creating environment hook '/home/songdavid/urp_ws1/install/urp_cvt_interfaces/share/urp_cvt_interfaces/hook/ld_library_path_lib.ps1'
[0.837s] INFO:colcon.colcon_core.shell:Creating environment descriptor '/home/songdavid/urp_ws1/install/urp_cvt_interfaces/share/urp_cvt_interfaces/hook/ld_library_path_lib.dsv'
[0.837s] INFO:colcon.colcon_core.shell:Creating environment hook '/home/songdavid/urp_ws1/install/urp_cvt_interfaces/share/urp_cvt_interfaces/hook/ld_library_path_lib.sh'
[0.837s] Level 1:colcon.colcon_core.environment:checking '/home/songdavid/urp_ws1/install/urp_cvt_interfaces/bin'
[0.837s] Level 1:colcon.colcon_core.environment:checking '/home/songdavid/urp_ws1/install/urp_cvt_interfaces/lib/pkgconfig/urp_cvt_interfaces.pc'
[0.838s] Level 1:colcon.colcon_core.environment:checking '/home/songdavid/urp_ws1/install/urp_cvt_interfaces/lib/python3.10/site-packages'
[0.838s] Level 1:colcon.colcon_core.environment:checking '/home/songdavid/urp_ws1/install/urp_cvt_interfaces/bin'
[0.838s] INFO:colcon.colcon_core.shell:Creating package script '/home/songdavid/urp_ws1/install/urp_cvt_interfaces/share/urp_cvt_interfaces/package.ps1'
[0.839s] INFO:colcon.colcon_core.shell:Creating package descriptor '/home/songdavid/urp_ws1/install/urp_cvt_interfaces/share/urp_cvt_interfaces/package.dsv'
[0.840s] INFO:colcon.colcon_core.shell:Creating package script '/home/songdavid/urp_ws1/install/urp_cvt_interfaces/share/urp_cvt_interfaces/package.sh'
[0.841s] INFO:colcon.colcon_core.shell:Creating package script '/home/songdavid/urp_ws1/install/urp_cvt_interfaces/share/urp_cvt_interfaces/package.bash'
[0.841s] INFO:colcon.colcon_core.shell:Creating package script '/home/songdavid/urp_ws1/install/urp_cvt_interfaces/share/urp_cvt_interfaces/package.zsh'
[0.842s] Level 1:colcon.colcon_core.environment:create_file_with_runtime_dependencies(/home/songdavid/urp_ws1/install/urp_cvt_interfaces/share/colcon-core/packages/urp_cvt_interfaces)
[0.842s] INFO:colcon.colcon_ros.task.ament_python.build:Building ROS package in '/home/songdavid/urp_ws1/src/urp_cvt_sampling' with build type 'ament_python'
[0.843s] Level 1:colcon.colcon_core.shell:create_environment_hook('urp_cvt_sampling', 'ament_prefix_path')
[0.843s] INFO:colcon.colcon_core.shell:Creating environment hook '/home/songdavid/urp_ws1/install/urp_cvt_sampling/share/urp_cvt_sampling/hook/ament_prefix_path.ps1'
[0.843s] INFO:colcon.colcon_core.shell:Creating environment descriptor '/home/songdavid/urp_ws1/install/urp_cvt_sampling/share/urp_cvt_sampling/hook/ament_prefix_path.dsv'
[0.844s] INFO:colcon.colcon_core.shell:Creating environment hook '/home/songdavid/urp_ws1/install/urp_cvt_sampling/share/urp_cvt_sampling/hook/ament_prefix_path.sh'
[0.844s] INFO:colcon.colcon_core.shell:Skip shell extension 'powershell' for command environment: Not usable outside of PowerShell
[0.844s] DEBUG:colcon.colcon_core.shell:Skip shell extension 'dsv' for command environment
[1.105s] INFO:colcon.colcon_core.task.python.build:Building Python package in '/home/songdavid/urp_ws1/src/urp_cvt_sampling'
[1.106s] INFO:colcon.colcon_core.shell:Skip shell extension 'powershell' for command environment: Not usable outside of PowerShell
[1.106s] DEBUG:colcon.colcon_core.shell:Skip shell extension 'dsv' for command environment
[1.458s] DEBUG:colcon.colcon_core.event_handler.log_command:Invoking command in '/home/songdavid/urp_ws1/src/urp_cvt_sampling': CMAKE_PREFIX_PATH=/home/songdavid/urp_ws1/install/urp_cvt_interfaces:${CMAKE_PREFIX_PATH} LD_LIBRARY_PATH=/home/songdavid/urp_ws1/install/urp_cvt_interfaces/lib:/home/songdavid/turtlebot3_ws/install/turtlebot3_msgs/lib:/home/songdavid/turtlebot3_ws/install/explorer_interfaces/lib:/home/songdavid/turtlebot3_ws/install/dynamixel_sdk_custom_interfaces/lib:/home/songdavid/turtlebot3_ws/install/dynamixel_sdk/lib:/usr/lib/x86_64-linux-gnu/gazebo-11/plugins:/opt/ros/humble/opt/rviz_ogre_vendor/lib:/opt/ros/humble/lib/x86_64-linux-gnu:/opt/ros/humble/lib:/usr/lib/x86_64-linux-gnu/gazebo-11/plugins PKG_CONFIG_PATH=/home/songdavid/urp_ws1/install/urp_cvt_interfaces/lib/x86_64-linux-gnu/pkgconfig:/home/songdavid/urp_ws1/install/urp_cvt_interfaces/lib/pkgconfig PYTHONPATH=/home/songdavid/urp_ws1/build/urp_cvt_sampling/prefix_override:/usr/lib/python3/dist-packages/colcon_core/task/python/colcon_distutils_commands:/home/songdavid/urp_ws1/install/urp_cvt_sampling/lib/python3.10/site-packages:/home/songdavid/urp_ws1/install/urp_cvt_interfaces/local/lib/python3.10/dist-packages:${PYTHONPATH} ROS_PACKAGE_PATH=/home/songdavid/urp_ws1/install/urp_cvt_interfaces/share /usr/bin/python3 -W ignore:setup.py install is deprecated -W ignore:easy_install command is deprecated setup.py egg_info --egg-base ../../build/urp_cvt_sampling build --build-base /home/songdavid/urp_ws1/build/urp_cvt_sampling/build install --record /home/songdavid/urp_ws1/build/urp_cvt_sampling/install.log --single-version-externally-managed install_data
[1.753s] Level 1:colcon.colcon_core.environment:checking '/home/songdavid/urp_ws1/install/urp_cvt_sampling' for CMake module files
[1.753s] DEBUG:colcon.colcon_core.event_handler.log_command:Invoked command in '/home/songdavid/urp_ws1/src/urp_cvt_sampling' returned '0': CMAKE_PREFIX_PATH=/home/songdavid/urp_ws1/install/urp_cvt_interfaces:${CMAKE_PREFIX_PATH} LD_LIBRARY_PATH=/home/songdavid/urp_ws1/install/urp_cvt_interfaces/lib:/home/songdavid/turtlebot3_ws/install/turtlebot3_msgs/lib:/home/songdavid/turtlebot3_ws/install/explorer_interfaces/lib:/home/songdavid/turtlebot3_ws/install/dynamixel_sdk_custom_interfaces/lib:/home/songdavid/turtlebot3_ws/install/dynamixel_sdk/lib:/usr/lib/x86_64-linux-gnu/gazebo-11/plugins:/opt/ros/humble/opt/rviz_ogre_vendor/lib:/opt/ros/humble/lib/x86_64-linux-gnu:/opt/ros/humble/lib:/usr/lib/x86_64-linux-gnu/gazebo-11/plugins PKG_CONFIG_PATH=/home/songdavid/urp_ws1/install/urp_cvt_interfaces/lib/x86_64-linux-gnu/pkgconfig:/home/songdavid/urp_ws1/install/urp_cvt_interfaces/lib/pkgconfig PYTHONPATH=/home/songdavid/urp_ws1/build/urp_cvt_sampling/prefix_override:/usr/lib/python3/dist-packages/colcon_core/task/python/colcon_distutils_commands:/home/songdavid/urp_ws1/install/urp_cvt_sampling/lib/python3.10/site-packages:/home/songdavid/urp_ws1/install/urp_cvt_interfaces/local/lib/python3.10/dist-packages:${PYTHONPATH} ROS_PACKAGE_PATH=/home/songdavid/urp_ws1/install/urp_cvt_interfaces/share /usr/bin/python3 -W ignore:setup.py install is deprecated -W ignore:easy_install command is deprecated setup.py egg_info --egg-base ../../build/urp_cvt_sampling build --build-base /home/songdavid/urp_ws1/build/urp_cvt_sampling/build install --record /home/songdavid/urp_ws1/build/urp_cvt_sampling/install.log --single-version-externally-managed install_data
[1.754s] Level 1:colcon.colcon_core.environment:checking '/home/songdavid/urp_ws1/install/urp_cvt_sampling' for CMake config files
[1.754s] Level 1:colcon.colcon_core.environment:checking '/home/songdavid/urp_ws1/install/urp_cvt_sampling/lib'
[1.754s] Level 1:colcon.colcon_core.environment:checking '/home/songdavid/urp_ws1/install/urp_cvt_sampling/bin'
[1.754s] Level 1:colcon.colcon_core.environment:checking '/home/songdavid/urp_ws1/install/urp_cvt_sampling/lib/pkgconfig/urp_cvt_sampling.pc'
[1.755s] Level 1:colcon.colcon_core.environment:checking '/home/songdavid/urp_ws1/install/urp_cvt_sampling/lib/python3.10/site-packages'
[1.755s] Level 1:colcon.colcon_core.shell:create_environment_hook('urp_cvt_sampling', 'pythonpath')
[1.755s] INFO:colcon.colcon_core.shell:Creating environment hook '/home/songdavid/urp_ws1/install/urp_cvt_sampling/share/urp_cvt_sampling/hook/pythonpath.ps1'
[1.755s] INFO:colcon.colcon_core.shell:Creating environment descriptor '/home/songdavid/urp_ws1/install/urp_cvt_sampling/share/urp_cvt_sampling/hook/pythonpath.dsv'
[1.756s] INFO:colcon.colcon_core.shell:Creating environment hook '/home/songdavid/urp_ws1/install/urp_cvt_sampling/share/urp_cvt_sampling/hook/pythonpath.sh'
[1.756s] Level 1:colcon.colcon_core.environment:checking '/home/songdavid/urp_ws1/install/urp_cvt_sampling/bin'
[1.756s] Level 1:colcon.colcon_core.environment:create_environment_scripts_only(urp_cvt_sampling)
[1.757s] INFO:colcon.colcon_core.shell:Creating package script '/home/songdavid/urp_ws1/install/urp_cvt_sampling/share/urp_cvt_sampling/package.ps1'
[1.757s] INFO:colcon.colcon_core.shell:Creating package descriptor '/home/songdavid/urp_ws1/install/urp_cvt_sampling/share/urp_cvt_sampling/package.dsv'
[1.758s] INFO:colcon.colcon_core.shell:Creating package script '/home/songdavid/urp_ws1/install/urp_cvt_sampling/share/urp_cvt_sampling/package.sh'
[1.758s] INFO:colcon.colcon_core.shell:Creating package script '/home/songdavid/urp_ws1/install/urp_cvt_sampling/share/urp_cvt_sampling/package.bash'
[1.758s] INFO:colcon.colcon_core.shell:Creating package script '/home/songdavid/urp_ws1/install/urp_cvt_sampling/share/urp_cvt_sampling/package.zsh'
[1.759s] Level 1:colcon.colcon_core.environment:create_file_with_runtime_dependencies(/home/songdavid/urp_ws1/install/urp_cvt_sampling/share/colcon-core/packages/urp_cvt_sampling)
[1.759s] DEBUG:colcon.colcon_parallel_executor.executor.parallel:closing loop
[1.759s] DEBUG:colcon.colcon_parallel_executor.executor.parallel:loop closed
[1.759s] DEBUG:colcon.colcon_parallel_executor.executor.parallel:run_until_complete finished with '0'
[1.760s] DEBUG:colcon.colcon_core.event_reactor:joining thread
[1.765s] INFO:colcon.colcon_core.plugin_system:Skipping extension 'colcon_notification.desktop_notification.terminal_notifier': Not used on non-Darwin systems
[1.765s] INFO:colcon.colcon_core.plugin_system:Skipping extension 'colcon_notification.desktop_notification.win32': Not used on non-Windows systems
[1.765s] INFO:colcon.colcon_notification.desktop_notification:Sending desktop notification using 'notify2'
[1.776s] DEBUG:colcon.colcon_core.event_reactor:joined thread
[1.777s] INFO:colcon.colcon_core.shell:Creating prefix script '/home/songdavid/urp_ws1/install/local_setup.ps1'
[1.778s] INFO:colcon.colcon_core.shell:Creating prefix util module '/home/songdavid/urp_ws1/install/_local_setup_util_ps1.py'
[1.780s] INFO:colcon.colcon_core.shell:Creating prefix chain script '/home/songdavid/urp_ws1/install/setup.ps1'
[1.782s] INFO:colcon.colcon_core.shell:Creating prefix script '/home/songdavid/urp_ws1/install/local_setup.sh'
[1.783s] INFO:colcon.colcon_core.shell:Creating prefix util module '/home/songdavid/urp_ws1/install/_local_setup_util_sh.py'
[1.784s] INFO:colcon.colcon_core.shell:Creating prefix chain script '/home/songdavid/urp_ws1/install/setup.sh'
[1.786s] INFO:colcon.colcon_core.shell:Creating prefix script '/home/songdavid/urp_ws1/install/local_setup.bash'
[1.787s] INFO:colcon.colcon_core.shell:Creating prefix chain script '/home/songdavid/urp_ws1/install/setup.bash'
[1.790s] INFO:colcon.colcon_core.shell:Creating prefix script '/home/songdavid/urp_ws1/install/local_setup.zsh'
[1.791s] INFO:colcon.colcon_core.shell:Creating prefix chain script '/home/songdavid/urp_ws1/install/setup.zsh'
