running egg_info
creating ../../build/urp_cvt_sampling/urp_cvt_sampling.egg-info
writing ../../build/urp_cvt_sampling/urp_cvt_sampling.egg-info/PKG-INFO
writing dependency_links to ../../build/urp_cvt_sampling/urp_cvt_sampling.egg-info/dependency_links.txt
writing entry points to ../../build/urp_cvt_sampling/urp_cvt_sampling.egg-info/entry_points.txt
writing requirements to ../../build/urp_cvt_sampling/urp_cvt_sampling.egg-info/requires.txt
writing top-level names to ../../build/urp_cvt_sampling/urp_cvt_sampling.egg-info/top_level.txt
writing manifest file '../../build/urp_cvt_sampling/urp_cvt_sampling.egg-info/SOURCES.txt'
reading manifest file '../../build/urp_cvt_sampling/urp_cvt_sampling.egg-info/SOURCES.txt'
writing manifest file '../../build/urp_cvt_sampling/urp_cvt_sampling.egg-info/SOURCES.txt'
running build
running build_py
creating /home/songdavid/urp_ws1/build/urp_cvt_sampling/build
creating /home/songdavid/urp_ws1/build/urp_cvt_sampling/build/lib
creating /home/songdavid/urp_ws1/build/urp_cvt_sampling/build/lib/urp_cvt_sampling
copying urp_cvt_sampling/cvt.py -> /home/songdavid/urp_ws1/build/urp_cvt_sampling/build/lib/urp_cvt_sampling
copying urp_cvt_sampling/utils.py -> /home/songdavid/urp_ws1/build/urp_cvt_sampling/build/lib/urp_cvt_sampling
copying urp_cvt_sampling/path_planner_node.py -> /home/songdavid/urp_ws1/build/urp_cvt_sampling/build/lib/urp_cvt_sampling
copying urp_cvt_sampling/__init__.py -> /home/songdavid/urp_ws1/build/urp_cvt_sampling/build/lib/urp_cvt_sampling
copying urp_cvt_sampling/pds.py -> /home/songdavid/urp_ws1/build/urp_cvt_sampling/build/lib/urp_cvt_sampling
copying urp_cvt_sampling/utils_surface.py -> /home/songdavid/urp_ws1/build/urp_cvt_sampling/build/lib/urp_cvt_sampling
copying urp_cvt_sampling/cvt_sampler_node.py -> /home/songdavid/urp_ws1/build/urp_cvt_sampling/build/lib/urp_cvt_sampling
running install
running install_lib
creating /home/songdavid/urp_ws1/install/urp_cvt_sampling/lib/python3.10/site-packages/urp_cvt_sampling
copying /home/songdavid/urp_ws1/build/urp_cvt_sampling/build/lib/urp_cvt_sampling/cvt.py -> /home/songdavid/urp_ws1/install/urp_cvt_sampling/lib/python3.10/site-packages/urp_cvt_sampling
copying /home/songdavid/urp_ws1/build/urp_cvt_sampling/build/lib/urp_cvt_sampling/utils.py -> /home/songdavid/urp_ws1/install/urp_cvt_sampling/lib/python3.10/site-packages/urp_cvt_sampling
copying /home/songdavid/urp_ws1/build/urp_cvt_sampling/build/lib/urp_cvt_sampling/path_planner_node.py -> /home/songdavid/urp_ws1/install/urp_cvt_sampling/lib/python3.10/site-packages/urp_cvt_sampling
copying /home/songdavid/urp_ws1/build/urp_cvt_sampling/build/lib/urp_cvt_sampling/__init__.py -> /home/songdavid/urp_ws1/install/urp_cvt_sampling/lib/python3.10/site-packages/urp_cvt_sampling
copying /home/songdavid/urp_ws1/build/urp_cvt_sampling/build/lib/urp_cvt_sampling/pds.py -> /home/songdavid/urp_ws1/install/urp_cvt_sampling/lib/python3.10/site-packages/urp_cvt_sampling
copying /home/songdavid/urp_ws1/build/urp_cvt_sampling/build/lib/urp_cvt_sampling/utils_surface.py -> /home/songdavid/urp_ws1/install/urp_cvt_sampling/lib/python3.10/site-packages/urp_cvt_sampling
copying /home/songdavid/urp_ws1/build/urp_cvt_sampling/build/lib/urp_cvt_sampling/cvt_sampler_node.py -> /home/songdavid/urp_ws1/install/urp_cvt_sampling/lib/python3.10/site-packages/urp_cvt_sampling
byte-compiling /home/songdavid/urp_ws1/install/urp_cvt_sampling/lib/python3.10/site-packages/urp_cvt_sampling/cvt.py to cvt.cpython-310.pyc
byte-compiling /home/songdavid/urp_ws1/install/urp_cvt_sampling/lib/python3.10/site-packages/urp_cvt_sampling/utils.py to utils.cpython-310.pyc
byte-compiling /home/songdavid/urp_ws1/install/urp_cvt_sampling/lib/python3.10/site-packages/urp_cvt_sampling/path_planner_node.py to path_planner_node.cpython-310.pyc
byte-compiling /home/songdavid/urp_ws1/install/urp_cvt_sampling/lib/python3.10/site-packages/urp_cvt_sampling/__init__.py to __init__.cpython-310.pyc
byte-compiling /home/songdavid/urp_ws1/install/urp_cvt_sampling/lib/python3.10/site-packages/urp_cvt_sampling/pds.py to pds.cpython-310.pyc
byte-compiling /home/songdavid/urp_ws1/install/urp_cvt_sampling/lib/python3.10/site-packages/urp_cvt_sampling/utils_surface.py to utils_surface.cpython-310.pyc
byte-compiling /home/songdavid/urp_ws1/install/urp_cvt_sampling/lib/python3.10/site-packages/urp_cvt_sampling/cvt_sampler_node.py to cvt_sampler_node.cpython-310.pyc
running install_data
creating /home/songdavid/urp_ws1/install/urp_cvt_sampling/share/ament_index
creating /home/songdavid/urp_ws1/install/urp_cvt_sampling/share/ament_index/resource_index
creating /home/songdavid/urp_ws1/install/urp_cvt_sampling/share/ament_index/resource_index/packages
copying resource/urp_cvt_sampling -> /home/songdavid/urp_ws1/install/urp_cvt_sampling/share/ament_index/resource_index/packages
copying package.xml -> /home/songdavid/urp_ws1/install/urp_cvt_sampling/share/urp_cvt_sampling
creating /home/songdavid/urp_ws1/install/urp_cvt_sampling/share/urp_cvt_sampling/launch
copying launch/cvt_sampler.launch.py -> /home/songdavid/urp_ws1/install/urp_cvt_sampling/share/urp_cvt_sampling/launch
running install_egg_info
Copying ../../build/urp_cvt_sampling/urp_cvt_sampling.egg-info to /home/songdavid/urp_ws1/install/urp_cvt_sampling/lib/python3.10/site-packages/urp_cvt_sampling-0.0.1-py3.10.egg-info
running install_scripts
Installing cvt_sampler_node script to /home/songdavid/urp_ws1/install/urp_cvt_sampling/lib/urp_cvt_sampling
Installing path_planner_node script to /home/songdavid/urp_ws1/install/urp_cvt_sampling/lib/urp_cvt_sampling
writing list of installed files to '/home/songdavid/urp_ws1/build/urp_cvt_sampling/install.log'
