[0.747s] Invoking command in '/home/songdavid/urp_ws1/src/urp_cvt_sampling': CMAKE_PREFIX_PATH=/home/songdavid/urp_ws1/install/urp_cvt_interfaces:${CMAKE_PREFIX_PATH} LD_LIBRARY_PATH=/home/songdavid/urp_ws1/install/urp_cvt_interfaces/lib:/home/songdavid/turtlebot3_ws/install/turtlebot3_msgs/lib:/home/songdavid/turtlebot3_ws/install/explorer_interfaces/lib:/home/songdavid/turtlebot3_ws/install/dynamixel_sdk_custom_interfaces/lib:/home/songdavid/turtlebot3_ws/install/dynamixel_sdk/lib:/usr/lib/x86_64-linux-gnu/gazebo-11/plugins:/opt/ros/humble/opt/rviz_ogre_vendor/lib:/opt/ros/humble/lib/x86_64-linux-gnu:/opt/ros/humble/lib:/usr/lib/x86_64-linux-gnu/gazebo-11/plugins PKG_CONFIG_PATH=/home/songdavid/urp_ws1/install/urp_cvt_interfaces/lib/x86_64-linux-gnu/pkgconfig:/home/songdavid/urp_ws1/install/urp_cvt_interfaces/lib/pkgconfig PYTHONPATH=/home/songdavid/urp_ws1/build/urp_cvt_sampling/prefix_override:/usr/lib/python3/dist-packages/colcon_core/task/python/colcon_distutils_commands:/home/songdavid/urp_ws1/install/urp_cvt_sampling/lib/python3.10/site-packages:/home/songdavid/urp_ws1/install/urp_cvt_interfaces/local/lib/python3.10/dist-packages:${PYTHONPATH} ROS_PACKAGE_PATH=/home/songdavid/urp_ws1/install/urp_cvt_interfaces/share /usr/bin/python3 -W ignore:setup.py install is deprecated -W ignore:easy_install command is deprecated setup.py egg_info --egg-base ../../build/urp_cvt_sampling build --build-base /home/songdavid/urp_ws1/build/urp_cvt_sampling/build install --record /home/songdavid/urp_ws1/build/urp_cvt_sampling/install.log --single-version-externally-managed install_data
[0.988s] running egg_info
[0.988s] creating ../../build/urp_cvt_sampling/urp_cvt_sampling.egg-info
[0.989s] writing ../../build/urp_cvt_sampling/urp_cvt_sampling.egg-info/PKG-INFO
[0.989s] writing dependency_links to ../../build/urp_cvt_sampling/urp_cvt_sampling.egg-info/dependency_links.txt
[0.989s] writing entry points to ../../build/urp_cvt_sampling/urp_cvt_sampling.egg-info/entry_points.txt
[0.989s] writing requirements to ../../build/urp_cvt_sampling/urp_cvt_sampling.egg-info/requires.txt
[0.989s] writing top-level names to ../../build/urp_cvt_sampling/urp_cvt_sampling.egg-info/top_level.txt
[0.989s] writing manifest file '../../build/urp_cvt_sampling/urp_cvt_sampling.egg-info/SOURCES.txt'
[0.991s] reading manifest file '../../build/urp_cvt_sampling/urp_cvt_sampling.egg-info/SOURCES.txt'
[0.992s] writing manifest file '../../build/urp_cvt_sampling/urp_cvt_sampling.egg-info/SOURCES.txt'
[0.992s] running build
[0.992s] running build_py
[0.992s] creating /home/songdavid/urp_ws1/build/urp_cvt_sampling/build
[0.992s] creating /home/songdavid/urp_ws1/build/urp_cvt_sampling/build/lib
[0.992s] creating /home/songdavid/urp_ws1/build/urp_cvt_sampling/build/lib/urp_cvt_sampling
[0.992s] copying urp_cvt_sampling/cvt.py -> /home/songdavid/urp_ws1/build/urp_cvt_sampling/build/lib/urp_cvt_sampling
[0.992s] copying urp_cvt_sampling/utils.py -> /home/songdavid/urp_ws1/build/urp_cvt_sampling/build/lib/urp_cvt_sampling
[0.992s] copying urp_cvt_sampling/path_planner_node.py -> /home/songdavid/urp_ws1/build/urp_cvt_sampling/build/lib/urp_cvt_sampling
[0.993s] copying urp_cvt_sampling/__init__.py -> /home/songdavid/urp_ws1/build/urp_cvt_sampling/build/lib/urp_cvt_sampling
[0.993s] copying urp_cvt_sampling/pds.py -> /home/songdavid/urp_ws1/build/urp_cvt_sampling/build/lib/urp_cvt_sampling
[0.993s] copying urp_cvt_sampling/utils_surface.py -> /home/songdavid/urp_ws1/build/urp_cvt_sampling/build/lib/urp_cvt_sampling
[0.993s] copying urp_cvt_sampling/cvt_sampler_node.py -> /home/songdavid/urp_ws1/build/urp_cvt_sampling/build/lib/urp_cvt_sampling
[0.993s] running install
[0.993s] running install_lib
[0.994s] creating /home/songdavid/urp_ws1/install/urp_cvt_sampling/lib/python3.10/site-packages/urp_cvt_sampling
[0.994s] copying /home/songdavid/urp_ws1/build/urp_cvt_sampling/build/lib/urp_cvt_sampling/cvt.py -> /home/songdavid/urp_ws1/install/urp_cvt_sampling/lib/python3.10/site-packages/urp_cvt_sampling
[0.994s] copying /home/songdavid/urp_ws1/build/urp_cvt_sampling/build/lib/urp_cvt_sampling/utils.py -> /home/songdavid/urp_ws1/install/urp_cvt_sampling/lib/python3.10/site-packages/urp_cvt_sampling
[0.994s] copying /home/songdavid/urp_ws1/build/urp_cvt_sampling/build/lib/urp_cvt_sampling/path_planner_node.py -> /home/songdavid/urp_ws1/install/urp_cvt_sampling/lib/python3.10/site-packages/urp_cvt_sampling
[0.994s] copying /home/songdavid/urp_ws1/build/urp_cvt_sampling/build/lib/urp_cvt_sampling/__init__.py -> /home/songdavid/urp_ws1/install/urp_cvt_sampling/lib/python3.10/site-packages/urp_cvt_sampling
[0.995s] copying /home/songdavid/urp_ws1/build/urp_cvt_sampling/build/lib/urp_cvt_sampling/pds.py -> /home/songdavid/urp_ws1/install/urp_cvt_sampling/lib/python3.10/site-packages/urp_cvt_sampling
[0.995s] copying /home/songdavid/urp_ws1/build/urp_cvt_sampling/build/lib/urp_cvt_sampling/utils_surface.py -> /home/songdavid/urp_ws1/install/urp_cvt_sampling/lib/python3.10/site-packages/urp_cvt_sampling
[0.995s] copying /home/songdavid/urp_ws1/build/urp_cvt_sampling/build/lib/urp_cvt_sampling/cvt_sampler_node.py -> /home/songdavid/urp_ws1/install/urp_cvt_sampling/lib/python3.10/site-packages/urp_cvt_sampling
[0.995s] byte-compiling /home/songdavid/urp_ws1/install/urp_cvt_sampling/lib/python3.10/site-packages/urp_cvt_sampling/cvt.py to cvt.cpython-310.pyc
[0.997s] byte-compiling /home/songdavid/urp_ws1/install/urp_cvt_sampling/lib/python3.10/site-packages/urp_cvt_sampling/utils.py to utils.cpython-310.pyc
[0.997s] byte-compiling /home/songdavid/urp_ws1/install/urp_cvt_sampling/lib/python3.10/site-packages/urp_cvt_sampling/path_planner_node.py to path_planner_node.cpython-310.pyc
[0.999s] byte-compiling /home/songdavid/urp_ws1/install/urp_cvt_sampling/lib/python3.10/site-packages/urp_cvt_sampling/__init__.py to __init__.cpython-310.pyc
[1.000s] byte-compiling /home/songdavid/urp_ws1/install/urp_cvt_sampling/lib/python3.10/site-packages/urp_cvt_sampling/pds.py to pds.cpython-310.pyc
[1.001s] byte-compiling /home/songdavid/urp_ws1/install/urp_cvt_sampling/lib/python3.10/site-packages/urp_cvt_sampling/utils_surface.py to utils_surface.cpython-310.pyc
[1.002s] byte-compiling /home/songdavid/urp_ws1/install/urp_cvt_sampling/lib/python3.10/site-packages/urp_cvt_sampling/cvt_sampler_node.py to cvt_sampler_node.cpython-310.pyc
[1.004s] running install_data
[1.004s] creating /home/songdavid/urp_ws1/install/urp_cvt_sampling/share/ament_index
[1.004s] creating /home/songdavid/urp_ws1/install/urp_cvt_sampling/share/ament_index/resource_index
[1.004s] creating /home/songdavid/urp_ws1/install/urp_cvt_sampling/share/ament_index/resource_index/packages
[1.004s] copying resource/urp_cvt_sampling -> /home/songdavid/urp_ws1/install/urp_cvt_sampling/share/ament_index/resource_index/packages
[1.004s] copying package.xml -> /home/songdavid/urp_ws1/install/urp_cvt_sampling/share/urp_cvt_sampling
[1.004s] creating /home/songdavid/urp_ws1/install/urp_cvt_sampling/share/urp_cvt_sampling/launch
[1.004s] copying launch/cvt_sampler.launch.py -> /home/songdavid/urp_ws1/install/urp_cvt_sampling/share/urp_cvt_sampling/launch
[1.004s] running install_egg_info
[1.006s] Copying ../../build/urp_cvt_sampling/urp_cvt_sampling.egg-info to /home/songdavid/urp_ws1/install/urp_cvt_sampling/lib/python3.10/site-packages/urp_cvt_sampling-0.0.1-py3.10.egg-info
[1.007s] running install_scripts
[1.026s] Installing cvt_sampler_node script to /home/songdavid/urp_ws1/install/urp_cvt_sampling/lib/urp_cvt_sampling
[1.026s] Installing path_planner_node script to /home/songdavid/urp_ws1/install/urp_cvt_sampling/lib/urp_cvt_sampling
[1.026s] writing list of installed files to '/home/songdavid/urp_ws1/build/urp_cvt_sampling/install.log'
[1.051s] Invoked command in '/home/songdavid/urp_ws1/src/urp_cvt_sampling' returned '0': CMAKE_PREFIX_PATH=/home/songdavid/urp_ws1/install/urp_cvt_interfaces:${CMAKE_PREFIX_PATH} LD_LIBRARY_PATH=/home/songdavid/urp_ws1/install/urp_cvt_interfaces/lib:/home/songdavid/turtlebot3_ws/install/turtlebot3_msgs/lib:/home/songdavid/turtlebot3_ws/install/explorer_interfaces/lib:/home/songdavid/turtlebot3_ws/install/dynamixel_sdk_custom_interfaces/lib:/home/songdavid/turtlebot3_ws/install/dynamixel_sdk/lib:/usr/lib/x86_64-linux-gnu/gazebo-11/plugins:/opt/ros/humble/opt/rviz_ogre_vendor/lib:/opt/ros/humble/lib/x86_64-linux-gnu:/opt/ros/humble/lib:/usr/lib/x86_64-linux-gnu/gazebo-11/plugins PKG_CONFIG_PATH=/home/songdavid/urp_ws1/install/urp_cvt_interfaces/lib/x86_64-linux-gnu/pkgconfig:/home/songdavid/urp_ws1/install/urp_cvt_interfaces/lib/pkgconfig PYTHONPATH=/home/songdavid/urp_ws1/build/urp_cvt_sampling/prefix_override:/usr/lib/python3/dist-packages/colcon_core/task/python/colcon_distutils_commands:/home/songdavid/urp_ws1/install/urp_cvt_sampling/lib/python3.10/site-packages:/home/songdavid/urp_ws1/install/urp_cvt_interfaces/local/lib/python3.10/dist-packages:${PYTHONPATH} ROS_PACKAGE_PATH=/home/songdavid/urp_ws1/install/urp_cvt_interfaces/share /usr/bin/python3 -W ignore:setup.py install is deprecated -W ignore:easy_install command is deprecated setup.py egg_info --egg-base ../../build/urp_cvt_sampling build --build-base /home/songdavid/urp_ws1/build/urp_cvt_sampling/build install --record /home/songdavid/urp_ws1/build/urp_cvt_sampling/install.log --single-version-externally-managed install_data
