[0.617s] Invoking command in '/home/songdavid/urp_ws1/src/urp_cvt_sampling': CMAKE_PREFIX_PATH=/home/songdavid/urp_ws1/install/urp_cvt_interfaces:${CMAKE_PREFIX_PATH} LD_LIBRARY_PATH=/home/songdavid/urp_ws1/install/urp_cvt_interfaces/lib:/home/songdavid/turtlebot3_ws/install/turtlebot3_msgs/lib:/home/songdavid/turtlebot3_ws/install/explorer_interfaces/lib:/home/songdavid/turtlebot3_ws/install/dynamixel_sdk_custom_interfaces/lib:/home/songdavid/turtlebot3_ws/install/dynamixel_sdk/lib:/usr/lib/x86_64-linux-gnu/gazebo-11/plugins:/opt/ros/humble/opt/rviz_ogre_vendor/lib:/opt/ros/humble/lib/x86_64-linux-gnu:/opt/ros/humble/lib:/usr/lib/x86_64-linux-gnu/gazebo-11/plugins PKG_CONFIG_PATH=/home/songdavid/urp_ws1/install/urp_cvt_interfaces/lib/x86_64-linux-gnu/pkgconfig:/home/songdavid/urp_ws1/install/urp_cvt_interfaces/lib/pkgconfig PYTHONPATH=/home/songdavid/urp_ws1/build/urp_cvt_sampling/prefix_override:/usr/lib/python3/dist-packages/colcon_core/task/python/colcon_distutils_commands:/home/songdavid/urp_ws1/install/urp_cvt_sampling/lib/python3.10/site-packages:/home/songdavid/urp_ws1/install/urp_cvt_interfaces/local/lib/python3.10/dist-packages:${PYTHONPATH} ROS_PACKAGE_PATH=/home/songdavid/urp_ws1/install/urp_cvt_interfaces/share /usr/bin/python3 -W ignore:setup.py install is deprecated -W ignore:easy_install command is deprecated setup.py egg_info --egg-base ../../build/urp_cvt_sampling build --build-base /home/songdavid/urp_ws1/build/urp_cvt_sampling/build install --record /home/songdavid/urp_ws1/build/urp_cvt_sampling/install.log --single-version-externally-managed install_data
[0.857s] running egg_info
[0.858s] writing ../../build/urp_cvt_sampling/urp_cvt_sampling.egg-info/PKG-INFO
[0.859s] writing dependency_links to ../../build/urp_cvt_sampling/urp_cvt_sampling.egg-info/dependency_links.txt
[0.859s] writing entry points to ../../build/urp_cvt_sampling/urp_cvt_sampling.egg-info/entry_points.txt
[0.859s] writing requirements to ../../build/urp_cvt_sampling/urp_cvt_sampling.egg-info/requires.txt
[0.859s] writing top-level names to ../../build/urp_cvt_sampling/urp_cvt_sampling.egg-info/top_level.txt
[0.862s] reading manifest file '../../build/urp_cvt_sampling/urp_cvt_sampling.egg-info/SOURCES.txt'
[0.863s] writing manifest file '../../build/urp_cvt_sampling/urp_cvt_sampling.egg-info/SOURCES.txt'
[0.863s] running build
[0.863s] running build_py
[0.864s] running install
[0.865s] running install_lib
[0.867s] running install_data
[0.867s] copying launch/cvt_sampler.launch.py -> /home/songdavid/urp_ws1/install/urp_cvt_sampling/share/urp_cvt_sampling/launch
[0.867s] running install_egg_info
[0.870s] removing '/home/songdavid/urp_ws1/install/urp_cvt_sampling/lib/python3.10/site-packages/urp_cvt_sampling-0.0.1-py3.10.egg-info' (and everything under it)
[0.870s] Copying ../../build/urp_cvt_sampling/urp_cvt_sampling.egg-info to /home/songdavid/urp_ws1/install/urp_cvt_sampling/lib/python3.10/site-packages/urp_cvt_sampling-0.0.1-py3.10.egg-info
[0.871s] running install_scripts
[0.891s] Installing cvt_sampler_node script to /home/songdavid/urp_ws1/install/urp_cvt_sampling/lib/urp_cvt_sampling
[0.891s] Installing path_planner_node script to /home/songdavid/urp_ws1/install/urp_cvt_sampling/lib/urp_cvt_sampling
[0.892s] writing list of installed files to '/home/songdavid/urp_ws1/build/urp_cvt_sampling/install.log'
[0.918s] Invoked command in '/home/songdavid/urp_ws1/src/urp_cvt_sampling' returned '0': CMAKE_PREFIX_PATH=/home/songdavid/urp_ws1/install/urp_cvt_interfaces:${CMAKE_PREFIX_PATH} LD_LIBRARY_PATH=/home/songdavid/urp_ws1/install/urp_cvt_interfaces/lib:/home/songdavid/turtlebot3_ws/install/turtlebot3_msgs/lib:/home/songdavid/turtlebot3_ws/install/explorer_interfaces/lib:/home/songdavid/turtlebot3_ws/install/dynamixel_sdk_custom_interfaces/lib:/home/songdavid/turtlebot3_ws/install/dynamixel_sdk/lib:/usr/lib/x86_64-linux-gnu/gazebo-11/plugins:/opt/ros/humble/opt/rviz_ogre_vendor/lib:/opt/ros/humble/lib/x86_64-linux-gnu:/opt/ros/humble/lib:/usr/lib/x86_64-linux-gnu/gazebo-11/plugins PKG_CONFIG_PATH=/home/songdavid/urp_ws1/install/urp_cvt_interfaces/lib/x86_64-linux-gnu/pkgconfig:/home/songdavid/urp_ws1/install/urp_cvt_interfaces/lib/pkgconfig PYTHONPATH=/home/songdavid/urp_ws1/build/urp_cvt_sampling/prefix_override:/usr/lib/python3/dist-packages/colcon_core/task/python/colcon_distutils_commands:/home/songdavid/urp_ws1/install/urp_cvt_sampling/lib/python3.10/site-packages:/home/songdavid/urp_ws1/install/urp_cvt_interfaces/local/lib/python3.10/dist-packages:${PYTHONPATH} ROS_PACKAGE_PATH=/home/songdavid/urp_ws1/install/urp_cvt_interfaces/share /usr/bin/python3 -W ignore:setup.py install is deprecated -W ignore:easy_install command is deprecated setup.py egg_info --egg-base ../../build/urp_cvt_sampling build --build-base /home/songdavid/urp_ws1/build/urp_cvt_sampling/build install --record /home/songdavid/urp_ws1/build/urp_cvt_sampling/install.log --single-version-externally-managed install_data
