[0.118s] DEBUG:colcon:Command line arguments: ['/usr/bin/colcon', 'build']
[0.119s] DEBUG:colcon:Parsed command line arguments: Namespace(log_base=None, log_level=None, verb_name='build', build_base='build', install_base='install', merge_install=False, symlink_install=False, test_result_base=None, continue_on_error=False, executor='parallel', parallel_workers=8, event_handlers=None, ignore_user_meta=False, metas=['./colcon.meta'], base_paths=['.'], packages_ignore=None, packages_ignore_regex=None, paths=None, packages_up_to=None, packages_up_to_regex=None, packages_above=None, packages_above_and_dependencies=None, packages_above_depth=None, packages_select_by_dep=None, packages_skip_by_dep=None, packages_skip_up_to=None, packages_select_build_failed=False, packages_skip_build_finished=False, packages_select_test_failures=False, packages_skip_test_passed=False, packages_select=None, packages_skip=None, packages_select_regex=None, packages_skip_regex=None, packages_start=None, packages_end=None, allow_overriding=[], cmake_args=None, cmake_target=None, cmake_target_skip_unavailable=False, cmake_clean_cache=False, cmake_clean_first=False, cmake_force_configure=False, ament_cmake_args=None, catkin_cmake_args=None, catkin_skip_building_tests=False, mixin_files=None, mixin=None, verb_parser=<colcon_mixin.mixin.mixin_argument.MixinArgumentDecorator object at 0x76339be54d90>, verb_extension=<colcon_core.verb.build.BuildVerb object at 0x76339be54070>, main=<bound method BuildVerb.main of <colcon_core.verb.build.BuildVerb object at 0x76339be54070>>, mixin_verb=('build',))
[0.398s] Level 1:colcon.colcon_core.package_discovery:discover_packages(colcon_meta) check parameters
[0.398s] Level 1:colcon.colcon_core.package_discovery:discover_packages(recursive) check parameters
[0.398s] Level 1:colcon.colcon_core.package_discovery:discover_packages(ignore) check parameters
[0.398s] Level 1:colcon.colcon_core.package_discovery:discover_packages(path) check parameters
[0.398s] Level 1:colcon.colcon_core.package_discovery:discover_packages(colcon_meta) discover
[0.399s] Level 1:colcon.colcon_core.package_discovery:discover_packages(recursive) discover
[0.399s] INFO:colcon.colcon_core.package_discovery:Crawling recursively for packages in '/home/songdavid/urp_ws1'
[0.399s] Level 1:colcon.colcon_core.package_identification:_identify(.) by extensions ['ignore', 'ignore_ament_install']
[0.399s] Level 1:colcon.colcon_core.package_identification:_identify(.) by extension 'ignore'
[0.399s] Level 1:colcon.colcon_core.package_identification:_identify(.) by extension 'ignore_ament_install'
[0.399s] Level 1:colcon.colcon_core.package_identification:_identify(.) by extensions ['colcon_pkg']
[0.399s] Level 1:colcon.colcon_core.package_identification:_identify(.) by extension 'colcon_pkg'
[0.399s] Level 1:colcon.colcon_core.package_identification:_identify(.) by extensions ['colcon_meta']
[0.399s] Level 1:colcon.colcon_core.package_identification:_identify(.) by extension 'colcon_meta'
[0.399s] Level 1:colcon.colcon_core.package_identification:_identify(.) by extensions ['ros']
[0.399s] Level 1:colcon.colcon_core.package_identification:_identify(.) by extension 'ros'
[0.410s] Level 1:colcon.colcon_core.package_identification:_identify(.) by extensions ['cmake', 'python']
[0.410s] Level 1:colcon.colcon_core.package_identification:_identify(.) by extension 'cmake'
[0.410s] Level 1:colcon.colcon_core.package_identification:_identify(.) by extension 'python'
[0.410s] Level 1:colcon.colcon_core.package_identification:_identify(.) by extensions ['python_setup_py']
[0.410s] Level 1:colcon.colcon_core.package_identification:_identify(.) by extension 'python_setup_py'
[0.410s] Level 1:colcon.colcon_core.package_identification:_identify(build) by extensions ['ignore', 'ignore_ament_install']
[0.410s] Level 1:colcon.colcon_core.package_identification:_identify(build) by extension 'ignore'
[0.410s] Level 1:colcon.colcon_core.package_identification:_identify(build) ignored
[0.410s] Level 1:colcon.colcon_core.package_identification:_identify(install) by extensions ['ignore', 'ignore_ament_install']
[0.410s] Level 1:colcon.colcon_core.package_identification:_identify(install) by extension 'ignore'
[0.411s] Level 1:colcon.colcon_core.package_identification:_identify(install) ignored
[0.411s] Level 1:colcon.colcon_core.package_identification:_identify(log) by extensions ['ignore', 'ignore_ament_install']
[0.411s] Level 1:colcon.colcon_core.package_identification:_identify(log) by extension 'ignore'
[0.411s] Level 1:colcon.colcon_core.package_identification:_identify(log) ignored
[0.411s] Level 1:colcon.colcon_core.package_identification:_identify(src) by extensions ['ignore', 'ignore_ament_install']
[0.411s] Level 1:colcon.colcon_core.package_identification:_identify(src) by extension 'ignore'
[0.411s] Level 1:colcon.colcon_core.package_identification:_identify(src) by extension 'ignore_ament_install'
[0.411s] Level 1:colcon.colcon_core.package_identification:_identify(src) by extensions ['colcon_pkg']
[0.411s] Level 1:colcon.colcon_core.package_identification:_identify(src) by extension 'colcon_pkg'
[0.411s] Level 1:colcon.colcon_core.package_identification:_identify(src) by extensions ['colcon_meta']
[0.411s] Level 1:colcon.colcon_core.package_identification:_identify(src) by extension 'colcon_meta'
[0.411s] Level 1:colcon.colcon_core.package_identification:_identify(src) by extensions ['ros']
[0.411s] Level 1:colcon.colcon_core.package_identification:_identify(src) by extension 'ros'
[0.411s] Level 1:colcon.colcon_core.package_identification:_identify(src) by extensions ['cmake', 'python']
[0.411s] Level 1:colcon.colcon_core.package_identification:_identify(src) by extension 'cmake'
[0.411s] Level 1:colcon.colcon_core.package_identification:_identify(src) by extension 'python'
[0.411s] Level 1:colcon.colcon_core.package_identification:_identify(src) by extensions ['python_setup_py']
[0.411s] Level 1:colcon.colcon_core.package_identification:_identify(src) by extension 'python_setup_py'
[0.411s] Level 1:colcon.colcon_core.package_identification:_identify(src/urp_cvt_interfaces) by extensions ['ignore', 'ignore_ament_install']
[0.412s] Level 1:colcon.colcon_core.package_identification:_identify(src/urp_cvt_interfaces) by extension 'ignore'
[0.412s] Level 1:colcon.colcon_core.package_identification:_identify(src/urp_cvt_interfaces) by extension 'ignore_ament_install'
[0.412s] Level 1:colcon.colcon_core.package_identification:_identify(src/urp_cvt_interfaces) by extensions ['colcon_pkg']
[0.412s] Level 1:colcon.colcon_core.package_identification:_identify(src/urp_cvt_interfaces) by extension 'colcon_pkg'
[0.412s] Level 1:colcon.colcon_core.package_identification:_identify(src/urp_cvt_interfaces) by extensions ['colcon_meta']
[0.412s] Level 1:colcon.colcon_core.package_identification:_identify(src/urp_cvt_interfaces) by extension 'colcon_meta'
[0.412s] Level 1:colcon.colcon_core.package_identification:_identify(src/urp_cvt_interfaces) by extensions ['ros']
[0.412s] Level 1:colcon.colcon_core.package_identification:_identify(src/urp_cvt_interfaces) by extension 'ros'
[0.415s] DEBUG:colcon.colcon_core.package_identification:Package 'src/urp_cvt_interfaces' with type 'ros.catkin' and name 'urp_cvt_interfaces'
[0.415s] Level 1:colcon.colcon_core.package_identification:_identify(src/urp_cvt_sampling) by extensions ['ignore', 'ignore_ament_install']
[0.415s] Level 1:colcon.colcon_core.package_identification:_identify(src/urp_cvt_sampling) by extension 'ignore'
[0.415s] Level 1:colcon.colcon_core.package_identification:_identify(src/urp_cvt_sampling) by extension 'ignore_ament_install'
[0.415s] Level 1:colcon.colcon_core.package_identification:_identify(src/urp_cvt_sampling) by extensions ['colcon_pkg']
[0.415s] Level 1:colcon.colcon_core.package_identification:_identify(src/urp_cvt_sampling) by extension 'colcon_pkg'
[0.415s] Level 1:colcon.colcon_core.package_identification:_identify(src/urp_cvt_sampling) by extensions ['colcon_meta']
[0.415s] Level 1:colcon.colcon_core.package_identification:_identify(src/urp_cvt_sampling) by extension 'colcon_meta'
[0.415s] Level 1:colcon.colcon_core.package_identification:_identify(src/urp_cvt_sampling) by extensions ['ros']
[0.415s] Level 1:colcon.colcon_core.package_identification:_identify(src/urp_cvt_sampling) by extension 'ros'
[0.416s] DEBUG:colcon.colcon_core.package_identification:Package 'src/urp_cvt_sampling' with type 'ros.ament_python' and name 'urp_cvt_sampling'
[0.416s] Level 1:colcon.colcon_core.package_discovery:discover_packages(recursive) using defaults
[0.416s] Level 1:colcon.colcon_core.package_discovery:discover_packages(ignore) discover
[0.416s] Level 1:colcon.colcon_core.package_discovery:discover_packages(ignore) using defaults
[0.416s] Level 1:colcon.colcon_core.package_discovery:discover_packages(path) discover
[0.416s] Level 1:colcon.colcon_core.package_discovery:discover_packages(path) using defaults
[0.462s] Level 1:colcon.colcon_core.package_discovery:discover_packages(prefix_path) check parameters
[0.462s] Level 1:colcon.colcon_core.package_discovery:discover_packages(prefix_path) discover
[0.466s] DEBUG:colcon.colcon_installed_package_information.package_discovery:Found 21 installed packages in /home/songdavid/turtlebot3_ws/install
[0.468s] DEBUG:colcon.colcon_installed_package_information.package_discovery:Found 410 installed packages in /opt/ros/humble
[0.470s] Level 1:colcon.colcon_core.package_discovery:discover_packages(prefix_path) using defaults
[0.528s] Level 5:colcon.colcon_core.verb:set package 'urp_cvt_interfaces' build argument 'cmake_args' from command line to 'None'
[0.528s] Level 5:colcon.colcon_core.verb:set package 'urp_cvt_interfaces' build argument 'cmake_target' from command line to 'None'
[0.528s] Level 5:colcon.colcon_core.verb:set package 'urp_cvt_interfaces' build argument 'cmake_target_skip_unavailable' from command line to 'False'
[0.528s] Level 5:colcon.colcon_core.verb:set package 'urp_cvt_interfaces' build argument 'cmake_clean_cache' from command line to 'False'
[0.528s] Level 5:colcon.colcon_core.verb:set package 'urp_cvt_interfaces' build argument 'cmake_clean_first' from command line to 'False'
[0.528s] Level 5:colcon.colcon_core.verb:set package 'urp_cvt_interfaces' build argument 'cmake_force_configure' from command line to 'False'
[0.528s] Level 5:colcon.colcon_core.verb:set package 'urp_cvt_interfaces' build argument 'ament_cmake_args' from command line to 'None'
[0.528s] Level 5:colcon.colcon_core.verb:set package 'urp_cvt_interfaces' build argument 'catkin_cmake_args' from command line to 'None'
[0.528s] Level 5:colcon.colcon_core.verb:set package 'urp_cvt_interfaces' build argument 'catkin_skip_building_tests' from command line to 'False'
[0.528s] DEBUG:colcon.colcon_core.verb:Building package 'urp_cvt_interfaces' with the following arguments: {'ament_cmake_args': None, 'build_base': '/home/songdavid/urp_ws1/build/urp_cvt_interfaces', 'catkin_cmake_args': None, 'catkin_skip_building_tests': False, 'cmake_args': None, 'cmake_clean_cache': False, 'cmake_clean_first': False, 'cmake_force_configure': False, 'cmake_target': None, 'cmake_target_skip_unavailable': False, 'install_base': '/home/songdavid/urp_ws1/install/urp_cvt_interfaces', 'merge_install': False, 'path': '/home/songdavid/urp_ws1/src/urp_cvt_interfaces', 'symlink_install': False, 'test_result_base': None}
[0.529s] Level 5:colcon.colcon_core.verb:set package 'urp_cvt_sampling' build argument 'cmake_args' from command line to 'None'
[0.529s] Level 5:colcon.colcon_core.verb:set package 'urp_cvt_sampling' build argument 'cmake_target' from command line to 'None'
[0.529s] Level 5:colcon.colcon_core.verb:set package 'urp_cvt_sampling' build argument 'cmake_target_skip_unavailable' from command line to 'False'
[0.529s] Level 5:colcon.colcon_core.verb:set package 'urp_cvt_sampling' build argument 'cmake_clean_cache' from command line to 'False'
[0.529s] Level 5:colcon.colcon_core.verb:set package 'urp_cvt_sampling' build argument 'cmake_clean_first' from command line to 'False'
[0.529s] Level 5:colcon.colcon_core.verb:set package 'urp_cvt_sampling' build argument 'cmake_force_configure' from command line to 'False'
[0.529s] Level 5:colcon.colcon_core.verb:set package 'urp_cvt_sampling' build argument 'ament_cmake_args' from command line to 'None'
[0.529s] Level 5:colcon.colcon_core.verb:set package 'urp_cvt_sampling' build argument 'catkin_cmake_args' from command line to 'None'
[0.529s] Level 5:colcon.colcon_core.verb:set package 'urp_cvt_sampling' build argument 'catkin_skip_building_tests' from command line to 'False'
[0.529s] DEBUG:colcon.colcon_core.verb:Building package 'urp_cvt_sampling' with the following arguments: {'ament_cmake_args': None, 'build_base': '/home/songdavid/urp_ws1/build/urp_cvt_sampling', 'catkin_cmake_args': None, 'catkin_skip_building_tests': False, 'cmake_args': None, 'cmake_clean_cache': False, 'cmake_clean_first': False, 'cmake_force_configure': False, 'cmake_target': None, 'cmake_target_skip_unavailable': False, 'install_base': '/home/songdavid/urp_ws1/install/urp_cvt_sampling', 'merge_install': False, 'path': '/home/songdavid/urp_ws1/src/urp_cvt_sampling', 'symlink_install': False, 'test_result_base': None}
[0.529s] INFO:colcon.colcon_core.executor:Executing jobs using 'parallel' executor
[0.530s] DEBUG:colcon.colcon_parallel_executor.executor.parallel:run_until_complete
[0.530s] INFO:colcon.colcon_ros.task.catkin.build:Building ROS package in '/home/songdavid/urp_ws1/src/urp_cvt_interfaces' with build type 'catkin'
[0.530s] INFO:colcon.colcon_cmake.task.cmake.build:Building CMake package in '/home/songdavid/urp_ws1/src/urp_cvt_interfaces'
[0.535s] INFO:colcon.colcon_core.plugin_system:Skipping extension 'colcon_core.shell.bat': Not used on non-Windows systems
[0.535s] INFO:colcon.colcon_core.shell:Skip shell extension 'powershell' for command environment: Not usable outside of PowerShell
[0.535s] DEBUG:colcon.colcon_core.shell:Skip shell extension 'dsv' for command environment
[0.545s] DEBUG:colcon.colcon_core.event_handler.log_command:Invoking command in '/home/songdavid/urp_ws1/build/urp_cvt_interfaces': /usr/bin/cmake /home/songdavid/urp_ws1/src/urp_cvt_interfaces -DCATKIN_INSTALL_INTO_PREFIX_ROOT=0 -DCMAKE_INSTALL_PREFIX=/home/songdavid/urp_ws1/install/urp_cvt_interfaces
[2.683s] DEBUG:colcon.colcon_core.event_handler.log_command:Invoked command in '/home/songdavid/urp_ws1/build/urp_cvt_interfaces' returned '0': /usr/bin/cmake /home/songdavid/urp_ws1/src/urp_cvt_interfaces -DCATKIN_INSTALL_INTO_PREFIX_ROOT=0 -DCMAKE_INSTALL_PREFIX=/home/songdavid/urp_ws1/install/urp_cvt_interfaces
[2.685s] DEBUG:colcon.colcon_core.event_handler.log_command:Invoking command in '/home/songdavid/urp_ws1/build/urp_cvt_interfaces': /usr/bin/cmake --build /home/songdavid/urp_ws1/build/urp_cvt_interfaces -- -j8 -l8
[4.879s] DEBUG:colcon.colcon_core.event_handler.log_command:Invoked command in '/home/songdavid/urp_ws1/build/urp_cvt_interfaces' returned '0': /usr/bin/cmake --build /home/songdavid/urp_ws1/build/urp_cvt_interfaces -- -j8 -l8
[4.888s] DEBUG:colcon.colcon_core.event_handler.log_command:Invoking command in '/home/songdavid/urp_ws1/build/urp_cvt_interfaces': /usr/bin/cmake --install /home/songdavid/urp_ws1/build/urp_cvt_interfaces
[4.958s] Level 1:colcon.colcon_core.shell:create_environment_hook('urp_cvt_interfaces', 'ros_package_path')
[4.959s] INFO:colcon.colcon_core.shell:Creating environment hook '/home/songdavid/urp_ws1/install/urp_cvt_interfaces/share/urp_cvt_interfaces/hook/ros_package_path.ps1'
[4.959s] DEBUG:colcon.colcon_core.event_handler.log_command:Invoked command in '/home/songdavid/urp_ws1/build/urp_cvt_interfaces' returned '0': /usr/bin/cmake --install /home/songdavid/urp_ws1/build/urp_cvt_interfaces
[4.960s] INFO:colcon.colcon_core.shell:Creating environment descriptor '/home/songdavid/urp_ws1/install/urp_cvt_interfaces/share/urp_cvt_interfaces/hook/ros_package_path.dsv'
[4.960s] INFO:colcon.colcon_core.shell:Creating environment hook '/home/songdavid/urp_ws1/install/urp_cvt_interfaces/share/urp_cvt_interfaces/hook/ros_package_path.sh'
[4.961s] Level 1:colcon.colcon_ros.task.catkin:checking '/home/songdavid/urp_ws1/install/urp_cvt_interfaces/local/lib/python3.10/dist-packages'
[4.961s] Level 1:colcon.colcon_core.shell:create_environment_hook('urp_cvt_interfaces', 'catkin_pythonpath')
[4.962s] INFO:colcon.colcon_core.shell:Creating environment hook '/home/songdavid/urp_ws1/install/urp_cvt_interfaces/share/urp_cvt_interfaces/hook/catkin_pythonpath.ps1'
[4.962s] INFO:colcon.colcon_core.shell:Creating environment descriptor '/home/songdavid/urp_ws1/install/urp_cvt_interfaces/share/urp_cvt_interfaces/hook/catkin_pythonpath.dsv'
[4.962s] INFO:colcon.colcon_core.shell:Creating environment hook '/home/songdavid/urp_ws1/install/urp_cvt_interfaces/share/urp_cvt_interfaces/hook/catkin_pythonpath.sh'
[4.962s] Level 1:colcon.colcon_core.shell:create_environment_hook('urp_cvt_interfaces', 'pkg_config_path')
[4.963s] INFO:colcon.colcon_core.shell:Creating environment hook '/home/songdavid/urp_ws1/install/urp_cvt_interfaces/share/urp_cvt_interfaces/hook/pkg_config_path.ps1'
[4.963s] INFO:colcon.colcon_core.shell:Creating environment descriptor '/home/songdavid/urp_ws1/install/urp_cvt_interfaces/share/urp_cvt_interfaces/hook/pkg_config_path.dsv'
[4.963s] INFO:colcon.colcon_core.shell:Creating environment hook '/home/songdavid/urp_ws1/install/urp_cvt_interfaces/share/urp_cvt_interfaces/hook/pkg_config_path.sh'
[4.965s] Level 1:colcon.colcon_core.shell:create_environment_hook('urp_cvt_interfaces', 'pkg_config_path_multiarch')
[4.965s] INFO:colcon.colcon_core.shell:Creating environment hook '/home/songdavid/urp_ws1/install/urp_cvt_interfaces/share/urp_cvt_interfaces/hook/pkg_config_path_multiarch.ps1'
[4.966s] INFO:colcon.colcon_core.shell:Creating environment descriptor '/home/songdavid/urp_ws1/install/urp_cvt_interfaces/share/urp_cvt_interfaces/hook/pkg_config_path_multiarch.dsv'
[4.966s] INFO:colcon.colcon_core.shell:Creating environment hook '/home/songdavid/urp_ws1/install/urp_cvt_interfaces/share/urp_cvt_interfaces/hook/pkg_config_path_multiarch.sh'
[4.967s] Level 1:colcon.colcon_core.environment:create_environment_scripts_only(urp_cvt_interfaces)
[4.972s] Level 1:colcon.colcon_core.environment:checking '/home/songdavid/urp_ws1/install/urp_cvt_interfaces' for CMake module files
[4.972s] Level 1:colcon.colcon_core.environment:checking '/home/songdavid/urp_ws1/install/urp_cvt_interfaces' for CMake config files
[4.973s] Level 1:colcon.colcon_core.shell:create_environment_hook('urp_cvt_interfaces', 'cmake_prefix_path')
[4.973s] INFO:colcon.colcon_core.shell:Creating environment hook '/home/songdavid/urp_ws1/install/urp_cvt_interfaces/share/urp_cvt_interfaces/hook/cmake_prefix_path.ps1'
[4.973s] INFO:colcon.colcon_core.shell:Creating environment descriptor '/home/songdavid/urp_ws1/install/urp_cvt_interfaces/share/urp_cvt_interfaces/hook/cmake_prefix_path.dsv'
[4.974s] INFO:colcon.colcon_core.shell:Creating environment hook '/home/songdavid/urp_ws1/install/urp_cvt_interfaces/share/urp_cvt_interfaces/hook/cmake_prefix_path.sh'
[4.974s] Level 1:colcon.colcon_core.environment:checking '/home/songdavid/urp_ws1/install/urp_cvt_interfaces/lib'
[4.974s] Level 1:colcon.colcon_core.shell:create_environment_hook('urp_cvt_interfaces', 'ld_library_path_lib')
[4.975s] INFO:colcon.colcon_core.shell:Creating environment hook '/home/songdavid/urp_ws1/install/urp_cvt_interfaces/share/urp_cvt_interfaces/hook/ld_library_path_lib.ps1'
[4.975s] INFO:colcon.colcon_core.shell:Creating environment descriptor '/home/songdavid/urp_ws1/install/urp_cvt_interfaces/share/urp_cvt_interfaces/hook/ld_library_path_lib.dsv'
[4.975s] INFO:colcon.colcon_core.shell:Creating environment hook '/home/songdavid/urp_ws1/install/urp_cvt_interfaces/share/urp_cvt_interfaces/hook/ld_library_path_lib.sh'
[4.976s] Level 1:colcon.colcon_core.environment:checking '/home/songdavid/urp_ws1/install/urp_cvt_interfaces/bin'
[4.976s] Level 1:colcon.colcon_core.environment:checking '/home/songdavid/urp_ws1/install/urp_cvt_interfaces/lib/pkgconfig/urp_cvt_interfaces.pc'
[4.976s] Level 1:colcon.colcon_core.environment:checking '/home/songdavid/urp_ws1/install/urp_cvt_interfaces/lib/python3.10/site-packages'
[4.976s] Level 1:colcon.colcon_core.environment:checking '/home/songdavid/urp_ws1/install/urp_cvt_interfaces/bin'
[4.977s] INFO:colcon.colcon_core.shell:Creating package script '/home/songdavid/urp_ws1/install/urp_cvt_interfaces/share/urp_cvt_interfaces/package.ps1'
[4.978s] INFO:colcon.colcon_core.shell:Creating package descriptor '/home/songdavid/urp_ws1/install/urp_cvt_interfaces/share/urp_cvt_interfaces/package.dsv'
[4.978s] INFO:colcon.colcon_core.shell:Creating package script '/home/songdavid/urp_ws1/install/urp_cvt_interfaces/share/urp_cvt_interfaces/package.sh'
[4.979s] INFO:colcon.colcon_core.shell:Creating package script '/home/songdavid/urp_ws1/install/urp_cvt_interfaces/share/urp_cvt_interfaces/package.bash'
[4.980s] INFO:colcon.colcon_core.shell:Creating package script '/home/songdavid/urp_ws1/install/urp_cvt_interfaces/share/urp_cvt_interfaces/package.zsh'
[4.981s] Level 1:colcon.colcon_core.environment:create_file_with_runtime_dependencies(/home/songdavid/urp_ws1/install/urp_cvt_interfaces/share/colcon-core/packages/urp_cvt_interfaces)
[4.982s] INFO:colcon.colcon_ros.task.ament_python.build:Building ROS package in '/home/songdavid/urp_ws1/src/urp_cvt_sampling' with build type 'ament_python'
[4.982s] Level 1:colcon.colcon_core.shell:create_environment_hook('urp_cvt_sampling', 'ament_prefix_path')
[4.982s] INFO:colcon.colcon_core.shell:Creating environment hook '/home/songdavid/urp_ws1/install/urp_cvt_sampling/share/urp_cvt_sampling/hook/ament_prefix_path.ps1'
[4.983s] INFO:colcon.colcon_core.shell:Creating environment descriptor '/home/songdavid/urp_ws1/install/urp_cvt_sampling/share/urp_cvt_sampling/hook/ament_prefix_path.dsv'
[4.983s] INFO:colcon.colcon_core.shell:Creating environment hook '/home/songdavid/urp_ws1/install/urp_cvt_sampling/share/urp_cvt_sampling/hook/ament_prefix_path.sh'
[4.984s] INFO:colcon.colcon_core.shell:Skip shell extension 'powershell' for command environment: Not usable outside of PowerShell
[4.984s] DEBUG:colcon.colcon_core.shell:Skip shell extension 'dsv' for command environment
[5.274s] INFO:colcon.colcon_core.task.python.build:Building Python package in '/home/songdavid/urp_ws1/src/urp_cvt_sampling'
[5.274s] INFO:colcon.colcon_core.shell:Skip shell extension 'powershell' for command environment: Not usable outside of PowerShell
[5.274s] DEBUG:colcon.colcon_core.shell:Skip shell extension 'dsv' for command environment
[5.729s] DEBUG:colcon.colcon_core.event_handler.log_command:Invoking command in '/home/songdavid/urp_ws1/src/urp_cvt_sampling': CMAKE_PREFIX_PATH=/home/songdavid/urp_ws1/install/urp_cvt_interfaces:${CMAKE_PREFIX_PATH} LD_LIBRARY_PATH=/home/songdavid/urp_ws1/install/urp_cvt_interfaces/lib:/home/songdavid/turtlebot3_ws/install/turtlebot3_msgs/lib:/home/songdavid/turtlebot3_ws/install/explorer_interfaces/lib:/home/songdavid/turtlebot3_ws/install/dynamixel_sdk_custom_interfaces/lib:/home/songdavid/turtlebot3_ws/install/dynamixel_sdk/lib:/usr/lib/x86_64-linux-gnu/gazebo-11/plugins:/opt/ros/humble/opt/rviz_ogre_vendor/lib:/opt/ros/humble/lib/x86_64-linux-gnu:/opt/ros/humble/lib:/usr/lib/x86_64-linux-gnu/gazebo-11/plugins PKG_CONFIG_PATH=/home/songdavid/urp_ws1/install/urp_cvt_interfaces/lib/x86_64-linux-gnu/pkgconfig:/home/songdavid/urp_ws1/install/urp_cvt_interfaces/lib/pkgconfig PYTHONPATH=/home/songdavid/urp_ws1/build/urp_cvt_sampling/prefix_override:/usr/lib/python3/dist-packages/colcon_core/task/python/colcon_distutils_commands:/home/songdavid/urp_ws1/install/urp_cvt_sampling/lib/python3.10/site-packages:/home/songdavid/urp_ws1/install/urp_cvt_interfaces/local/lib/python3.10/dist-packages:${PYTHONPATH} ROS_PACKAGE_PATH=/home/songdavid/urp_ws1/install/urp_cvt_interfaces/share /usr/bin/python3 -W ignore:setup.py install is deprecated -W ignore:easy_install command is deprecated setup.py egg_info --egg-base ../../build/urp_cvt_sampling build --build-base /home/songdavid/urp_ws1/build/urp_cvt_sampling/build install --record /home/songdavid/urp_ws1/build/urp_cvt_sampling/install.log --single-version-externally-managed install_data
[6.033s] Level 1:colcon.colcon_core.environment:checking '/home/songdavid/urp_ws1/install/urp_cvt_sampling' for CMake module files
[6.034s] DEBUG:colcon.colcon_core.event_handler.log_command:Invoked command in '/home/songdavid/urp_ws1/src/urp_cvt_sampling' returned '0': CMAKE_PREFIX_PATH=/home/songdavid/urp_ws1/install/urp_cvt_interfaces:${CMAKE_PREFIX_PATH} LD_LIBRARY_PATH=/home/songdavid/urp_ws1/install/urp_cvt_interfaces/lib:/home/songdavid/turtlebot3_ws/install/turtlebot3_msgs/lib:/home/songdavid/turtlebot3_ws/install/explorer_interfaces/lib:/home/songdavid/turtlebot3_ws/install/dynamixel_sdk_custom_interfaces/lib:/home/songdavid/turtlebot3_ws/install/dynamixel_sdk/lib:/usr/lib/x86_64-linux-gnu/gazebo-11/plugins:/opt/ros/humble/opt/rviz_ogre_vendor/lib:/opt/ros/humble/lib/x86_64-linux-gnu:/opt/ros/humble/lib:/usr/lib/x86_64-linux-gnu/gazebo-11/plugins PKG_CONFIG_PATH=/home/songdavid/urp_ws1/install/urp_cvt_interfaces/lib/x86_64-linux-gnu/pkgconfig:/home/songdavid/urp_ws1/install/urp_cvt_interfaces/lib/pkgconfig PYTHONPATH=/home/songdavid/urp_ws1/build/urp_cvt_sampling/prefix_override:/usr/lib/python3/dist-packages/colcon_core/task/python/colcon_distutils_commands:/home/songdavid/urp_ws1/install/urp_cvt_sampling/lib/python3.10/site-packages:/home/songdavid/urp_ws1/install/urp_cvt_interfaces/local/lib/python3.10/dist-packages:${PYTHONPATH} ROS_PACKAGE_PATH=/home/songdavid/urp_ws1/install/urp_cvt_interfaces/share /usr/bin/python3 -W ignore:setup.py install is deprecated -W ignore:easy_install command is deprecated setup.py egg_info --egg-base ../../build/urp_cvt_sampling build --build-base /home/songdavid/urp_ws1/build/urp_cvt_sampling/build install --record /home/songdavid/urp_ws1/build/urp_cvt_sampling/install.log --single-version-externally-managed install_data
[6.034s] Level 1:colcon.colcon_core.environment:checking '/home/songdavid/urp_ws1/install/urp_cvt_sampling' for CMake config files
[6.034s] Level 1:colcon.colcon_core.environment:checking '/home/songdavid/urp_ws1/install/urp_cvt_sampling/lib'
[6.034s] Level 1:colcon.colcon_core.environment:checking '/home/songdavid/urp_ws1/install/urp_cvt_sampling/bin'
[6.035s] Level 1:colcon.colcon_core.environment:checking '/home/songdavid/urp_ws1/install/urp_cvt_sampling/lib/pkgconfig/urp_cvt_sampling.pc'
[6.035s] Level 1:colcon.colcon_core.environment:checking '/home/songdavid/urp_ws1/install/urp_cvt_sampling/lib/python3.10/site-packages'
[6.035s] Level 1:colcon.colcon_core.shell:create_environment_hook('urp_cvt_sampling', 'pythonpath')
[6.035s] INFO:colcon.colcon_core.shell:Creating environment hook '/home/songdavid/urp_ws1/install/urp_cvt_sampling/share/urp_cvt_sampling/hook/pythonpath.ps1'
[6.036s] INFO:colcon.colcon_core.shell:Creating environment descriptor '/home/songdavid/urp_ws1/install/urp_cvt_sampling/share/urp_cvt_sampling/hook/pythonpath.dsv'
[6.036s] INFO:colcon.colcon_core.shell:Creating environment hook '/home/songdavid/urp_ws1/install/urp_cvt_sampling/share/urp_cvt_sampling/hook/pythonpath.sh'
[6.036s] Level 1:colcon.colcon_core.environment:checking '/home/songdavid/urp_ws1/install/urp_cvt_sampling/bin'
[6.036s] Level 1:colcon.colcon_core.environment:create_environment_scripts_only(urp_cvt_sampling)
[6.037s] INFO:colcon.colcon_core.shell:Creating package script '/home/songdavid/urp_ws1/install/urp_cvt_sampling/share/urp_cvt_sampling/package.ps1'
[6.037s] INFO:colcon.colcon_core.shell:Creating package descriptor '/home/songdavid/urp_ws1/install/urp_cvt_sampling/share/urp_cvt_sampling/package.dsv'
[6.038s] INFO:colcon.colcon_core.shell:Creating package script '/home/songdavid/urp_ws1/install/urp_cvt_sampling/share/urp_cvt_sampling/package.sh'
[6.038s] INFO:colcon.colcon_core.shell:Creating package script '/home/songdavid/urp_ws1/install/urp_cvt_sampling/share/urp_cvt_sampling/package.bash'
[6.038s] INFO:colcon.colcon_core.shell:Creating package script '/home/songdavid/urp_ws1/install/urp_cvt_sampling/share/urp_cvt_sampling/package.zsh'
[6.039s] Level 1:colcon.colcon_core.environment:create_file_with_runtime_dependencies(/home/songdavid/urp_ws1/install/urp_cvt_sampling/share/colcon-core/packages/urp_cvt_sampling)
[6.039s] DEBUG:colcon.colcon_parallel_executor.executor.parallel:closing loop
[6.039s] DEBUG:colcon.colcon_parallel_executor.executor.parallel:loop closed
[6.039s] DEBUG:colcon.colcon_parallel_executor.executor.parallel:run_until_complete finished with '0'
[6.039s] DEBUG:colcon.colcon_core.event_reactor:joining thread
[6.045s] INFO:colcon.colcon_core.plugin_system:Skipping extension 'colcon_notification.desktop_notification.terminal_notifier': Not used on non-Darwin systems
[6.045s] INFO:colcon.colcon_core.plugin_system:Skipping extension 'colcon_notification.desktop_notification.win32': Not used on non-Windows systems
[6.045s] INFO:colcon.colcon_notification.desktop_notification:Sending desktop notification using 'notify2'
[6.058s] DEBUG:colcon.colcon_core.event_reactor:joined thread
[6.059s] INFO:colcon.colcon_core.shell:Creating prefix script '/home/songdavid/urp_ws1/install/local_setup.ps1'
[6.060s] INFO:colcon.colcon_core.shell:Creating prefix util module '/home/songdavid/urp_ws1/install/_local_setup_util_ps1.py'
[6.061s] INFO:colcon.colcon_core.shell:Creating prefix chain script '/home/songdavid/urp_ws1/install/setup.ps1'
[6.063s] INFO:colcon.colcon_core.shell:Creating prefix script '/home/songdavid/urp_ws1/install/local_setup.sh'
[6.064s] INFO:colcon.colcon_core.shell:Creating prefix util module '/home/songdavid/urp_ws1/install/_local_setup_util_sh.py'
[6.064s] INFO:colcon.colcon_core.shell:Creating prefix chain script '/home/songdavid/urp_ws1/install/setup.sh'
[6.066s] INFO:colcon.colcon_core.shell:Creating prefix script '/home/songdavid/urp_ws1/install/local_setup.bash'
[6.067s] INFO:colcon.colcon_core.shell:Creating prefix chain script '/home/songdavid/urp_ws1/install/setup.bash'
[6.069s] INFO:colcon.colcon_core.shell:Creating prefix script '/home/songdavid/urp_ws1/install/local_setup.zsh'
[6.070s] INFO:colcon.colcon_core.shell:Creating prefix chain script '/home/songdavid/urp_ws1/install/setup.zsh'
