/home/songdavid/urp_ws1/install/urp_cvt_sampling/lib/python3.10/site-packages/urp_cvt_sampling/cvt.py
/home/songdavid/urp_ws1/install/urp_cvt_sampling/lib/python3.10/site-packages/urp_cvt_sampling/utils.py
/home/songdavid/urp_ws1/install/urp_cvt_sampling/lib/python3.10/site-packages/urp_cvt_sampling/path_planner_node.py
/home/songdavid/urp_ws1/install/urp_cvt_sampling/lib/python3.10/site-packages/urp_cvt_sampling/__init__.py
/home/songdavid/urp_ws1/install/urp_cvt_sampling/lib/python3.10/site-packages/urp_cvt_sampling/pds.py
/home/songdavid/urp_ws1/install/urp_cvt_sampling/lib/python3.10/site-packages/urp_cvt_sampling/utils_surface.py
/home/songdavid/urp_ws1/install/urp_cvt_sampling/lib/python3.10/site-packages/urp_cvt_sampling/cvt_sampler_node.py
/home/songdavid/urp_ws1/install/urp_cvt_sampling/lib/python3.10/site-packages/urp_cvt_sampling/cell_decomposition.py
/home/songdavid/urp_ws1/install/urp_cvt_sampling/lib/python3.10/site-packages/urp_cvt_sampling/__pycache__/cvt.cpython-310.pyc
/home/songdavid/urp_ws1/install/urp_cvt_sampling/lib/python3.10/site-packages/urp_cvt_sampling/__pycache__/utils.cpython-310.pyc
/home/songdavid/urp_ws1/install/urp_cvt_sampling/lib/python3.10/site-packages/urp_cvt_sampling/__pycache__/path_planner_node.cpython-310.pyc
/home/songdavid/urp_ws1/install/urp_cvt_sampling/lib/python3.10/site-packages/urp_cvt_sampling/__pycache__/__init__.cpython-310.pyc
/home/songdavid/urp_ws1/install/urp_cvt_sampling/lib/python3.10/site-packages/urp_cvt_sampling/__pycache__/pds.cpython-310.pyc
/home/songdavid/urp_ws1/install/urp_cvt_sampling/lib/python3.10/site-packages/urp_cvt_sampling/__pycache__/utils_surface.cpython-310.pyc
/home/songdavid/urp_ws1/install/urp_cvt_sampling/lib/python3.10/site-packages/urp_cvt_sampling/__pycache__/cvt_sampler_node.cpython-310.pyc
/home/songdavid/urp_ws1/install/urp_cvt_sampling/lib/python3.10/site-packages/urp_cvt_sampling/__pycache__/cell_decomposition.cpython-310.pyc
/home/songdavid/urp_ws1/install/urp_cvt_sampling/share/ament_index/resource_index/packages/urp_cvt_sampling
/home/songdavid/urp_ws1/install/urp_cvt_sampling/share/urp_cvt_sampling/package.xml
/home/songdavid/urp_ws1/install/urp_cvt_sampling/share/urp_cvt_sampling/launch/cvt_sampler.launch.py
/home/songdavid/urp_ws1/install/urp_cvt_sampling/lib/python3.10/site-packages/urp_cvt_sampling-0.0.1-py3.10.egg-info/SOURCES.txt
/home/songdavid/urp_ws1/install/urp_cvt_sampling/lib/python3.10/site-packages/urp_cvt_sampling-0.0.1-py3.10.egg-info/PKG-INFO
/home/songdavid/urp_ws1/install/urp_cvt_sampling/lib/python3.10/site-packages/urp_cvt_sampling-0.0.1-py3.10.egg-info/requires.txt
/home/songdavid/urp_ws1/install/urp_cvt_sampling/lib/python3.10/site-packages/urp_cvt_sampling-0.0.1-py3.10.egg-info/dependency_links.txt
/home/songdavid/urp_ws1/install/urp_cvt_sampling/lib/python3.10/site-packages/urp_cvt_sampling-0.0.1-py3.10.egg-info/top_level.txt
/home/songdavid/urp_ws1/install/urp_cvt_sampling/lib/python3.10/site-packages/urp_cvt_sampling-0.0.1-py3.10.egg-info/zip-safe
/home/songdavid/urp_ws1/install/urp_cvt_sampling/lib/python3.10/site-packages/urp_cvt_sampling-0.0.1-py3.10.egg-info/entry_points.txt
/home/songdavid/urp_ws1/install/urp_cvt_sampling/lib/urp_cvt_sampling/cvt_sampler_node
/home/songdavid/urp_ws1/install/urp_cvt_sampling/lib/urp_cvt_sampling/path_planner_node
